{"C:\\VKR\\workflow-app\\task-service\\src\\app.controller.ts": {"path":"C:\\VKR\\workflow-app\\task-service\\src\\app.controller.ts","statementMap":{"0":{"start":{"line":1,"column":0},"end":{"line":1,"column":49}},"1":{"start":{"line":2,"column":0},"end":{"line":2,"column":43}},"2":{"start":{"line":5,"column":7},"end":{"line":12,"column":null}},"3":{"start":{"line":6,"column":31},"end":{"line":6,"column":43}},"4":{"start":{"line":10,"column":4},"end":{"line":10,"column":38}},"5":{"start":{"line":5,"column":13},"end":{"line":5,"column":26}},"6":{"start":{"line":9,"column":2},"end":{"line":11,"column":null}},"7":{"start":{"line":5,"column":13},"end":{"line":12,"column":null}}},"fnMap":{"0":{"name":"(anonymous_2)","decl":{"start":{"line":6,"column":2},"end":{"line":6,"column":31}},"loc":{"start":{"line":6,"column":53},"end":{"line":6,"column":57}}},"1":{"name":"(anonymous_3)","decl":{"start":{"line":9,"column":2},"end":{"line":9,"column":10}},"loc":{"start":{"line":9,"column":10},"end":{"line":11,"column":3}}}},"branchMap":{"0":{"loc":{"start":{"line":6,"column":43},"end":{"line":6,"column":56}},"type":"cond-expr","locations":[{"start":{"line":6,"column":53},"end":{"line":6,"column":56}},{"start":{"line":6,"column":53},"end":{"line":6,"column":56}}]},"1":{"loc":{"start":{"line":6,"column":43},"end":{"line":6,"column":53}},"type":"binary-expr","locations":[{"start":{"line":6,"column":43},"end":{"line":6,"column":56}},{"start":{"line":6,"column":43},"end":{"line":6,"column":53}}]}},"s":{"0":0,"1":0,"2":0,"3":0,"4":0,"5":0,"6":0,"7":0},"f":{"0":0,"1":0},"b":{"0":[0,0],"1":[0,0]}}
,"C:\\VKR\\workflow-app\\task-service\\src\\app.module.ts": {"path":"C:\\VKR\\workflow-app\\task-service\\src\\app.module.ts","statementMap":{"0":{"start":{"line":2,"column":0},"end":{"line":2,"column":40}},"1":{"start":{"line":3,"column":0},"end":{"line":3,"column":48}},"2":{"start":{"line":4,"column":0},"end":{"line":4,"column":43}},"3":{"start":{"line":5,"column":0},"end":{"line":5,"column":56}},"4":{"start":{"line":6,"column":0},"end":{"line":6,"column":50}},"5":{"start":{"line":7,"column":0},"end":{"line":7,"column":46}},"6":{"start":{"line":8,"column":0},"end":{"line":8,"column":48}},"7":{"start":{"line":9,"column":0},"end":{"line":9,"column":50}},"8":{"start":{"line":10,"column":0},"end":{"line":10,"column":51}},"9":{"start":{"line":11,"column":0},"end":{"line":11,"column":48}},"10":{"start":{"line":12,"column":0},"end":{"line":12,"column":51}},"11":{"start":{"line":13,"column":0},"end":{"line":13,"column":59}},"12":{"start":{"line":14,"column":0},"end":{"line":14,"column":59}},"13":{"start":{"line":15,"column":0},"end":{"line":15,"column":53}},"14":{"start":{"line":38,"column":7},"end":{"line":38,"column":null}},"15":{"start":{"line":38,"column":13},"end":{"line":38,"column":22}},"16":{"start":{"line":38,"column":13},"end":{"line":38,"column":null}}},"fnMap":{},"branchMap":{"0":{"loc":{"start":{"line":22,"column":21},"end":{"line":22,"column":50}},"type":"binary-expr","locations":[{"start":{"line":22,"column":21},"end":{"line":22,"column":40}},{"start":{"line":22,"column":44},"end":{"line":22,"column":50}}]}},"s":{"0":0,"1":0,"2":0,"3":0,"4":0,"5":0,"6":0,"7":0,"8":0,"9":0,"10":0,"11":0,"12":0,"13":0,"14":0,"15":0,"16":0},"f":{},"b":{"0":[0,0]}}
,"C:\\VKR\\workflow-app\\task-service\\src\\app.service.ts": {"path":"C:\\VKR\\workflow-app\\task-service\\src\\app.service.ts","statementMap":{"0":{"start":{"line":1,"column":0},"end":{"line":1,"column":44}},"1":{"start":{"line":4,"column":7},"end":{"line":8,"column":null}},"2":{"start":{"line":6,"column":4},"end":{"line":6,"column":26}},"3":{"start":{"line":4,"column":13},"end":{"line":4,"column":23}},"4":{"start":{"line":4,"column":13},"end":{"line":8,"column":null}}},"fnMap":{"0":{"name":"(anonymous_1)","decl":{"start":{"line":5,"column":2},"end":{"line":5,"column":10}},"loc":{"start":{"line":5,"column":10},"end":{"line":7,"column":3}}}},"branchMap":{},"s":{"0":0,"1":0,"2":0,"3":0,"4":0},"f":{"0":0},"b":{}}
,"C:\\VKR\\workflow-app\\task-service\\src\\main.ts": {"path":"C:\\VKR\\workflow-app\\task-service\\src\\main.ts","statementMap":{"0":{"start":{"line":2,"column":0},"end":{"line":2,"column":43}},"1":{"start":{"line":3,"column":0},"end":{"line":3,"column":41}},"2":{"start":{"line":6,"column":14},"end":{"line":6,"column":49}},"3":{"start":{"line":9,"column":2},"end":{"line":13,"column":5}},"4":{"start":{"line":15,"column":2},"end":{"line":15,"column":45}},"5":{"start":{"line":17,"column":0},"end":{"line":17,"column":12}}},"fnMap":{"0":{"name":"bootstrap","decl":{"start":{"line":5,"column":15},"end":{"line":5,"column":24}},"loc":{"start":{"line":5,"column":24},"end":{"line":16,"column":1}}}},"branchMap":{"0":{"loc":{"start":{"line":15,"column":19},"end":{"line":15,"column":43}},"type":"binary-expr","locations":[{"start":{"line":15,"column":19},"end":{"line":15,"column":35}},{"start":{"line":15,"column":39},"end":{"line":15,"column":43}}]}},"s":{"0":0,"1":0,"2":0,"3":0,"4":0,"5":0},"f":{"0":0},"b":{"0":[0,0]}}
,"C:\\VKR\\workflow-app\\task-service\\src\\board\\board.controller.ts": {"path":"C:\\VKR\\workflow-app\\task-service\\src\\board\\board.controller.ts","statementMap":{"0":{"start":{"line":2,"column":0},"end":{"line":2,"column":124}},"1":{"start":{"line":3,"column":0},"end":{"line":3,"column":47}},"2":{"start":{"line":4,"column":0},"end":{"line":4,"column":49}},"3":{"start":{"line":7,"column":7},"end":{"line":43,"column":null}},"4":{"start":{"line":8,"column":31},"end":{"line":8,"column":45}},"5":{"start":{"line":12,"column":4},"end":{"line":12,"column":51}},"6":{"start":{"line":20,"column":4},"end":{"line":20,"column":81}},"7":{"start":{"line":28,"column":4},"end":{"line":28,"column":58}},"8":{"start":{"line":32,"column":18},"end":{"line":32,"column":63}},"9":{"start":{"line":33,"column":4},"end":{"line":35,"column":5}},"10":{"start":{"line":34,"column":6},"end":{"line":34,"column":53}},"11":{"start":{"line":37,"column":22},"end":{"line":37,"column":81}},"12":{"start":{"line":38,"column":4},"end":{"line":40,"column":5}},"13":{"start":{"line":39,"column":6},"end":{"line":39,"column":52}},"14":{"start":{"line":7,"column":13},"end":{"line":7,"column":28}},"15":{"start":{"line":11,"column":8},"end":{"line":13,"column":null}},"16":{"start":{"line":16,"column":8},"end":{"line":21,"column":null}},"17":{"start":{"line":24,"column":8},"end":{"line":29,"column":null}},"18":{"start":{"line":7,"column":13},"end":{"line":43,"column":null}}},"fnMap":{"0":{"name":"(anonymous_4)","decl":{"start":{"line":8,"column":2},"end":{"line":8,"column":31}},"loc":{"start":{"line":8,"column":57},"end":{"line":8,"column":61}}},"1":{"name":"(anonymous_5)","decl":{"start":{"line":11,"column":2},"end":{"line":11,"column":7}},"loc":{"start":{"line":11,"column":54},"end":{"line":13,"column":3}}},"2":{"name":"(anonymous_6)","decl":{"start":{"line":16,"column":2},"end":{"line":16,"column":7}},"loc":{"start":{"line":18,"column":40},"end":{"line":21,"column":3}}},"3":{"name":"(anonymous_7)","decl":{"start":{"line":24,"column":2},"end":{"line":24,"column":7}},"loc":{"start":{"line":26,"column":40},"end":{"line":29,"column":3}}},"4":{"name":"(anonymous_8)","decl":{"start":{"line":31,"column":10},"end":{"line":31,"column":15}},"loc":{"start":{"line":31,"column":64},"end":{"line":41,"column":3}}}},"branchMap":{"0":{"loc":{"start":{"line":33,"column":4},"end":{"line":35,"column":5}},"type":"if","locations":[{"start":{"line":33,"column":4},"end":{"line":35,"column":5}}]},"1":{"loc":{"start":{"line":37,"column":22},"end":{"line":37,"column":81}},"type":"binary-expr","locations":[{"start":{"line":37,"column":22},"end":{"line":37,"column":46}},{"start":{"line":37,"column":50},"end":{"line":37,"column":81}}]},"2":{"loc":{"start":{"line":38,"column":4},"end":{"line":40,"column":5}},"type":"if","locations":[{"start":{"line":38,"column":4},"end":{"line":40,"column":5}}]},"3":{"loc":{"start":{"line":17,"column":28},"end":{"line":17,"column":null}},"type":"cond-expr","locations":[{"start":{"line":17,"column":42},"end":{"line":17,"column":null}},{"start":{"line":17,"column":42},"end":{"line":17,"column":null}}]},"4":{"loc":{"start":{"line":17,"column":28},"end":{"line":17,"column":42}},"type":"binary-expr","locations":[{"start":{"line":17,"column":28},"end":{"line":17,"column":null}},{"start":{"line":17,"column":28},"end":{"line":17,"column":42}}]},"5":{"loc":{"start":{"line":8,"column":45},"end":{"line":8,"column":60}},"type":"cond-expr","locations":[{"start":{"line":8,"column":57},"end":{"line":8,"column":60}},{"start":{"line":8,"column":57},"end":{"line":8,"column":60}}]},"6":{"loc":{"start":{"line":8,"column":45},"end":{"line":8,"column":57}},"type":"binary-expr","locations":[{"start":{"line":8,"column":45},"end":{"line":8,"column":60}},{"start":{"line":8,"column":45},"end":{"line":8,"column":57}}]}},"s":{"0":0,"1":0,"2":0,"3":0,"4":0,"5":0,"6":0,"7":0,"8":0,"9":0,"10":0,"11":0,"12":0,"13":0,"14":0,"15":0,"16":0,"17":0,"18":0},"f":{"0":0,"1":0,"2":0,"3":0,"4":0},"b":{"0":[0],"1":[0,0],"2":[0],"3":[0,0],"4":[0,0],"5":[0,0],"6":[0,0]}}
,"C:\\VKR\\workflow-app\\task-service\\src\\board\\board.module.ts": {"path":"C:\\VKR\\workflow-app\\task-service\\src\\board\\board.module.ts","statementMap":{"0":{"start":{"line":2,"column":0},"end":{"line":2,"column":40}},"1":{"start":{"line":3,"column":0},"end":{"line":3,"column":48}},"2":{"start":{"line":4,"column":0},"end":{"line":4,"column":53}},"3":{"start":{"line":5,"column":0},"end":{"line":5,"column":47}},"4":{"start":{"line":6,"column":0},"end":{"line":6,"column":51}},"5":{"start":{"line":7,"column":0},"end":{"line":7,"column":47}},"6":{"start":{"line":8,"column":0},"end":{"line":8,"column":49}},"7":{"start":{"line":9,"column":0},"end":{"line":9,"column":43}},"8":{"start":{"line":20,"column":7},"end":{"line":20,"column":null}},"9":{"start":{"line":20,"column":13},"end":{"line":20,"column":24}},"10":{"start":{"line":20,"column":13},"end":{"line":20,"column":null}}},"fnMap":{},"branchMap":{},"s":{"0":0,"1":0,"2":0,"3":0,"4":0,"5":0,"6":0,"7":0,"8":0,"9":0,"10":0},"f":{},"b":{}}
,"C:\\VKR\\workflow-app\\task-service\\src\\board\\board.service.ts": {"path":"C:\\VKR\\workflow-app\\task-service\\src\\board\\board.service.ts","statementMap":{"0":{"start":{"line":2,"column":0},"end":{"line":2,"column":83}},"1":{"start":{"line":3,"column":0},"end":{"line":3,"column":51}},"2":{"start":{"line":4,"column":0},"end":{"line":4,"column":42}},"3":{"start":{"line":5,"column":0},"end":{"line":5,"column":47}},"4":{"start":{"line":6,"column":0},"end":{"line":6,"column":49}},"5":{"start":{"line":7,"column":0},"end":{"line":7,"column":51}},"6":{"start":{"line":9,"column":0},"end":{"line":9,"column":44}},"7":{"start":{"line":12,"column":7},"end":{"line":61,"column":null}},"8":{"start":{"line":15,"column":21},"end":{"line":15,"column":38}},"9":{"start":{"line":17,"column":21},"end":{"line":17,"column":39}},"10":{"start":{"line":19,"column":21},"end":{"line":19,"column":40}},"11":{"start":{"line":20,"column":21},"end":{"line":20,"column":34}},"12":{"start":{"line":24,"column":18},"end":{"line":24,"column":62}},"13":{"start":{"line":25,"column":4},"end":{"line":25,"column":45}},"14":{"start":{"line":29,"column":4},"end":{"line":36,"column":7}},"15":{"start":{"line":32,"column":32},"end":{"line":32,"column":53}},"16":{"start":{"line":40,"column":18},"end":{"line":43,"column":6}},"17":{"start":{"line":45,"column":4},"end":{"line":47,"column":5}},"18":{"start":{"line":46,"column":6},"end":{"line":46,"column":53}},"19":{"start":{"line":49,"column":4},"end":{"line":49,"column":17}},"20":{"start":{"line":52,"column":18},"end":{"line":52,"column":50}},"21":{"start":{"line":53,"column":8},"end":{"line":55,"column":9}},"22":{"start":{"line":54,"column":10},"end":{"line":54,"column":57}},"23":{"start":{"line":56,"column":8},"end":{"line":58,"column":9}},"24":{"start":{"line":57,"column":10},"end":{"line":57,"column":78}},"25":{"start":{"line":59,"column":4},"end":{"line":59,"column":47}},"26":{"start":{"line":12,"column":13},"end":{"line":12,"column":25}},"27":{"start":{"line":12,"column":13},"end":{"line":61,"column":null}}},"fnMap":{"0":{"name":"(anonymous_4)","decl":{"start":{"line":13,"column":2},"end":{"line":13,"column":null}},"loc":{"start":{"line":20,"column":45},"end":{"line":21,"column":6}}},"1":{"name":"(anonymous_5)","decl":{"start":{"line":23,"column":2},"end":{"line":23,"column":7}},"loc":{"start":{"line":23,"column":50},"end":{"line":26,"column":3}}},"2":{"name":"(anonymous_6)","decl":{"start":{"line":28,"column":2},"end":{"line":28,"column":7}},"loc":{"start":{"line":28,"column":36},"end":{"line":37,"column":3}}},"3":{"name":"(anonymous_7)","decl":{"start":{"line":32,"column":23},"end":{"line":32,"column":28}},"loc":{"start":{"line":32,"column":32},"end":{"line":32,"column":53}}},"4":{"name":"(anonymous_8)","decl":{"start":{"line":39,"column":2},"end":{"line":39,"column":7}},"loc":{"start":{"line":39,"column":36},"end":{"line":50,"column":3}}},"5":{"name":"(anonymous_9)","decl":{"start":{"line":51,"column":2},"end":{"line":51,"column":7}},"loc":{"start":{"line":51,"column":51},"end":{"line":60,"column":3}}}},"branchMap":{"0":{"loc":{"start":{"line":45,"column":4},"end":{"line":47,"column":5}},"type":"if","locations":[{"start":{"line":45,"column":4},"end":{"line":47,"column":5}}]},"1":{"loc":{"start":{"line":53,"column":8},"end":{"line":55,"column":9}},"type":"if","locations":[{"start":{"line":53,"column":8},"end":{"line":55,"column":9}}]},"2":{"loc":{"start":{"line":56,"column":8},"end":{"line":58,"column":9}},"type":"if","locations":[{"start":{"line":56,"column":8},"end":{"line":58,"column":9}}]},"3":{"loc":{"start":{"line":15,"column":38},"end":{"line":15,"column":54}},"type":"cond-expr","locations":[{"start":{"line":15,"column":48},"end":{"line":15,"column":54}},{"start":{"line":15,"column":48},"end":{"line":15,"column":54}}]},"4":{"loc":{"start":{"line":15,"column":38},"end":{"line":15,"column":48}},"type":"binary-expr","locations":[{"start":{"line":15,"column":38},"end":{"line":15,"column":54}},{"start":{"line":15,"column":38},"end":{"line":15,"column":48}}]},"5":{"loc":{"start":{"line":15,"column":48},"end":{"line":17,"column":56}},"type":"cond-expr","locations":[{"start":{"line":17,"column":49},"end":{"line":17,"column":56}},{"start":{"line":17,"column":49},"end":{"line":17,"column":56}}]},"6":{"loc":{"start":{"line":15,"column":48},"end":{"line":17,"column":49}},"type":"binary-expr","locations":[{"start":{"line":15,"column":48},"end":{"line":17,"column":56}},{"start":{"line":17,"column":39},"end":{"line":17,"column":49}}]},"7":{"loc":{"start":{"line":17,"column":49},"end":{"line":19,"column":58}},"type":"cond-expr","locations":[{"start":{"line":19,"column":50},"end":{"line":19,"column":58}},{"start":{"line":19,"column":50},"end":{"line":19,"column":58}}]},"8":{"loc":{"start":{"line":17,"column":49},"end":{"line":19,"column":50}},"type":"binary-expr","locations":[{"start":{"line":17,"column":49},"end":{"line":19,"column":58}},{"start":{"line":19,"column":40},"end":{"line":19,"column":50}}]},"9":{"loc":{"start":{"line":19,"column":50},"end":{"line":20,"column":null}},"type":"cond-expr","locations":[{"start":{"line":20,"column":45},"end":{"line":20,"column":null}},{"start":{"line":20,"column":45},"end":{"line":20,"column":null}}]},"10":{"loc":{"start":{"line":19,"column":50},"end":{"line":20,"column":45}},"type":"binary-expr","locations":[{"start":{"line":19,"column":50},"end":{"line":20,"column":null}},{"start":{"line":20,"column":34},"end":{"line":20,"column":45}}]}},"s":{"0":0,"1":0,"2":0,"3":0,"4":0,"5":0,"6":0,"7":0,"8":0,"9":0,"10":0,"11":0,"12":0,"13":0,"14":0,"15":0,"16":0,"17":0,"18":0,"19":0,"20":0,"21":0,"22":0,"23":0,"24":0,"25":0,"26":0,"27":0},"f":{"0":0,"1":0,"2":0,"3":0,"4":0,"5":0},"b":{"0":[0],"1":[0],"2":[0],"3":[0,0],"4":[0,0],"5":[0,0],"6":[0,0],"7":[0,0],"8":[0,0],"9":[0,0],"10":[0,0]}}
,"C:\\VKR\\workflow-app\\task-service\\src\\entities\\board.entity.ts": {"path":"C:\\VKR\\workflow-app\\task-service\\src\\entities\\board.entity.ts","statementMap":{"0":{"start":{"line":2,"column":0},"end":{"line":2,"column":94}},"1":{"start":{"line":3,"column":0},"end":{"line":3,"column":44}},"2":{"start":{"line":4,"column":0},"end":{"line":4,"column":37}},"3":{"start":{"line":5,"column":0},"end":{"line":5,"column":40}},"4":{"start":{"line":8,"column":7},"end":{"line":41,"column":null}},"5":{"start":{"line":8,"column":13},"end":{"line":8,"column":18}},"6":{"start":{"line":10,"column":2},"end":{"line":10,"column":null}},"7":{"start":{"line":13,"column":2},"end":{"line":13,"column":null}},"8":{"start":{"line":19,"column":2},"end":{"line":19,"column":null}},"9":{"start":{"line":22,"column":2},"end":{"line":22,"column":null}},"10":{"start":{"line":25,"column":2},"end":{"line":25,"column":null}},"11":{"start":{"line":28,"column":2},"end":{"line":28,"column":null}},"12":{"start":{"line":31,"column":2},"end":{"line":31,"column":null}},"13":{"start":{"line":34,"column":2},"end":{"line":34,"column":null}},"14":{"start":{"line":37,"column":2},"end":{"line":37,"column":null}},"15":{"start":{"line":36,"column":19},"end":{"line":36,"column":23}},"16":{"start":{"line":36,"column":33},"end":{"line":36,"column":43}},"17":{"start":{"line":40,"column":2},"end":{"line":40,"column":null}},"18":{"start":{"line":39,"column":19},"end":{"line":39,"column":25}},"19":{"start":{"line":39,"column":37},"end":{"line":39,"column":49}},"20":{"start":{"line":8,"column":13},"end":{"line":41,"column":null}}},"fnMap":{"0":{"name":"(anonymous_2)","decl":{"start":{"line":36,"column":13},"end":{"line":36,"column":16}},"loc":{"start":{"line":36,"column":19},"end":{"line":36,"column":23}}},"1":{"name":"(anonymous_3)","decl":{"start":{"line":36,"column":25},"end":{"line":36,"column":29}},"loc":{"start":{"line":36,"column":33},"end":{"line":36,"column":43}}},"2":{"name":"(anonymous_4)","decl":{"start":{"line":39,"column":13},"end":{"line":39,"column":16}},"loc":{"start":{"line":39,"column":19},"end":{"line":39,"column":25}}},"3":{"name":"(anonymous_5)","decl":{"start":{"line":39,"column":27},"end":{"line":39,"column":33}},"loc":{"start":{"line":39,"column":37},"end":{"line":39,"column":49}}}},"branchMap":{"0":{"loc":{"start":{"line":19,"column":8},"end":{"line":19,"column":18}},"type":"cond-expr","locations":[{"start":{"line":19,"column":17},"end":{"line":19,"column":18}},{"start":{"line":19,"column":17},"end":{"line":19,"column":18}}]},"1":{"loc":{"start":{"line":19,"column":8},"end":{"line":19,"column":17}},"type":"binary-expr","locations":[{"start":{"line":19,"column":8},"end":{"line":19,"column":18}},{"start":{"line":19,"column":8},"end":{"line":19,"column":17}}]},"2":{"loc":{"start":{"line":34,"column":13},"end":{"line":34,"column":18}},"type":"cond-expr","locations":[{"start":{"line":34,"column":17},"end":{"line":34,"column":18}},{"start":{"line":34,"column":17},"end":{"line":34,"column":18}}]},"3":{"loc":{"start":{"line":34,"column":13},"end":{"line":34,"column":17}},"type":"binary-expr","locations":[{"start":{"line":34,"column":13},"end":{"line":34,"column":18}},{"start":{"line":34,"column":13},"end":{"line":34,"column":17}}]}},"s":{"0":2,"1":2,"2":2,"3":2,"4":2,"5":2,"6":2,"7":2,"8":2,"9":2,"10":2,"11":2,"12":2,"13":2,"14":2,"15":0,"16":0,"17":2,"18":0,"19":0,"20":2},"f":{"0":0,"1":0,"2":0,"3":0},"b":{"0":[0,2],"1":[2,2],"2":[2,0],"3":[2,2]}}
,"C:\\VKR\\workflow-app\\task-service\\src\\entities\\sprint.entity.ts": {"path":"C:\\VKR\\workflow-app\\task-service\\src\\entities\\sprint.entity.ts","statementMap":{"0":{"start":{"line":2,"column":0},"end":{"line":2,"column":123}},"1":{"start":{"line":3,"column":0},"end":{"line":3,"column":47}},"2":{"start":{"line":4,"column":0},"end":{"line":4,"column":39}},"3":{"start":{"line":5,"column":0},"end":{"line":5,"column":37}},"4":{"start":{"line":8,"column":7},"end":{"line":60,"column":null}},"5":{"start":{"line":8,"column":13},"end":{"line":8,"column":19}},"6":{"start":{"line":10,"column":2},"end":{"line":10,"column":null}},"7":{"start":{"line":13,"column":2},"end":{"line":13,"column":null}},"8":{"start":{"line":16,"column":2},"end":{"line":16,"column":null}},"9":{"start":{"line":19,"column":2},"end":{"line":19,"column":null}},"10":{"start":{"line":22,"column":2},"end":{"line":22,"column":null}},"11":{"start":{"line":25,"column":2},"end":{"line":25,"column":null}},"12":{"start":{"line":32,"column":2},"end":{"line":32,"column":null}},"13":{"start":{"line":35,"column":2},"end":{"line":35,"column":null}},"14":{"start":{"line":38,"column":2},"end":{"line":38,"column":null}},"15":{"start":{"line":41,"column":2},"end":{"line":41,"column":null}},"16":{"start":{"line":44,"column":2},"end":{"line":44,"column":null}},"17":{"start":{"line":47,"column":2},"end":{"line":47,"column":null}},"18":{"start":{"line":50,"column":2},"end":{"line":50,"column":null}},"19":{"start":{"line":53,"column":2},"end":{"line":53,"column":null}},"20":{"start":{"line":56,"column":2},"end":{"line":56,"column":null}},"21":{"start":{"line":55,"column":19},"end":{"line":55,"column":24}},"22":{"start":{"line":55,"column":35},"end":{"line":55,"column":48}},"23":{"start":{"line":59,"column":2},"end":{"line":59,"column":null}},"24":{"start":{"line":58,"column":19},"end":{"line":58,"column":23}},"25":{"start":{"line":58,"column":33},"end":{"line":58,"column":44}},"26":{"start":{"line":8,"column":13},"end":{"line":60,"column":null}}},"fnMap":{"0":{"name":"(anonymous_2)","decl":{"start":{"line":55,"column":13},"end":{"line":55,"column":16}},"loc":{"start":{"line":55,"column":19},"end":{"line":55,"column":24}}},"1":{"name":"(anonymous_3)","decl":{"start":{"line":55,"column":26},"end":{"line":55,"column":31}},"loc":{"start":{"line":55,"column":35},"end":{"line":55,"column":48}}},"2":{"name":"(anonymous_4)","decl":{"start":{"line":58,"column":13},"end":{"line":58,"column":16}},"loc":{"start":{"line":58,"column":19},"end":{"line":58,"column":23}}},"3":{"name":"(anonymous_5)","decl":{"start":{"line":58,"column":25},"end":{"line":58,"column":29}},"loc":{"start":{"line":58,"column":33},"end":{"line":58,"column":44}}}},"branchMap":{"0":{"loc":{"start":{"line":19,"column":14},"end":{"line":19,"column":19}},"type":"cond-expr","locations":[{"start":{"line":19,"column":18},"end":{"line":19,"column":19}},{"start":{"line":19,"column":18},"end":{"line":19,"column":19}}]},"1":{"loc":{"start":{"line":19,"column":14},"end":{"line":19,"column":18}},"type":"binary-expr","locations":[{"start":{"line":19,"column":14},"end":{"line":19,"column":19}},{"start":{"line":19,"column":14},"end":{"line":19,"column":18}}]},"2":{"loc":{"start":{"line":22,"column":12},"end":{"line":22,"column":17}},"type":"cond-expr","locations":[{"start":{"line":22,"column":16},"end":{"line":22,"column":17}},{"start":{"line":22,"column":16},"end":{"line":22,"column":17}}]},"3":{"loc":{"start":{"line":22,"column":12},"end":{"line":22,"column":16}},"type":"binary-expr","locations":[{"start":{"line":22,"column":12},"end":{"line":22,"column":17}},{"start":{"line":22,"column":12},"end":{"line":22,"column":16}}]},"4":{"loc":{"start":{"line":32,"column":10},"end":{"line":32,"column":23}},"type":"cond-expr","locations":[{"start":{"line":32,"column":22},"end":{"line":32,"column":23}},{"start":{"line":32,"column":22},"end":{"line":32,"column":23}}]},"5":{"loc":{"start":{"line":32,"column":10},"end":{"line":32,"column":22}},"type":"binary-expr","locations":[{"start":{"line":32,"column":10},"end":{"line":32,"column":23}},{"start":{"line":32,"column":10},"end":{"line":32,"column":22}}]},"6":{"loc":{"start":{"line":47,"column":16},"end":{"line":47,"column":21}},"type":"cond-expr","locations":[{"start":{"line":47,"column":20},"end":{"line":47,"column":21}},{"start":{"line":47,"column":20},"end":{"line":47,"column":21}}]},"7":{"loc":{"start":{"line":47,"column":16},"end":{"line":47,"column":20}},"type":"binary-expr","locations":[{"start":{"line":47,"column":16},"end":{"line":47,"column":21}},{"start":{"line":47,"column":16},"end":{"line":47,"column":20}}]},"8":{"loc":{"start":{"line":50,"column":13},"end":{"line":50,"column":18}},"type":"cond-expr","locations":[{"start":{"line":50,"column":17},"end":{"line":50,"column":18}},{"start":{"line":50,"column":17},"end":{"line":50,"column":18}}]},"9":{"loc":{"start":{"line":50,"column":13},"end":{"line":50,"column":17}},"type":"binary-expr","locations":[{"start":{"line":50,"column":13},"end":{"line":50,"column":18}},{"start":{"line":50,"column":13},"end":{"line":50,"column":17}}]},"10":{"loc":{"start":{"line":53,"column":13},"end":{"line":53,"column":18}},"type":"cond-expr","locations":[{"start":{"line":53,"column":17},"end":{"line":53,"column":18}},{"start":{"line":53,"column":17},"end":{"line":53,"column":18}}]},"11":{"loc":{"start":{"line":53,"column":13},"end":{"line":53,"column":17}},"type":"binary-expr","locations":[{"start":{"line":53,"column":13},"end":{"line":53,"column":18}},{"start":{"line":53,"column":13},"end":{"line":53,"column":17}}]},"12":{"loc":{"start":{"line":56,"column":9},"end":{"line":56,"column":15}},"type":"cond-expr","locations":[{"start":{"line":56,"column":14},"end":{"line":56,"column":15}},{"start":{"line":56,"column":14},"end":{"line":56,"column":15}}]},"13":{"loc":{"start":{"line":56,"column":9},"end":{"line":56,"column":14}},"type":"binary-expr","locations":[{"start":{"line":56,"column":9},"end":{"line":56,"column":15}},{"start":{"line":56,"column":9},"end":{"line":56,"column":14}}]}},"s":{"0":2,"1":2,"2":2,"3":2,"4":2,"5":2,"6":2,"7":2,"8":2,"9":2,"10":2,"11":2,"12":2,"13":2,"14":2,"15":2,"16":2,"17":2,"18":2,"19":2,"20":2,"21":0,"22":0,"23":2,"24":0,"25":0,"26":2},"f":{"0":0,"1":0,"2":0,"3":0},"b":{"0":[2,0],"1":[2,2],"2":[2,0],"3":[2,2],"4":[0,2],"5":[2,2],"6":[2,0],"7":[2,2],"8":[2,0],"9":[2,2],"10":[2,0],"11":[2,2],"12":[0,2],"13":[2,0]}}
,"C:\\VKR\\workflow-app\\task-service\\src\\entities\\task.entity.ts": {"path":"C:\\VKR\\workflow-app\\task-service\\src\\entities\\task.entity.ts","statementMap":{"0":{"start":{"line":2,"column":0},"end":{"line":2,"column":112}},"1":{"start":{"line":3,"column":0},"end":{"line":3,"column":59}},"2":{"start":{"line":4,"column":0},"end":{"line":4,"column":39}},"3":{"start":{"line":5,"column":0},"end":{"line":5,"column":41}},"4":{"start":{"line":8,"column":7},"end":{"line":76,"column":null}},"5":{"start":{"line":8,"column":13},"end":{"line":8,"column":17}},"6":{"start":{"line":10,"column":2},"end":{"line":10,"column":null}},"7":{"start":{"line":13,"column":2},"end":{"line":13,"column":null}},"8":{"start":{"line":16,"column":2},"end":{"line":16,"column":null}},"9":{"start":{"line":23,"column":2},"end":{"line":23,"column":null}},"10":{"start":{"line":30,"column":2},"end":{"line":30,"column":null}},"11":{"start":{"line":33,"column":2},"end":{"line":33,"column":null}},"12":{"start":{"line":36,"column":2},"end":{"line":36,"column":null}},"13":{"start":{"line":39,"column":2},"end":{"line":39,"column":null}},"14":{"start":{"line":42,"column":2},"end":{"line":42,"column":null}},"15":{"start":{"line":45,"column":2},"end":{"line":45,"column":null}},"16":{"start":{"line":48,"column":2},"end":{"line":48,"column":null}},"17":{"start":{"line":51,"column":2},"end":{"line":51,"column":null}},"18":{"start":{"line":54,"column":2},"end":{"line":54,"column":null}},"19":{"start":{"line":57,"column":2},"end":{"line":57,"column":null}},"20":{"start":{"line":60,"column":2},"end":{"line":60,"column":null}},"21":{"start":{"line":63,"column":2},"end":{"line":63,"column":null}},"22":{"start":{"line":66,"column":2},"end":{"line":66,"column":null}},"23":{"start":{"line":69,"column":2},"end":{"line":69,"column":null}},"24":{"start":{"line":72,"column":2},"end":{"line":72,"column":null}},"25":{"start":{"line":71,"column":19},"end":{"line":71,"column":24}},"26":{"start":{"line":71,"column":35},"end":{"line":71,"column":46}},"27":{"start":{"line":75,"column":2},"end":{"line":75,"column":null}},"28":{"start":{"line":74,"column":19},"end":{"line":74,"column":25}},"29":{"start":{"line":74,"column":37},"end":{"line":74,"column":49}},"30":{"start":{"line":8,"column":13},"end":{"line":76,"column":null}}},"fnMap":{"0":{"name":"(anonymous_2)","decl":{"start":{"line":71,"column":13},"end":{"line":71,"column":16}},"loc":{"start":{"line":71,"column":19},"end":{"line":71,"column":24}}},"1":{"name":"(anonymous_3)","decl":{"start":{"line":71,"column":26},"end":{"line":71,"column":31}},"loc":{"start":{"line":71,"column":35},"end":{"line":71,"column":46}}},"2":{"name":"(anonymous_4)","decl":{"start":{"line":74,"column":13},"end":{"line":74,"column":16}},"loc":{"start":{"line":74,"column":19},"end":{"line":74,"column":25}}},"3":{"name":"(anonymous_5)","decl":{"start":{"line":74,"column":27},"end":{"line":74,"column":33}},"loc":{"start":{"line":74,"column":37},"end":{"line":74,"column":49}}}},"branchMap":{"0":{"loc":{"start":{"line":23,"column":10},"end":{"line":23,"column":21}},"type":"cond-expr","locations":[{"start":{"line":23,"column":20},"end":{"line":23,"column":21}},{"start":{"line":23,"column":20},"end":{"line":23,"column":21}}]},"1":{"loc":{"start":{"line":23,"column":10},"end":{"line":23,"column":20}},"type":"binary-expr","locations":[{"start":{"line":23,"column":10},"end":{"line":23,"column":21}},{"start":{"line":23,"column":10},"end":{"line":23,"column":20}}]},"2":{"loc":{"start":{"line":30,"column":13},"end":{"line":30,"column":26}},"type":"cond-expr","locations":[{"start":{"line":30,"column":25},"end":{"line":30,"column":26}},{"start":{"line":30,"column":25},"end":{"line":30,"column":26}}]},"3":{"loc":{"start":{"line":30,"column":13},"end":{"line":30,"column":25}},"type":"binary-expr","locations":[{"start":{"line":30,"column":13},"end":{"line":30,"column":26}},{"start":{"line":30,"column":13},"end":{"line":30,"column":25}}]},"4":{"loc":{"start":{"line":39,"column":12},"end":{"line":39,"column":17}},"type":"cond-expr","locations":[{"start":{"line":39,"column":16},"end":{"line":39,"column":17}},{"start":{"line":39,"column":16},"end":{"line":39,"column":17}}]},"5":{"loc":{"start":{"line":39,"column":12},"end":{"line":39,"column":16}},"type":"binary-expr","locations":[{"start":{"line":39,"column":12},"end":{"line":39,"column":17}},{"start":{"line":39,"column":12},"end":{"line":39,"column":16}}]},"6":{"loc":{"start":{"line":63,"column":16},"end":{"line":63,"column":21}},"type":"cond-expr","locations":[{"start":{"line":63,"column":20},"end":{"line":63,"column":21}},{"start":{"line":63,"column":20},"end":{"line":63,"column":21}}]},"7":{"loc":{"start":{"line":63,"column":16},"end":{"line":63,"column":20}},"type":"binary-expr","locations":[{"start":{"line":63,"column":16},"end":{"line":63,"column":21}},{"start":{"line":63,"column":16},"end":{"line":63,"column":20}}]},"8":{"loc":{"start":{"line":66,"column":14},"end":{"line":66,"column":19}},"type":"cond-expr","locations":[{"start":{"line":66,"column":18},"end":{"line":66,"column":19}},{"start":{"line":66,"column":18},"end":{"line":66,"column":19}}]},"9":{"loc":{"start":{"line":66,"column":14},"end":{"line":66,"column":18}},"type":"binary-expr","locations":[{"start":{"line":66,"column":14},"end":{"line":66,"column":19}},{"start":{"line":66,"column":14},"end":{"line":66,"column":18}}]},"10":{"loc":{"start":{"line":69,"column":14},"end":{"line":69,"column":19}},"type":"cond-expr","locations":[{"start":{"line":69,"column":18},"end":{"line":69,"column":19}},{"start":{"line":69,"column":18},"end":{"line":69,"column":19}}]},"11":{"loc":{"start":{"line":69,"column":14},"end":{"line":69,"column":18}},"type":"binary-expr","locations":[{"start":{"line":69,"column":14},"end":{"line":69,"column":19}},{"start":{"line":69,"column":14},"end":{"line":69,"column":18}}]},"12":{"loc":{"start":{"line":72,"column":10},"end":{"line":72,"column":16}},"type":"cond-expr","locations":[{"start":{"line":72,"column":15},"end":{"line":72,"column":16}},{"start":{"line":72,"column":15},"end":{"line":72,"column":16}}]},"13":{"loc":{"start":{"line":72,"column":10},"end":{"line":72,"column":15}},"type":"binary-expr","locations":[{"start":{"line":72,"column":10},"end":{"line":72,"column":16}},{"start":{"line":72,"column":10},"end":{"line":72,"column":15}}]},"14":{"loc":{"start":{"line":75,"column":11},"end":{"line":75,"column":18}},"type":"cond-expr","locations":[{"start":{"line":75,"column":17},"end":{"line":75,"column":18}},{"start":{"line":75,"column":17},"end":{"line":75,"column":18}}]},"15":{"loc":{"start":{"line":75,"column":11},"end":{"line":75,"column":17}},"type":"binary-expr","locations":[{"start":{"line":75,"column":11},"end":{"line":75,"column":18}},{"start":{"line":75,"column":11},"end":{"line":75,"column":17}}]}},"s":{"0":2,"1":2,"2":2,"3":2,"4":2,"5":2,"6":2,"7":2,"8":2,"9":2,"10":2,"11":2,"12":2,"13":2,"14":2,"15":2,"16":2,"17":2,"18":2,"19":2,"20":2,"21":2,"22":2,"23":2,"24":2,"25":0,"26":0,"27":2,"28":0,"29":0,"30":2},"f":{"0":0,"1":0,"2":0,"3":0},"b":{"0":[0,2],"1":[2,2],"2":[0,2],"3":[2,2],"4":[2,0],"5":[2,2],"6":[2,0],"7":[2,2],"8":[2,0],"9":[2,2],"10":[2,0],"11":[2,2],"12":[2,0],"13":[2,2],"14":[2,0],"15":[2,2]}}
,"C:\\VKR\\workflow-app\\task-service\\src\\fuzz\\jest-fuzz.config.ts": {"path":"C:\\VKR\\workflow-app\\task-service\\src\\fuzz\\jest-fuzz.config.ts","statementMap":{"0":{"start":{"line":2,"column":0},"end":{"line":51,"column":2}}},"fnMap":{},"branchMap":{},"s":{"0":0},"f":{},"b":{}}
,"C:\\VKR\\workflow-app\\task-service\\src\\fuzz\\task.fuzz.ts": {"path":"C:\\VKR\\workflow-app\\task-service\\src\\fuzz\\task.fuzz.ts","statementMap":{"0":{"start":{"line":7,"column":0},"end":{"line":7,"column":53}},"1":{"start":{"line":8,"column":0},"end":{"line":8,"column":51}},"2":{"start":{"line":9,"column":0},"end":{"line":9,"column":32}},"3":{"start":{"line":12,"column":20},"end":{"line":17,"column":2}},"4":{"start":{"line":21,"column":17},"end":{"line":28,"column":1}},"5":{"start":{"line":22,"column":19},"end":{"line":22,"column":69}},"6":{"start":{"line":22,"column":49},"end":{"line":22,"column":68}},"7":{"start":{"line":23,"column":2},"end":{"line":27,"column":3}},"8":{"start":{"line":24,"column":23},"end":{"line":24,"column":61}},"9":{"start":{"line":24,"column":41},"end":{"line":24,"column":49}},"10":{"start":{"line":25,"column":20},"end":{"line":25,"column":104}},"11":{"start":{"line":26,"column":4},"end":{"line":26,"column":69}},"12":{"start":{"line":30,"column":0},"end":{"line":81,"column":3}},"13":{"start":{"line":34,"column":2},"end":{"line":46,"column":5}},"14":{"start":{"line":35,"column":4},"end":{"line":35,"column":25}},"15":{"start":{"line":36,"column":4},"end":{"line":38,"column":6}},"16":{"start":{"line":39,"column":4},"end":{"line":45,"column":6}},"17":{"start":{"line":48,"column":2},"end":{"line":80,"column":5}},"18":{"start":{"line":49,"column":24},"end":{"line":49,"column":76}},"19":{"start":{"line":51,"column":4},"end":{"line":51,"column":54}},"20":{"start":{"line":52,"column":4},"end":{"line":52,"column":93}},"21":{"start":{"line":55,"column":4},"end":{"line":55,"column":41}},"22":{"start":{"line":57,"column":21},"end":{"line":57,"column":49}},"23":{"start":{"line":58,"column":19},"end":{"line":58,"column":46}},"24":{"start":{"line":61,"column":4},"end":{"line":63,"column":5}},"25":{"start":{"line":62,"column":6},"end":{"line":62,"column":33}},"26":{"start":{"line":65,"column":4},"end":{"line":79,"column":5}},"27":{"start":{"line":66,"column":21},"end":{"line":66,"column":58}},"28":{"start":{"line":69,"column":6},"end":{"line":69,"column":49}},"29":{"start":{"line":71,"column":6},"end":{"line":71,"column":35}},"30":{"start":{"line":73,"column":6},"end":{"line":76,"column":7}},"31":{"start":{"line":75,"column":8},"end":{"line":75,"column":49}},"32":{"start":{"line":78,"column":6},"end":{"line":78,"column":18}}},"fnMap":{"0":{"name":"(anonymous_0)","decl":{"start":{"line":21,"column":17},"end":{"line":21,"column":18}},"loc":{"start":{"line":21,"column":58},"end":{"line":28,"column":1}}},"1":{"name":"(anonymous_1)","decl":{"start":{"line":22,"column":38},"end":{"line":22,"column":45}},"loc":{"start":{"line":22,"column":49},"end":{"line":22,"column":68}}},"2":{"name":"(anonymous_2)","decl":{"start":{"line":24,"column":36},"end":{"line":24,"column":37}},"loc":{"start":{"line":24,"column":41},"end":{"line":24,"column":49}}},"3":{"name":"(anonymous_3)","decl":{"start":{"line":30,"column":48},"end":{"line":30,"column":51}},"loc":{"start":{"line":30,"column":53},"end":{"line":81,"column":1}}},"4":{"name":"(anonymous_4)","decl":{"start":{"line":34,"column":13},"end":{"line":34,"column":16}},"loc":{"start":{"line":34,"column":18},"end":{"line":46,"column":3}}},"5":{"name":"(anonymous_5)","decl":{"start":{"line":48,"column":41},"end":{"line":48,"column":46}},"loc":{"start":{"line":48,"column":64},"end":{"line":80,"column":3}}}},"branchMap":{"0":{"loc":{"start":{"line":23,"column":2},"end":{"line":27,"column":3}},"type":"if","locations":[{"start":{"line":23,"column":2},"end":{"line":27,"column":3}}]},"1":{"loc":{"start":{"line":25,"column":20},"end":{"line":25,"column":104}},"type":"cond-expr","locations":[{"start":{"line":25,"column":29},"end":{"line":25,"column":61}},{"start":{"line":25,"column":64},"end":{"line":25,"column":104}}]},"2":{"loc":{"start":{"line":61,"column":4},"end":{"line":63,"column":5}},"type":"if","locations":[{"start":{"line":61,"column":4},"end":{"line":63,"column":5}}]},"3":{"loc":{"start":{"line":73,"column":6},"end":{"line":76,"column":7}},"type":"if","locations":[{"start":{"line":73,"column":6},"end":{"line":76,"column":7}}]}},"s":{"0":0,"1":0,"2":0,"3":0,"4":0,"5":0,"6":0,"7":0,"8":0,"9":0,"10":0,"11":0,"12":0,"13":0,"14":0,"15":0,"16":0,"17":0,"18":0,"19":0,"20":0,"21":0,"22":0,"23":0,"24":0,"25":0,"26":0,"27":0,"28":0,"29":0,"30":0,"31":0,"32":0},"f":{"0":0,"1":0,"2":0,"3":0,"4":0,"5":0},"b":{"0":[0],"1":[0,0],"2":[0],"3":[0]}}
,"C:\\VKR\\workflow-app\\task-service\\src\\scrum\\scrum.controller.ts": {"path":"C:\\VKR\\workflow-app\\task-service\\src\\scrum\\scrum.controller.ts","statementMap":{"0":{"start":{"line":2,"column":0},"end":{"line":2,"column":90}},"1":{"start":{"line":3,"column":0},"end":{"line":3,"column":47}},"2":{"start":{"line":4,"column":0},"end":{"line":4,"column":81}},"3":{"start":{"line":7,"column":7},"end":{"line":63,"column":null}},"4":{"start":{"line":9,"column":21},"end":{"line":9,"column":35}},"5":{"start":{"line":14,"column":8},"end":{"line":14,"column":63}},"6":{"start":{"line":21,"column":8},"end":{"line":21,"column":null}},"7":{"start":{"line":28,"column":8},"end":{"line":28,"column":61}},"8":{"start":{"line":33,"column":8},"end":{"line":33,"column":58}},"9":{"start":{"line":38,"column":8},"end":{"line":38,"column":70}},"10":{"start":{"line":43,"column":8},"end":{"line":43,"column":58}},"11":{"start":{"line":48,"column":8},"end":{"line":48,"column":69}},"12":{"start":{"line":53,"column":8},"end":{"line":53,"column":56}},"13":{"start":{"line":60,"column":8},"end":{"line":60,"column":70}},"14":{"start":{"line":7,"column":13},"end":{"line":7,"column":28}},"15":{"start":{"line":13,"column":10},"end":{"line":15,"column":null}},"16":{"start":{"line":18,"column":10},"end":{"line":22,"column":null}},"17":{"start":{"line":25,"column":10},"end":{"line":29,"column":null}},"18":{"start":{"line":32,"column":10},"end":{"line":34,"column":null}},"19":{"start":{"line":37,"column":10},"end":{"line":39,"column":null}},"20":{"start":{"line":42,"column":10},"end":{"line":44,"column":null}},"21":{"start":{"line":47,"column":10},"end":{"line":49,"column":null}},"22":{"start":{"line":52,"column":10},"end":{"line":54,"column":null}},"23":{"start":{"line":56,"column":14},"end":{"line":61,"column":null}},"24":{"start":{"line":7,"column":13},"end":{"line":63,"column":null}}},"fnMap":{"0":{"name":"(anonymous_4)","decl":{"start":{"line":8,"column":2},"end":{"line":8,"column":null}},"loc":{"start":{"line":9,"column":47},"end":{"line":10,"column":4}}},"1":{"name":"(anonymous_5)","decl":{"start":{"line":13,"column":4},"end":{"line":13,"column":9}},"loc":{"start":{"line":13,"column":63},"end":{"line":15,"column":5}}},"2":{"name":"(anonymous_6)","decl":{"start":{"line":18,"column":4},"end":{"line":18,"column":9}},"loc":{"start":{"line":20,"column":48},"end":{"line":22,"column":5}}},"3":{"name":"(anonymous_7)","decl":{"start":{"line":25,"column":4},"end":{"line":25,"column":9}},"loc":{"start":{"line":27,"column":44},"end":{"line":29,"column":5}}},"4":{"name":"(anonymous_8)","decl":{"start":{"line":32,"column":4},"end":{"line":32,"column":9}},"loc":{"start":{"line":32,"column":59},"end":{"line":34,"column":5}}},"5":{"name":"(anonymous_9)","decl":{"start":{"line":37,"column":4},"end":{"line":37,"column":9}},"loc":{"start":{"line":37,"column":102},"end":{"line":39,"column":5}}},"6":{"name":"(anonymous_10)","decl":{"start":{"line":42,"column":4},"end":{"line":42,"column":9}},"loc":{"start":{"line":42,"column":60},"end":{"line":44,"column":5}}},"7":{"name":"(anonymous_11)","decl":{"start":{"line":47,"column":4},"end":{"line":47,"column":9}},"loc":{"start":{"line":47,"column":98},"end":{"line":49,"column":5}}},"8":{"name":"(anonymous_12)","decl":{"start":{"line":52,"column":4},"end":{"line":52,"column":9}},"loc":{"start":{"line":52,"column":58},"end":{"line":54,"column":5}}},"9":{"name":"(anonymous_13)","decl":{"start":{"line":56,"column":8},"end":{"line":56,"column":13}},"loc":{"start":{"line":58,"column":78},"end":{"line":61,"column":5}}}},"branchMap":{"0":{"loc":{"start":{"line":13,"column":48},"end":{"line":13,"column":null}},"type":"cond-expr","locations":[{"start":{"line":13,"column":63},"end":{"line":13,"column":null}},{"start":{"line":13,"column":63},"end":{"line":13,"column":null}}]},"1":{"loc":{"start":{"line":13,"column":48},"end":{"line":13,"column":63}},"type":"binary-expr","locations":[{"start":{"line":13,"column":48},"end":{"line":13,"column":null}},{"start":{"line":13,"column":48},"end":{"line":13,"column":63}}]},"2":{"loc":{"start":{"line":20,"column":33},"end":{"line":20,"column":null}},"type":"cond-expr","locations":[{"start":{"line":20,"column":48},"end":{"line":20,"column":null}},{"start":{"line":20,"column":48},"end":{"line":20,"column":null}}]},"3":{"loc":{"start":{"line":20,"column":33},"end":{"line":20,"column":48}},"type":"binary-expr","locations":[{"start":{"line":20,"column":33},"end":{"line":20,"column":null}},{"start":{"line":20,"column":33},"end":{"line":20,"column":48}}]},"4":{"loc":{"start":{"line":37,"column":90},"end":{"line":37,"column":null}},"type":"cond-expr","locations":[{"start":{"line":37,"column":102},"end":{"line":37,"column":null}},{"start":{"line":37,"column":102},"end":{"line":37,"column":null}}]},"5":{"loc":{"start":{"line":37,"column":90},"end":{"line":37,"column":102}},"type":"binary-expr","locations":[{"start":{"line":37,"column":90},"end":{"line":37,"column":null}},{"start":{"line":37,"column":90},"end":{"line":37,"column":102}}]},"6":{"loc":{"start":{"line":9,"column":35},"end":{"line":9,"column":null}},"type":"cond-expr","locations":[{"start":{"line":9,"column":47},"end":{"line":9,"column":null}},{"start":{"line":9,"column":47},"end":{"line":9,"column":null}}]},"7":{"loc":{"start":{"line":9,"column":35},"end":{"line":9,"column":47}},"type":"binary-expr","locations":[{"start":{"line":9,"column":35},"end":{"line":9,"column":null}},{"start":{"line":9,"column":35},"end":{"line":9,"column":47}}]}},"s":{"0":0,"1":0,"2":0,"3":0,"4":0,"5":0,"6":0,"7":0,"8":0,"9":0,"10":0,"11":0,"12":0,"13":0,"14":0,"15":0,"16":0,"17":0,"18":0,"19":0,"20":0,"21":0,"22":0,"23":0,"24":0},"f":{"0":0,"1":0,"2":0,"3":0,"4":0,"5":0,"6":0,"7":0,"8":0,"9":0},"b":{"0":[0,0],"1":[0,0],"2":[0,0],"3":[0,0],"4":[0,0],"5":[0,0],"6":[0,0],"7":[0,0]}}
,"C:\\VKR\\workflow-app\\task-service\\src\\scrum\\scrum.module.ts": {"path":"C:\\VKR\\workflow-app\\task-service\\src\\scrum\\scrum.module.ts","statementMap":{"0":{"start":{"line":2,"column":0},"end":{"line":2,"column":40}},"1":{"start":{"line":3,"column":0},"end":{"line":3,"column":48}},"2":{"start":{"line":4,"column":0},"end":{"line":4,"column":53}},"3":{"start":{"line":5,"column":0},"end":{"line":5,"column":47}},"4":{"start":{"line":6,"column":0},"end":{"line":6,"column":51}},"5":{"start":{"line":7,"column":0},"end":{"line":7,"column":47}},"6":{"start":{"line":8,"column":0},"end":{"line":8,"column":49}},"7":{"start":{"line":9,"column":0},"end":{"line":9,"column":43}},"8":{"start":{"line":20,"column":7},"end":{"line":20,"column":null}},"9":{"start":{"line":20,"column":13},"end":{"line":20,"column":24}},"10":{"start":{"line":20,"column":13},"end":{"line":20,"column":null}}},"fnMap":{},"branchMap":{},"s":{"0":0,"1":0,"2":0,"3":0,"4":0,"5":0,"6":0,"7":0,"8":0,"9":0,"10":0},"f":{},"b":{}}
,"C:\\VKR\\workflow-app\\task-service\\src\\scrum\\scrum.service.ts": {"path":"C:\\VKR\\workflow-app\\task-service\\src\\scrum\\scrum.service.ts","statementMap":{"0":{"start":{"line":2,"column":0},"end":{"line":2,"column":63}},"1":{"start":{"line":3,"column":0},"end":{"line":3,"column":51}},"2":{"start":{"line":4,"column":0},"end":{"line":4,"column":37}},"3":{"start":{"line":5,"column":0},"end":{"line":5,"column":51}},"4":{"start":{"line":6,"column":0},"end":{"line":6,"column":47}},"5":{"start":{"line":7,"column":0},"end":{"line":7,"column":49}},"6":{"start":{"line":8,"column":0},"end":{"line":8,"column":106}},"7":{"start":{"line":9,"column":0},"end":{"line":9,"column":44}},"8":{"start":{"line":13,"column":7},"end":{"line":304,"column":null}},"9":{"start":{"line":16,"column":25},"end":{"line":16,"column":44}},"10":{"start":{"line":18,"column":25},"end":{"line":18,"column":42}},"11":{"start":{"line":20,"column":25},"end":{"line":20,"column":43}},"12":{"start":{"line":21,"column":25},"end":{"line":21,"column":38}},"13":{"start":{"line":25,"column":22},"end":{"line":25,"column":101}},"14":{"start":{"line":26,"column":8},"end":{"line":28,"column":9}},"15":{"start":{"line":27,"column":8},"end":{"line":27,"column":55}},"16":{"start":{"line":31,"column":23},"end":{"line":34,"column":10}},"17":{"start":{"line":35,"column":28},"end":{"line":35,"column":69}},"18":{"start":{"line":38,"column":8},"end":{"line":38,"column":56}},"19":{"start":{"line":40,"column":8},"end":{"line":40,"column":52}},"20":{"start":{"line":42,"column":8},"end":{"line":42,"column":27}},"21":{"start":{"line":46,"column":22},"end":{"line":48,"column":10}},"22":{"start":{"line":50,"column":8},"end":{"line":53,"column":9}},"23":{"start":{"line":51,"column":12},"end":{"line":51,"column":86}},"24":{"start":{"line":52,"column":12},"end":{"line":52,"column":19}},"25":{"start":{"line":56,"column":27},"end":{"line":56,"column":44}},"26":{"start":{"line":59,"column":8},"end":{"line":61,"column":9}},"27":{"start":{"line":60,"column":12},"end":{"line":60,"column":49}},"28":{"start":{"line":64,"column":8},"end":{"line":66,"column":9}},"29":{"start":{"line":65,"column":12},"end":{"line":65,"column":77}},"30":{"start":{"line":65,"column":51},"end":{"line":65,"column":75}},"31":{"start":{"line":69,"column":8},"end":{"line":71,"column":9}},"32":{"start":{"line":70,"column":12},"end":{"line":70,"column":31}},"33":{"start":{"line":74,"column":27},"end":{"line":75,"column":null}},"34":{"start":{"line":75,"column":24},"end":{"line":75,"column":57}},"35":{"start":{"line":78,"column":8},"end":{"line":83,"column":9}},"36":{"start":{"line":79,"column":12},"end":{"line":79,"column":62}},"37":{"start":{"line":80,"column":12},"end":{"line":80,"column":52}},"38":{"start":{"line":82,"column":12},"end":{"line":82,"column":96}},"39":{"start":{"line":87,"column":8},"end":{"line":90,"column":11}},"40":{"start":{"line":94,"column":23},"end":{"line":94,"column":110}},"41":{"start":{"line":95,"column":8},"end":{"line":97,"column":9}},"42":{"start":{"line":96,"column":8},"end":{"line":96,"column":56}},"43":{"start":{"line":99,"column":8},"end":{"line":109,"column":9}},"44":{"start":{"line":101,"column":30},"end":{"line":101,"column":31}},"45":{"start":{"line":102,"column":8},"end":{"line":106,"column":11}},"46":{"start":{"line":103,"column":12},"end":{"line":105,"column":13}},"47":{"start":{"line":104,"column":12},"end":{"line":104,"column":48}},"48":{"start":{"line":107,"column":8},"end":{"line":107,"column":49}},"49":{"start":{"line":108,"column":8},"end":{"line":108,"column":42}},"50":{"start":{"line":111,"column":8},"end":{"line":111,"column":31}},"51":{"start":{"line":112,"column":8},"end":{"line":112,"column":51}},"52":{"start":{"line":116,"column":23},"end":{"line":119,"column":10}},"53":{"start":{"line":120,"column":8},"end":{"line":122,"column":9}},"54":{"start":{"line":121,"column":8},"end":{"line":121,"column":56}},"55":{"start":{"line":124,"column":22},"end":{"line":124,"column":34}},"56":{"start":{"line":125,"column":26},"end":{"line":125,"column":27}},"57":{"start":{"line":126,"column":30},"end":{"line":126,"column":31}},"58":{"start":{"line":127,"column":29},"end":{"line":127,"column":30}},"59":{"start":{"line":128,"column":8},"end":{"line":135,"column":11}},"60":{"start":{"line":129,"column":23},"end":{"line":129,"column":44}},"61":{"start":{"line":130,"column":8},"end":{"line":130,"column":30}},"62":{"start":{"line":131,"column":8},"end":{"line":134,"column":9}},"63":{"start":{"line":132,"column":12},"end":{"line":132,"column":38}},"64":{"start":{"line":133,"column":12},"end":{"line":133,"column":32}},"65":{"start":{"line":137,"column":32},"end":{"line":137,"column":61}},"66":{"start":{"line":139,"column":8},"end":{"line":145,"column":10}},"67":{"start":{"line":149,"column":8},"end":{"line":162,"column":9}},"68":{"start":{"line":150,"column":8},"end":{"line":161,"column":15}},"69":{"start":{"line":158,"column":12},"end":{"line":160,"column":null}},"70":{"start":{"line":159,"column":16},"end":{"line":160,"column":82}},"71":{"start":{"line":164,"column":8},"end":{"line":168,"column":11}},"72":{"start":{"line":172,"column":23},"end":{"line":172,"column":110}},"73":{"start":{"line":173,"column":8},"end":{"line":175,"column":9}},"74":{"start":{"line":174,"column":8},"end":{"line":174,"column":56}},"75":{"start":{"line":177,"column":8},"end":{"line":177,"column":65}},"76":{"start":{"line":181,"column":23},"end":{"line":184,"column":10}},"77":{"start":{"line":186,"column":8},"end":{"line":188,"column":9}},"78":{"start":{"line":187,"column":12},"end":{"line":187,"column":60}},"79":{"start":{"line":191,"column":8},"end":{"line":196,"column":9}},"80":{"start":{"line":192,"column":12},"end":{"line":195,"column":14}},"81":{"start":{"line":193,"column":37},"end":{"line":193,"column":44}},"82":{"start":{"line":198,"column":8},"end":{"line":198,"column":52}},"83":{"start":{"line":202,"column":23},"end":{"line":202,"column":88}},"84":{"start":{"line":203,"column":8},"end":{"line":205,"column":9}},"85":{"start":{"line":204,"column":12},"end":{"line":204,"column":60}},"86":{"start":{"line":208,"column":8},"end":{"line":208,"column":54}},"87":{"start":{"line":209,"column":8},"end":{"line":209,"column":50}},"88":{"start":{"line":211,"column":30},"end":{"line":211,"column":71}},"89":{"start":{"line":214,"column":8},"end":{"line":214,"column":58}},"90":{"start":{"line":216,"column":8},"end":{"line":216,"column":29}},"91":{"start":{"line":220,"column":23},"end":{"line":220,"column":88}},"92":{"start":{"line":221,"column":8},"end":{"line":223,"column":9}},"93":{"start":{"line":222,"column":10},"end":{"line":222,"column":58}},"94":{"start":{"line":226,"column":8},"end":{"line":226,"column":47}},"95":{"start":{"line":227,"column":8},"end":{"line":227,"column":38}},"96":{"start":{"line":229,"column":8},"end":{"line":229,"column":57}},"97":{"start":{"line":233,"column":27},"end":{"line":233,"column":88}},"98":{"start":{"line":234,"column":12},"end":{"line":236,"column":13}},"99":{"start":{"line":235,"column":12},"end":{"line":235,"column":76}},"100":{"start":{"line":238,"column":12},"end":{"line":241,"column":15}},"101":{"start":{"line":243,"column":34},"end":{"line":243,"column":99}},"102":{"start":{"line":244,"column":12},"end":{"line":246,"column":13}},"103":{"start":{"line":245,"column":16},"end":{"line":245,"column":65}},"104":{"start":{"line":248,"column":26},"end":{"line":248,"column":82}},"105":{"start":{"line":249,"column":12},"end":{"line":263,"column":13}},"106":{"start":{"line":250,"column":12},"end":{"line":262,"column":13}},"107":{"start":{"line":252,"column":16},"end":{"line":255,"column":19}},"108":{"start":{"line":258,"column":16},"end":{"line":261,"column":19}},"109":{"start":{"line":265,"column":12},"end":{"line":265,"column":33}},"110":{"start":{"line":269,"column":8},"end":{"line":302,"column":9}},"111":{"start":{"line":271,"column":32},"end":{"line":271,"column":49}},"112":{"start":{"line":273,"column":12},"end":{"line":275,"column":13}},"113":{"start":{"line":274,"column":16},"end":{"line":274,"column":54}},"114":{"start":{"line":277,"column":12},"end":{"line":279,"column":13}},"115":{"start":{"line":278,"column":16},"end":{"line":278,"column":82}},"116":{"start":{"line":278,"column":55},"end":{"line":278,"column":80}},"117":{"start":{"line":281,"column":33},"end":{"line":281,"column":56}},"118":{"start":{"line":283,"column":12},"end":{"line":286,"column":13}},"119":{"start":{"line":284,"column":16},"end":{"line":284,"column":80}},"120":{"start":{"line":285,"column":16},"end":{"line":285,"column":23}},"121":{"start":{"line":289,"column":12},"end":{"line":296,"column":14}},"122":{"start":{"line":298,"column":12},"end":{"line":298,"column":127}},"123":{"start":{"line":301,"column":12},"end":{"line":301,"column":88}},"124":{"start":{"line":13,"column":13},"end":{"line":13,"column":25}},"125":{"start":{"line":13,"column":13},"end":{"line":304,"column":null}}},"fnMap":{"0":{"name":"(anonymous_4)","decl":{"start":{"line":14,"column":4},"end":{"line":14,"column":null}},"loc":{"start":{"line":21,"column":49},"end":{"line":22,"column":8}}},"1":{"name":"(anonymous_5)","decl":{"start":{"line":24,"column":4},"end":{"line":24,"column":9}},"loc":{"start":{"line":24,"column":55},"end":{"line":43,"column":5}}},"2":{"name":"(anonymous_6)","decl":{"start":{"line":45,"column":12},"end":{"line":45,"column":17}},"loc":{"start":{"line":45,"column":56},"end":{"line":84,"column":5}}},"3":{"name":"(anonymous_7)","decl":{"start":{"line":65,"column":39},"end":{"line":65,"column":47}},"loc":{"start":{"line":65,"column":51},"end":{"line":65,"column":75}}},"4":{"name":"(anonymous_8)","decl":{"start":{"line":75,"column":12},"end":{"line":75,"column":20}},"loc":{"start":{"line":75,"column":24},"end":{"line":75,"column":57}}},"5":{"name":"(anonymous_9)","decl":{"start":{"line":86,"column":4},"end":{"line":86,"column":9}},"loc":{"start":{"line":86,"column":41},"end":{"line":91,"column":5}}},"6":{"name":"(anonymous_10)","decl":{"start":{"line":93,"column":4},"end":{"line":93,"column":9}},"loc":{"start":{"line":93,"column":67},"end":{"line":113,"column":5}}},"7":{"name":"(anonymous_11)","decl":{"start":{"line":102,"column":29},"end":{"line":102,"column":33}},"loc":{"start":{"line":102,"column":36},"end":{"line":106,"column":9}}},"8":{"name":"(anonymous_12)","decl":{"start":{"line":115,"column":4},"end":{"line":115,"column":9}},"loc":{"start":{"line":115,"column":41},"end":{"line":146,"column":5}}},"9":{"name":"(anonymous_13)","decl":{"start":{"line":128,"column":22},"end":{"line":128,"column":26}},"loc":{"start":{"line":128,"column":29},"end":{"line":135,"column":9}}},"10":{"name":"(anonymous_14)","decl":{"start":{"line":148,"column":4},"end":{"line":148,"column":9}},"loc":{"start":{"line":148,"column":60},"end":{"line":169,"column":5}}},"11":{"name":"(anonymous_15)","decl":{"start":{"line":157,"column":16},"end":{"line":157,"column":23}},"loc":{"start":{"line":158,"column":12},"end":{"line":160,"column":null}}},"12":{"name":"(anonymous_16)","decl":{"start":{"line":158,"column":27},"end":{"line":158,"column":33}},"loc":{"start":{"line":159,"column":16},"end":{"line":160,"column":82}}},"13":{"name":"(anonymous_17)","decl":{"start":{"line":171,"column":4},"end":{"line":171,"column":9}},"loc":{"start":{"line":171,"column":62},"end":{"line":178,"column":5}}},"14":{"name":"(anonymous_18)","decl":{"start":{"line":180,"column":4},"end":{"line":180,"column":9}},"loc":{"start":{"line":180,"column":39},"end":{"line":199,"column":5}}},"15":{"name":"(anonymous_19)","decl":{"start":{"line":193,"column":29},"end":{"line":193,"column":33}},"loc":{"start":{"line":193,"column":37},"end":{"line":193,"column":44}}},"16":{"name":"(anonymous_20)","decl":{"start":{"line":201,"column":4},"end":{"line":201,"column":9}},"loc":{"start":{"line":201,"column":103},"end":{"line":217,"column":6}}},"17":{"name":"(anonymous_21)","decl":{"start":{"line":219,"column":4},"end":{"line":219,"column":9}},"loc":{"start":{"line":219,"column":73},"end":{"line":230,"column":5}}},"18":{"name":"(anonymous_22)","decl":{"start":{"line":232,"column":4},"end":{"line":232,"column":9}},"loc":{"start":{"line":232,"column":75},"end":{"line":266,"column":9}}},"19":{"name":"(anonymous_23)","decl":{"start":{"line":268,"column":12},"end":{"line":268,"column":17}},"loc":{"start":{"line":268,"column":52},"end":{"line":303,"column":5}}},"20":{"name":"(anonymous_24)","decl":{"start":{"line":278,"column":43},"end":{"line":278,"column":51}},"loc":{"start":{"line":278,"column":55},"end":{"line":278,"column":80}}}},"branchMap":{"0":{"loc":{"start":{"line":26,"column":8},"end":{"line":28,"column":9}},"type":"if","locations":[{"start":{"line":26,"column":8},"end":{"line":28,"column":9}}]},"1":{"loc":{"start":{"line":50,"column":8},"end":{"line":53,"column":9}},"type":"if","locations":[{"start":{"line":50,"column":8},"end":{"line":53,"column":9}}]},"2":{"loc":{"start":{"line":59,"column":8},"end":{"line":61,"column":9}},"type":"if","locations":[{"start":{"line":59,"column":8},"end":{"line":61,"column":9}}]},"3":{"loc":{"start":{"line":64,"column":8},"end":{"line":66,"column":9}},"type":"if","locations":[{"start":{"line":64,"column":8},"end":{"line":66,"column":9}}]},"4":{"loc":{"start":{"line":64,"column":12},"end":{"line":64,"column":63}},"type":"binary-expr","locations":[{"start":{"line":64,"column":12},"end":{"line":64,"column":30}},{"start":{"line":64,"column":34},"end":{"line":64,"column":63}}]},"5":{"loc":{"start":{"line":69,"column":8},"end":{"line":71,"column":9}},"type":"if","locations":[{"start":{"line":69,"column":8},"end":{"line":71,"column":9}}]},"6":{"loc":{"start":{"line":78,"column":8},"end":{"line":83,"column":9}},"type":"if","locations":[{"start":{"line":78,"column":8},"end":{"line":83,"column":9}}]},"7":{"loc":{"start":{"line":95,"column":8},"end":{"line":97,"column":9}},"type":"if","locations":[{"start":{"line":95,"column":8},"end":{"line":97,"column":9}}]},"8":{"loc":{"start":{"line":99,"column":8},"end":{"line":109,"column":9}},"type":"if","locations":[{"start":{"line":99,"column":8},"end":{"line":109,"column":9}}]},"9":{"loc":{"start":{"line":103,"column":12},"end":{"line":105,"column":13}},"type":"if","locations":[{"start":{"line":103,"column":12},"end":{"line":105,"column":13}}]},"10":{"loc":{"start":{"line":103,"column":16},"end":{"line":103,"column":67}},"type":"binary-expr","locations":[{"start":{"line":103,"column":16},"end":{"line":103,"column":47}},{"start":{"line":103,"column":51},"end":{"line":103,"column":67}}]},"11":{"loc":{"start":{"line":120,"column":8},"end":{"line":122,"column":9}},"type":"if","locations":[{"start":{"line":120,"column":8},"end":{"line":122,"column":9}}]},"12":{"loc":{"start":{"line":129,"column":23},"end":{"line":129,"column":44}},"type":"binary-expr","locations":[{"start":{"line":129,"column":23},"end":{"line":129,"column":39}},{"start":{"line":129,"column":43},"end":{"line":129,"column":44}}]},"13":{"loc":{"start":{"line":131,"column":8},"end":{"line":134,"column":9}},"type":"if","locations":[{"start":{"line":131,"column":8},"end":{"line":134,"column":9}}]},"14":{"loc":{"start":{"line":149,"column":8},"end":{"line":162,"column":9}},"type":"if","locations":[{"start":{"line":149,"column":8},"end":{"line":162,"column":9}}]},"15":{"loc":{"start":{"line":159,"column":16},"end":{"line":160,"column":82}},"type":"binary-expr","locations":[{"start":{"line":159,"column":16},"end":{"line":159,"column":54}},{"start":{"line":160,"column":17},"end":{"line":160,"column":35}},{"start":{"line":160,"column":39},"end":{"line":160,"column":81}}]},"16":{"loc":{"start":{"line":173,"column":8},"end":{"line":175,"column":9}},"type":"if","locations":[{"start":{"line":173,"column":8},"end":{"line":175,"column":9}}]},"17":{"loc":{"start":{"line":186,"column":8},"end":{"line":188,"column":9}},"type":"if","locations":[{"start":{"line":186,"column":8},"end":{"line":188,"column":9}}]},"18":{"loc":{"start":{"line":191,"column":8},"end":{"line":196,"column":9}},"type":"if","locations":[{"start":{"line":191,"column":8},"end":{"line":196,"column":9}}]},"19":{"loc":{"start":{"line":203,"column":8},"end":{"line":205,"column":9}},"type":"if","locations":[{"start":{"line":203,"column":8},"end":{"line":205,"column":9}}]},"20":{"loc":{"start":{"line":221,"column":8},"end":{"line":223,"column":9}},"type":"if","locations":[{"start":{"line":221,"column":8},"end":{"line":223,"column":9}}]},"21":{"loc":{"start":{"line":234,"column":12},"end":{"line":236,"column":13}},"type":"if","locations":[{"start":{"line":234,"column":12},"end":{"line":236,"column":13}}]},"22":{"loc":{"start":{"line":234,"column":16},"end":{"line":234,"column":64}},"type":"binary-expr","locations":[{"start":{"line":234,"column":16},"end":{"line":234,"column":23}},{"start":{"line":234,"column":27},"end":{"line":234,"column":64}}]},"23":{"loc":{"start":{"line":244,"column":12},"end":{"line":246,"column":13}},"type":"if","locations":[{"start":{"line":244,"column":12},"end":{"line":246,"column":13}}]},"24":{"loc":{"start":{"line":250,"column":12},"end":{"line":262,"column":13}},"type":"if","locations":[{"start":{"line":250,"column":12},"end":{"line":262,"column":13}},{"start":{"line":256,"column":19},"end":{"line":262,"column":13}}]},"25":{"loc":{"start":{"line":273,"column":12},"end":{"line":275,"column":13}},"type":"if","locations":[{"start":{"line":273,"column":12},"end":{"line":275,"column":13}}]},"26":{"loc":{"start":{"line":277,"column":12},"end":{"line":279,"column":13}},"type":"if","locations":[{"start":{"line":277,"column":12},"end":{"line":279,"column":13}}]},"27":{"loc":{"start":{"line":277,"column":16},"end":{"line":277,"column":67}},"type":"binary-expr","locations":[{"start":{"line":277,"column":16},"end":{"line":277,"column":34}},{"start":{"line":277,"column":38},"end":{"line":277,"column":67}}]},"28":{"loc":{"start":{"line":283,"column":12},"end":{"line":286,"column":13}},"type":"if","locations":[{"start":{"line":283,"column":12},"end":{"line":286,"column":13}}]},"29":{"loc":{"start":{"line":290,"column":19},"end":{"line":290,"column":75}},"type":"binary-expr","locations":[{"start":{"line":290,"column":19},"end":{"line":290,"column":46}},{"start":{"line":290,"column":50},"end":{"line":290,"column":75}}]},"30":{"loc":{"start":{"line":16,"column":44},"end":{"line":16,"column":62}},"type":"cond-expr","locations":[{"start":{"line":16,"column":54},"end":{"line":16,"column":62}},{"start":{"line":16,"column":54},"end":{"line":16,"column":62}}]},"31":{"loc":{"start":{"line":16,"column":44},"end":{"line":16,"column":54}},"type":"binary-expr","locations":[{"start":{"line":16,"column":44},"end":{"line":16,"column":62}},{"start":{"line":16,"column":44},"end":{"line":16,"column":54}}]},"32":{"loc":{"start":{"line":16,"column":54},"end":{"line":18,"column":58}},"type":"cond-expr","locations":[{"start":{"line":18,"column":52},"end":{"line":18,"column":58}},{"start":{"line":18,"column":52},"end":{"line":18,"column":58}}]},"33":{"loc":{"start":{"line":16,"column":54},"end":{"line":18,"column":52}},"type":"binary-expr","locations":[{"start":{"line":16,"column":54},"end":{"line":18,"column":58}},{"start":{"line":18,"column":42},"end":{"line":18,"column":52}}]},"34":{"loc":{"start":{"line":18,"column":52},"end":{"line":20,"column":60}},"type":"cond-expr","locations":[{"start":{"line":20,"column":53},"end":{"line":20,"column":60}},{"start":{"line":20,"column":53},"end":{"line":20,"column":60}}]},"35":{"loc":{"start":{"line":18,"column":52},"end":{"line":20,"column":53}},"type":"binary-expr","locations":[{"start":{"line":18,"column":52},"end":{"line":20,"column":60}},{"start":{"line":20,"column":43},"end":{"line":20,"column":53}}]},"36":{"loc":{"start":{"line":20,"column":53},"end":{"line":21,"column":null}},"type":"cond-expr","locations":[{"start":{"line":21,"column":49},"end":{"line":21,"column":null}},{"start":{"line":21,"column":49},"end":{"line":21,"column":null}}]},"37":{"loc":{"start":{"line":20,"column":53},"end":{"line":21,"column":49}},"type":"binary-expr","locations":[{"start":{"line":20,"column":53},"end":{"line":21,"column":null}},{"start":{"line":21,"column":38},"end":{"line":21,"column":49}}]}},"s":{"0":0,"1":0,"2":0,"3":0,"4":0,"5":0,"6":0,"7":0,"8":0,"9":0,"10":0,"11":0,"12":0,"13":0,"14":0,"15":0,"16":0,"17":0,"18":0,"19":0,"20":0,"21":0,"22":0,"23":0,"24":0,"25":0,"26":0,"27":0,"28":0,"29":0,"30":0,"31":0,"32":0,"33":0,"34":0,"35":0,"36":0,"37":0,"38":0,"39":0,"40":0,"41":0,"42":0,"43":0,"44":0,"45":0,"46":0,"47":0,"48":0,"49":0,"50":0,"51":0,"52":0,"53":0,"54":0,"55":0,"56":0,"57":0,"58":0,"59":0,"60":0,"61":0,"62":0,"63":0,"64":0,"65":0,"66":0,"67":0,"68":0,"69":0,"70":0,"71":0,"72":0,"73":0,"74":0,"75":0,"76":0,"77":0,"78":0,"79":0,"80":0,"81":0,"82":0,"83":0,"84":0,"85":0,"86":0,"87":0,"88":0,"89":0,"90":0,"91":0,"92":0,"93":0,"94":0,"95":0,"96":0,"97":0,"98":0,"99":0,"100":0,"101":0,"102":0,"103":0,"104":0,"105":0,"106":0,"107":0,"108":0,"109":0,"110":0,"111":0,"112":0,"113":0,"114":0,"115":0,"116":0,"117":0,"118":0,"119":0,"120":0,"121":0,"122":0,"123":0,"124":0,"125":0},"f":{"0":0,"1":0,"2":0,"3":0,"4":0,"5":0,"6":0,"7":0,"8":0,"9":0,"10":0,"11":0,"12":0,"13":0,"14":0,"15":0,"16":0,"17":0,"18":0,"19":0,"20":0},"b":{"0":[0],"1":[0],"2":[0],"3":[0],"4":[0,0],"5":[0],"6":[0],"7":[0],"8":[0],"9":[0],"10":[0,0],"11":[0],"12":[0,0],"13":[0],"14":[0],"15":[0,0,0],"16":[0],"17":[0],"18":[0],"19":[0],"20":[0],"21":[0],"22":[0,0],"23":[0],"24":[0,0],"25":[0],"26":[0],"27":[0,0],"28":[0],"29":[0,0],"30":[0,0],"31":[0,0],"32":[0,0],"33":[0,0],"34":[0,0],"35":[0,0],"36":[0,0],"37":[0,0]}}
,"C:\\VKR\\workflow-app\\task-service\\src\\task\\task.controller.ts": {"path":"C:\\VKR\\workflow-app\\task-service\\src\\task\\task.controller.ts","statementMap":{"0":{"start":{"line":2,"column":0},"end":{"line":2,"column":136}},"1":{"start":{"line":3,"column":0},"end":{"line":3,"column":45}},"2":{"start":{"line":4,"column":0},"end":{"line":4,"column":75}},"3":{"start":{"line":7,"column":7},"end":{"line":89,"column":null}},"4":{"start":{"line":8,"column":31},"end":{"line":8,"column":44}},"5":{"start":{"line":18,"column":4},"end":{"line":18,"column":49}},"6":{"start":{"line":19,"column":4},"end":{"line":19,"column":51}},"7":{"start":{"line":28,"column":4},"end":{"line":28,"column":49}},"8":{"start":{"line":29,"column":4},"end":{"line":29,"column":71}},"9":{"start":{"line":39,"column":17},"end":{"line":39,"column":60}},"10":{"start":{"line":40,"column":4},"end":{"line":40,"column":54}},"11":{"start":{"line":41,"column":4},"end":{"line":41,"column":62}},"12":{"start":{"line":49,"column":17},"end":{"line":49,"column":60}},"13":{"start":{"line":50,"column":4},"end":{"line":50,"column":54}},"14":{"start":{"line":51,"column":4},"end":{"line":51,"column":55}},"15":{"start":{"line":61,"column":17},"end":{"line":61,"column":60}},"16":{"start":{"line":62,"column":4},"end":{"line":62,"column":54}},"17":{"start":{"line":63,"column":4},"end":{"line":63,"column":68}},"18":{"start":{"line":70,"column":4},"end":{"line":72,"column":5}},"19":{"start":{"line":71,"column":6},"end":{"line":71,"column":52}},"20":{"start":{"line":73,"column":4},"end":{"line":73,"column":57}},"21":{"start":{"line":78,"column":18},"end":{"line":78,"column":62}},"22":{"start":{"line":79,"column":4},"end":{"line":81,"column":5}},"23":{"start":{"line":80,"column":6},"end":{"line":80,"column":53}},"24":{"start":{"line":83,"column":22},"end":{"line":83,"column":81}},"25":{"start":{"line":84,"column":4},"end":{"line":86,"column":5}},"26":{"start":{"line":85,"column":6},"end":{"line":85,"column":52}},"27":{"start":{"line":7,"column":13},"end":{"line":7,"column":27}},"28":{"start":{"line":11,"column":8},"end":{"line":20,"column":null}},"29":{"start":{"line":23,"column":8},"end":{"line":30,"column":null}},"30":{"start":{"line":34,"column":8},"end":{"line":42,"column":null}},"31":{"start":{"line":45,"column":8},"end":{"line":52,"column":null}},"32":{"start":{"line":55,"column":8},"end":{"line":64,"column":null}},"33":{"start":{"line":67,"column":2},"end":{"line":74,"column":null}},"34":{"start":{"line":7,"column":13},"end":{"line":89,"column":null}}},"fnMap":{"0":{"name":"(anonymous_4)","decl":{"start":{"line":8,"column":2},"end":{"line":8,"column":31}},"loc":{"start":{"line":8,"column":55},"end":{"line":8,"column":59}}},"1":{"name":"(anonymous_5)","decl":{"start":{"line":11,"column":2},"end":{"line":11,"column":7}},"loc":{"start":{"line":14,"column":40},"end":{"line":20,"column":3}}},"2":{"name":"(anonymous_6)","decl":{"start":{"line":23,"column":2},"end":{"line":23,"column":7}},"loc":{"start":{"line":26,"column":40},"end":{"line":30,"column":3}}},"3":{"name":"(anonymous_7)","decl":{"start":{"line":34,"column":2},"end":{"line":34,"column":7}},"loc":{"start":{"line":37,"column":40},"end":{"line":42,"column":3}}},"4":{"name":"(anonymous_8)","decl":{"start":{"line":45,"column":2},"end":{"line":45,"column":7}},"loc":{"start":{"line":47,"column":40},"end":{"line":52,"column":3}}},"5":{"name":"(anonymous_9)","decl":{"start":{"line":55,"column":2},"end":{"line":55,"column":7}},"loc":{"start":{"line":59,"column":40},"end":{"line":64,"column":3}}},"6":{"name":"(anonymous_10)","decl":{"start":{"line":67,"column":2},"end":{"line":67,"column":22}},"loc":{"start":{"line":69,"column":44},"end":{"line":74,"column":3}}},"7":{"name":"(anonymous_11)","decl":{"start":{"line":77,"column":10},"end":{"line":77,"column":15}},"loc":{"start":{"line":77,"column":64},"end":{"line":87,"column":3}}}},"branchMap":{"0":{"loc":{"start":{"line":70,"column":4},"end":{"line":72,"column":5}},"type":"if","locations":[{"start":{"line":70,"column":4},"end":{"line":72,"column":5}}]},"1":{"loc":{"start":{"line":79,"column":4},"end":{"line":81,"column":5}},"type":"if","locations":[{"start":{"line":79,"column":4},"end":{"line":81,"column":5}}]},"2":{"loc":{"start":{"line":83,"column":22},"end":{"line":83,"column":81}},"type":"binary-expr","locations":[{"start":{"line":83,"column":22},"end":{"line":83,"column":46}},{"start":{"line":83,"column":50},"end":{"line":83,"column":81}}]},"3":{"loc":{"start":{"line":84,"column":4},"end":{"line":86,"column":5}},"type":"if","locations":[{"start":{"line":84,"column":4},"end":{"line":86,"column":5}}]},"4":{"loc":{"start":{"line":25,"column":27},"end":{"line":25,"column":null}},"type":"cond-expr","locations":[{"start":{"line":25,"column":40},"end":{"line":25,"column":null}},{"start":{"line":25,"column":40},"end":{"line":25,"column":null}}]},"5":{"loc":{"start":{"line":25,"column":27},"end":{"line":25,"column":40}},"type":"binary-expr","locations":[{"start":{"line":25,"column":27},"end":{"line":25,"column":null}},{"start":{"line":25,"column":27},"end":{"line":25,"column":40}}]},"6":{"loc":{"start":{"line":36,"column":27},"end":{"line":36,"column":null}},"type":"cond-expr","locations":[{"start":{"line":36,"column":40},"end":{"line":36,"column":null}},{"start":{"line":36,"column":40},"end":{"line":36,"column":null}}]},"7":{"loc":{"start":{"line":36,"column":27},"end":{"line":36,"column":40}},"type":"binary-expr","locations":[{"start":{"line":36,"column":27},"end":{"line":36,"column":null}},{"start":{"line":36,"column":27},"end":{"line":36,"column":40}}]},"8":{"loc":{"start":{"line":57,"column":28},"end":{"line":57,"column":null}},"type":"cond-expr","locations":[{"start":{"line":57,"column":38},"end":{"line":57,"column":null}},{"start":{"line":57,"column":38},"end":{"line":57,"column":null}}]},"9":{"loc":{"start":{"line":57,"column":28},"end":{"line":57,"column":38}},"type":"binary-expr","locations":[{"start":{"line":57,"column":28},"end":{"line":57,"column":null}},{"start":{"line":57,"column":28},"end":{"line":57,"column":38}}]},"10":{"loc":{"start":{"line":8,"column":44},"end":{"line":8,"column":58}},"type":"cond-expr","locations":[{"start":{"line":8,"column":55},"end":{"line":8,"column":58}},{"start":{"line":8,"column":55},"end":{"line":8,"column":58}}]},"11":{"loc":{"start":{"line":8,"column":44},"end":{"line":8,"column":55}},"type":"binary-expr","locations":[{"start":{"line":8,"column":44},"end":{"line":8,"column":58}},{"start":{"line":8,"column":44},"end":{"line":8,"column":55}}]}},"s":{"0":0,"1":0,"2":0,"3":0,"4":0,"5":0,"6":0,"7":0,"8":0,"9":0,"10":0,"11":0,"12":0,"13":0,"14":0,"15":0,"16":0,"17":0,"18":0,"19":0,"20":0,"21":0,"22":0,"23":0,"24":0,"25":0,"26":0,"27":0,"28":0,"29":0,"30":0,"31":0,"32":0,"33":0,"34":0},"f":{"0":0,"1":0,"2":0,"3":0,"4":0,"5":0,"6":0,"7":0},"b":{"0":[0],"1":[0],"2":[0,0],"3":[0],"4":[0,0],"5":[0,0],"6":[0,0],"7":[0,0],"8":[0,0],"9":[0,0],"10":[0,0],"11":[0,0]}}
,"C:\\VKR\\workflow-app\\task-service\\src\\task\\task.module.ts": {"path":"C:\\VKR\\workflow-app\\task-service\\src\\task\\task.module.ts","statementMap":{"0":{"start":{"line":2,"column":0},"end":{"line":2,"column":40}},"1":{"start":{"line":3,"column":0},"end":{"line":3,"column":48}},"2":{"start":{"line":4,"column":0},"end":{"line":4,"column":43}},"3":{"start":{"line":5,"column":0},"end":{"line":5,"column":51}},"4":{"start":{"line":6,"column":0},"end":{"line":6,"column":45}},"5":{"start":{"line":7,"column":0},"end":{"line":7,"column":47}},"6":{"start":{"line":8,"column":0},"end":{"line":8,"column":49}},"7":{"start":{"line":9,"column":0},"end":{"line":9,"column":51}},"8":{"start":{"line":20,"column":7},"end":{"line":20,"column":null}},"9":{"start":{"line":20,"column":13},"end":{"line":20,"column":23}},"10":{"start":{"line":20,"column":13},"end":{"line":20,"column":null}}},"fnMap":{},"branchMap":{},"s":{"0":0,"1":0,"2":0,"3":0,"4":0,"5":0,"6":0,"7":0,"8":0,"9":0,"10":0},"f":{},"b":{}}
,"C:\\VKR\\workflow-app\\task-service\\src\\task\\task.service.ts": {"path":"C:\\VKR\\workflow-app\\task-service\\src\\task\\task.service.ts","statementMap":{"0":{"start":{"line":2,"column":0},"end":{"line":2,"column":83}},"1":{"start":{"line":3,"column":0},"end":{"line":3,"column":51}},"2":{"start":{"line":4,"column":0},"end":{"line":4,"column":45}},"3":{"start":{"line":5,"column":0},"end":{"line":5,"column":47}},"4":{"start":{"line":6,"column":0},"end":{"line":6,"column":49}},"5":{"start":{"line":7,"column":0},"end":{"line":7,"column":51}},"6":{"start":{"line":8,"column":0},"end":{"line":8,"column":75}},"7":{"start":{"line":9,"column":0},"end":{"line":9,"column":44}},"8":{"start":{"line":10,"column":0},"end":{"line":10,"column":38}},"9":{"start":{"line":13,"column":7},"end":{"line":179,"column":null}},"10":{"start":{"line":16,"column":21},"end":{"line":16,"column":38}},"11":{"start":{"line":18,"column":21},"end":{"line":18,"column":39}},"12":{"start":{"line":20,"column":21},"end":{"line":20,"column":40}},"13":{"start":{"line":21,"column":21},"end":{"line":21,"column":34}},"14":{"start":{"line":25,"column":18},"end":{"line":28,"column":6}},"15":{"start":{"line":30,"column":4},"end":{"line":32,"column":5}},"16":{"start":{"line":31,"column":6},"end":{"line":31,"column":53}},"17":{"start":{"line":34,"column":4},"end":{"line":34,"column":17}},"18":{"start":{"line":38,"column":18},"end":{"line":38,"column":50}},"19":{"start":{"line":40,"column":4},"end":{"line":48,"column":5}},"20":{"start":{"line":41,"column":6},"end":{"line":43,"column":8}},"21":{"start":{"line":47,"column":6},"end":{"line":47,"column":47}},"22":{"start":{"line":50,"column":17},"end":{"line":55,"column":6}},"23":{"start":{"line":57,"column":22},"end":{"line":57,"column":59}},"24":{"start":{"line":59,"column":4},"end":{"line":71,"column":5}},"25":{"start":{"line":60,"column":4},"end":{"line":70,"column":9}},"26":{"start":{"line":73,"column":4},"end":{"line":73,"column":21}},"27":{"start":{"line":78,"column":4},"end":{"line":78,"column":37}},"28":{"start":{"line":79,"column":4},"end":{"line":82,"column":7}},"29":{"start":{"line":86,"column":17},"end":{"line":88,"column":6}},"30":{"start":{"line":90,"column":4},"end":{"line":92,"column":5}},"31":{"start":{"line":91,"column":6},"end":{"line":91,"column":52}},"32":{"start":{"line":94,"column":4},"end":{"line":94,"column":16}},"33":{"start":{"line":99,"column":17},"end":{"line":99,"column":78}},"34":{"start":{"line":101,"column":4},"end":{"line":103,"column":5}},"35":{"start":{"line":102,"column":6},"end":{"line":102,"column":52}},"36":{"start":{"line":105,"column":4},"end":{"line":105,"column":39}},"37":{"start":{"line":106,"column":4},"end":{"line":106,"column":32}},"38":{"start":{"line":108,"column":4},"end":{"line":108,"column":49}},"39":{"start":{"line":112,"column":17},"end":{"line":112,"column":78}},"40":{"start":{"line":114,"column":4},"end":{"line":116,"column":5}},"41":{"start":{"line":115,"column":6},"end":{"line":115,"column":52}},"42":{"start":{"line":118,"column":4},"end":{"line":118,"column":25}},"43":{"start":{"line":119,"column":4},"end":{"line":119,"column":23}},"44":{"start":{"line":121,"column":4},"end":{"line":121,"column":43}},"45":{"start":{"line":125,"column":17},"end":{"line":125,"column":78}},"46":{"start":{"line":127,"column":4},"end":{"line":129,"column":5}},"47":{"start":{"line":128,"column":6},"end":{"line":128,"column":52}},"48":{"start":{"line":131,"column":4},"end":{"line":133,"column":5}},"49":{"start":{"line":132,"column":6},"end":{"line":132,"column":76}},"50":{"start":{"line":135,"column":4},"end":{"line":135,"column":45}},"51":{"start":{"line":139,"column":4},"end":{"line":143,"column":7}},"52":{"start":{"line":147,"column":4},"end":{"line":154,"column":7}},"53":{"start":{"line":158,"column":4},"end":{"line":158,"column":62}},"54":{"start":{"line":162,"column":17},"end":{"line":162,"column":78}},"55":{"start":{"line":163,"column":4},"end":{"line":163,"column":null}},"56":{"start":{"line":163,"column":14},"end":{"line":163,"column":null}},"57":{"start":{"line":164,"column":4},"end":{"line":164,"column":16}},"58":{"start":{"line":168,"column":2},"end":{"line":177,"column":5}},"59":{"start":{"line":169,"column":4},"end":{"line":174,"column":6}},"60":{"start":{"line":176,"column":7},"end":{"line":176,"column":60}},"61":{"start":{"line":13,"column":13},"end":{"line":13,"column":24}},"62":{"start":{"line":13,"column":13},"end":{"line":179,"column":null}}},"fnMap":{"0":{"name":"(anonymous_4)","decl":{"start":{"line":14,"column":2},"end":{"line":14,"column":null}},"loc":{"start":{"line":21,"column":45},"end":{"line":22,"column":6}}},"1":{"name":"(anonymous_5)","decl":{"start":{"line":24,"column":2},"end":{"line":24,"column":7}},"loc":{"start":{"line":24,"column":36},"end":{"line":35,"column":3}}},"2":{"name":"(anonymous_6)","decl":{"start":{"line":37,"column":2},"end":{"line":37,"column":7}},"loc":{"start":{"line":37,"column":87},"end":{"line":75,"column":3}}},"3":{"name":"(anonymous_7)","decl":{"start":{"line":77,"column":2},"end":{"line":77,"column":7}},"loc":{"start":{"line":77,"column":37},"end":{"line":83,"column":3}}},"4":{"name":"(anonymous_8)","decl":{"start":{"line":85,"column":2},"end":{"line":85,"column":7}},"loc":{"start":{"line":85,"column":34},"end":{"line":95,"column":3}}},"5":{"name":"(anonymous_9)","decl":{"start":{"line":98,"column":2},"end":{"line":98,"column":7}},"loc":{"start":{"line":98,"column":63},"end":{"line":109,"column":3}}},"6":{"name":"(anonymous_10)","decl":{"start":{"line":111,"column":2},"end":{"line":111,"column":7}},"loc":{"start":{"line":111,"column":74},"end":{"line":122,"column":3}}},"7":{"name":"(anonymous_11)","decl":{"start":{"line":124,"column":2},"end":{"line":124,"column":7}},"loc":{"start":{"line":124,"column":49},"end":{"line":136,"column":3}}},"8":{"name":"(anonymous_12)","decl":{"start":{"line":138,"column":2},"end":{"line":138,"column":7}},"loc":{"start":{"line":138,"column":43},"end":{"line":144,"column":3}}},"9":{"name":"(anonymous_13)","decl":{"start":{"line":146,"column":2},"end":{"line":146,"column":7}},"loc":{"start":{"line":146,"column":39},"end":{"line":155,"column":3}}},"10":{"name":"(anonymous_14)","decl":{"start":{"line":157,"column":2},"end":{"line":157,"column":7}},"loc":{"start":{"line":157,"column":37},"end":{"line":159,"column":3}}},"11":{"name":"(anonymous_15)","decl":{"start":{"line":161,"column":2},"end":{"line":161,"column":7}},"loc":{"start":{"line":161,"column":35},"end":{"line":165,"column":3}}},"12":{"name":"(anonymous_16)","decl":{"start":{"line":167,"column":10},"end":{"line":167,"column":15}},"loc":{"start":{"line":167,"column":54},"end":{"line":178,"column":3}}}},"branchMap":{"0":{"loc":{"start":{"line":30,"column":4},"end":{"line":32,"column":5}},"type":"if","locations":[{"start":{"line":30,"column":4},"end":{"line":32,"column":5}}]},"1":{"loc":{"start":{"line":42,"column":32},"end":{"line":42,"column":88}},"type":"binary-expr","locations":[{"start":{"line":42,"column":32},"end":{"line":42,"column":59}},{"start":{"line":42,"column":63},"end":{"line":42,"column":88}}]},"2":{"loc":{"start":{"line":54,"column":14},"end":{"line":54,"column":53}},"type":"binary-expr","locations":[{"start":{"line":54,"column":14},"end":{"line":54,"column":34}},{"start":{"line":54,"column":38},"end":{"line":54,"column":53}}]},"3":{"loc":{"start":{"line":59,"column":4},"end":{"line":71,"column":5}},"type":"if","locations":[{"start":{"line":59,"column":4},"end":{"line":71,"column":5}}]},"4":{"loc":{"start":{"line":90,"column":4},"end":{"line":92,"column":5}},"type":"if","locations":[{"start":{"line":90,"column":4},"end":{"line":92,"column":5}}]},"5":{"loc":{"start":{"line":101,"column":4},"end":{"line":103,"column":5}},"type":"if","locations":[{"start":{"line":101,"column":4},"end":{"line":103,"column":5}}]},"6":{"loc":{"start":{"line":114,"column":4},"end":{"line":116,"column":5}},"type":"if","locations":[{"start":{"line":114,"column":4},"end":{"line":116,"column":5}}]},"7":{"loc":{"start":{"line":127,"column":4},"end":{"line":129,"column":5}},"type":"if","locations":[{"start":{"line":127,"column":4},"end":{"line":129,"column":5}}]},"8":{"loc":{"start":{"line":131,"column":4},"end":{"line":133,"column":5}},"type":"if","locations":[{"start":{"line":131,"column":4},"end":{"line":133,"column":5}}]},"9":{"loc":{"start":{"line":163,"column":4},"end":{"line":163,"column":null}},"type":"if","locations":[{"start":{"line":163,"column":4},"end":{"line":163,"column":null}}]},"10":{"loc":{"start":{"line":171,"column":11},"end":{"line":171,"column":67}},"type":"binary-expr","locations":[{"start":{"line":171,"column":11},"end":{"line":171,"column":38}},{"start":{"line":171,"column":42},"end":{"line":171,"column":67}}]},"11":{"loc":{"start":{"line":16,"column":38},"end":{"line":16,"column":54}},"type":"cond-expr","locations":[{"start":{"line":16,"column":48},"end":{"line":16,"column":54}},{"start":{"line":16,"column":48},"end":{"line":16,"column":54}}]},"12":{"loc":{"start":{"line":16,"column":38},"end":{"line":16,"column":48}},"type":"binary-expr","locations":[{"start":{"line":16,"column":38},"end":{"line":16,"column":54}},{"start":{"line":16,"column":38},"end":{"line":16,"column":48}}]},"13":{"loc":{"start":{"line":16,"column":48},"end":{"line":18,"column":56}},"type":"cond-expr","locations":[{"start":{"line":18,"column":49},"end":{"line":18,"column":56}},{"start":{"line":18,"column":49},"end":{"line":18,"column":56}}]},"14":{"loc":{"start":{"line":16,"column":48},"end":{"line":18,"column":49}},"type":"binary-expr","locations":[{"start":{"line":16,"column":48},"end":{"line":18,"column":56}},{"start":{"line":18,"column":39},"end":{"line":18,"column":49}}]},"15":{"loc":{"start":{"line":18,"column":49},"end":{"line":20,"column":58}},"type":"cond-expr","locations":[{"start":{"line":20,"column":50},"end":{"line":20,"column":58}},{"start":{"line":20,"column":50},"end":{"line":20,"column":58}}]},"16":{"loc":{"start":{"line":18,"column":49},"end":{"line":20,"column":50}},"type":"binary-expr","locations":[{"start":{"line":18,"column":49},"end":{"line":20,"column":58}},{"start":{"line":20,"column":40},"end":{"line":20,"column":50}}]},"17":{"loc":{"start":{"line":20,"column":50},"end":{"line":21,"column":null}},"type":"cond-expr","locations":[{"start":{"line":21,"column":45},"end":{"line":21,"column":null}},{"start":{"line":21,"column":45},"end":{"line":21,"column":null}}]},"18":{"loc":{"start":{"line":20,"column":50},"end":{"line":21,"column":45}},"type":"binary-expr","locations":[{"start":{"line":20,"column":50},"end":{"line":21,"column":null}},{"start":{"line":21,"column":34},"end":{"line":21,"column":45}}]}},"s":{"0":2,"1":2,"2":2,"3":2,"4":2,"5":2,"6":2,"7":2,"8":2,"9":2,"10":36,"11":36,"12":36,"13":36,"14":10,"15":10,"16":1,"17":9,"18":7,"19":7,"20":7,"21":3,"22":7,"23":7,"24":7,"25":3,"26":7,"27":1,"28":1,"29":2,"30":2,"31":1,"32":1,"33":5,"34":5,"35":2,"36":3,"37":3,"38":3,"39":4,"40":4,"41":2,"42":2,"43":2,"44":2,"45":8,"46":8,"47":3,"48":5,"49":3,"50":2,"51":1,"52":2,"53":2,"54":2,"55":2,"56":1,"57":1,"58":3,"59":3,"60":0,"61":2,"62":2},"f":{"0":36,"1":10,"2":7,"3":1,"4":2,"5":5,"6":4,"7":8,"8":1,"9":2,"10":2,"11":2,"12":3},"b":{"0":[1],"1":[7,7],"2":[7,1],"3":[3],"4":[1],"5":[2],"6":[2],"7":[3],"8":[3],"9":[1],"10":[3,3],"11":[2,0],"12":[2,2],"13":[2,0],"14":[2,2],"15":[2,0],"16":[2,2],"17":[2,0],"18":[2,2]}}
,"C:\\VKR\\workflow-app\\task-service\\src\\test\\bdd\\setup\\bdd-testing.module.ts": {"path":"C:\\VKR\\workflow-app\\task-service\\src\\test\\bdd\\setup\\bdd-testing.module.ts","statementMap":{"0":{"start":{"line":3,"column":0},"end":{"line":3,"column":54}},"1":{"start":{"line":4,"column":0},"end":{"line":4,"column":53}},"2":{"start":{"line":5,"column":0},"end":{"line":5,"column":44}},"3":{"start":{"line":6,"column":0},"end":{"line":6,"column":57}},"4":{"start":{"line":7,"column":0},"end":{"line":7,"column":53}},"5":{"start":{"line":8,"column":0},"end":{"line":8,"column":55}},"6":{"start":{"line":9,"column":0},"end":{"line":9,"column":57}},"7":{"start":{"line":13,"column":34},"end":{"line":46,"column":16}},"8":{"start":{"line":48,"column":4},"end":{"line":53,"column":6}},"9":{"start":{"line":11,"column":0},"end":{"line":11,"column":13}}},"fnMap":{"0":{"name":"(anonymous_0)","decl":{"start":{"line":12,"column":2},"end":{"line":12,"column":8}},"loc":{"start":{"line":12,"column":31},"end":{"line":54,"column":3}}}},"branchMap":{},"s":{"0":0,"1":0,"2":0,"3":0,"4":0,"5":0,"6":0,"7":0,"8":0,"9":0},"f":{"0":0},"b":{}}
}
