TN:
SF:src\app.controller.ts
FN:6,(anonymous_2)
FN:9,(anonymous_3)
FNF:2
FNH:0
FNDA:0,(anonymous_2)
FNDA:0,(anonymous_3)
DA:1,0
DA:2,0
DA:5,0
DA:6,0
DA:9,0
DA:10,0
LF:6
LH:0
BRDA:6,0,0,0
BRDA:6,0,1,0
BRDA:6,1,0,0
BRDA:6,1,1,0
BRF:4
BRH:0
end_of_record
TN:
SF:src\app.module.ts
FNF:0
FNH:0
DA:2,0
DA:3,0
DA:4,0
DA:5,0
DA:6,0
DA:7,0
DA:8,0
DA:9,0
DA:10,0
DA:11,0
DA:12,0
DA:13,0
DA:14,0
DA:15,0
DA:38,0
LF:15
LH:0
BRDA:22,0,0,0
BRDA:22,0,1,0
BRF:2
BRH:0
end_of_record
TN:
SF:src\app.service.ts
FN:5,(anonymous_1)
FNF:1
FNH:0
FNDA:0,(anonymous_1)
DA:1,0
DA:4,0
DA:6,0
LF:3
LH:0
BRF:0
BRH:0
end_of_record
TN:
SF:src\main.ts
FN:5,bootstrap
FNF:1
FNH:0
FNDA:0,bootstrap
DA:2,0
DA:3,0
DA:6,0
DA:9,0
DA:15,0
DA:17,0
LF:6
LH:0
BRDA:15,0,0,0
BRDA:15,0,1,0
BRF:2
BRH:0
end_of_record
TN:
SF:src\board\board.controller.ts
FN:8,(anonymous_4)
FN:11,(anonymous_5)
FN:16,(anonymous_6)
FN:24,(anonymous_7)
FN:31,(anonymous_8)
FNF:5
FNH:0
FNDA:0,(anonymous_4)
FNDA:0,(anonymous_5)
FNDA:0,(anonymous_6)
FNDA:0,(anonymous_7)
FNDA:0,(anonymous_8)
DA:2,0
DA:3,0
DA:4,0
DA:7,0
DA:8,0
DA:11,0
DA:12,0
DA:16,0
DA:20,0
DA:24,0
DA:28,0
DA:32,0
DA:33,0
DA:34,0
DA:37,0
DA:38,0
DA:39,0
LF:17
LH:0
BRDA:33,0,0,0
BRDA:37,1,0,0
BRDA:37,1,1,0
BRDA:38,2,0,0
BRDA:17,3,0,0
BRDA:17,3,1,0
BRDA:17,4,0,0
BRDA:17,4,1,0
BRDA:8,5,0,0
BRDA:8,5,1,0
BRDA:8,6,0,0
BRDA:8,6,1,0
BRF:12
BRH:0
end_of_record
TN:
SF:src\board\board.module.ts
FNF:0
FNH:0
DA:2,0
DA:3,0
DA:4,0
DA:5,0
DA:6,0
DA:7,0
DA:8,0
DA:9,0
DA:20,0
LF:9
LH:0
BRF:0
BRH:0
end_of_record
TN:
SF:src\board\board.service.ts
FN:13,(anonymous_4)
FN:23,(anonymous_5)
FN:28,(anonymous_6)
FN:32,(anonymous_7)
FN:39,(anonymous_8)
FN:51,(anonymous_9)
FNF:6
FNH:0
FNDA:0,(anonymous_4)
FNDA:0,(anonymous_5)
FNDA:0,(anonymous_6)
FNDA:0,(anonymous_7)
FNDA:0,(anonymous_8)
FNDA:0,(anonymous_9)
DA:2,0
DA:3,0
DA:4,0
DA:5,0
DA:6,0
DA:7,0
DA:9,0
DA:12,0
DA:15,0
DA:17,0
DA:19,0
DA:20,0
DA:24,0
DA:25,0
DA:29,0
DA:32,0
DA:40,0
DA:45,0
DA:46,0
DA:49,0
DA:52,0
DA:53,0
DA:54,0
DA:56,0
DA:57,0
DA:59,0
LF:26
LH:0
BRDA:45,0,0,0
BRDA:53,1,0,0
BRDA:56,2,0,0
BRDA:15,3,0,0
BRDA:15,3,1,0
BRDA:15,4,0,0
BRDA:15,4,1,0
BRDA:15,5,0,0
BRDA:15,5,1,0
BRDA:15,6,0,0
BRDA:15,6,1,0
BRDA:17,7,0,0
BRDA:17,7,1,0
BRDA:17,8,0,0
BRDA:17,8,1,0
BRDA:19,9,0,0
BRDA:19,9,1,0
BRDA:19,10,0,0
BRDA:19,10,1,0
BRF:19
BRH:0
end_of_record
TN:
SF:src\entities\board.entity.ts
FN:36,(anonymous_2)
FN:36,(anonymous_3)
FN:39,(anonymous_4)
FN:39,(anonymous_5)
FNF:4
FNH:0
FNDA:0,(anonymous_2)
FNDA:0,(anonymous_3)
FNDA:0,(anonymous_4)
FNDA:0,(anonymous_5)
DA:2,2
DA:3,2
DA:4,2
DA:5,2
DA:8,2
DA:10,2
DA:13,2
DA:19,2
DA:22,2
DA:25,2
DA:28,2
DA:31,2
DA:34,2
DA:36,0
DA:37,2
DA:39,0
DA:40,2
LF:17
LH:15
BRDA:19,0,0,0
BRDA:19,0,1,2
BRDA:19,1,0,2
BRDA:19,1,1,2
BRDA:34,2,0,2
BRDA:34,2,1,0
BRDA:34,3,0,2
BRDA:34,3,1,2
BRF:8
BRH:6
end_of_record
TN:
SF:src\entities\sprint.entity.ts
FN:55,(anonymous_2)
FN:55,(anonymous_3)
FN:58,(anonymous_4)
FN:58,(anonymous_5)
FNF:4
FNH:0
FNDA:0,(anonymous_2)
FNDA:0,(anonymous_3)
FNDA:0,(anonymous_4)
FNDA:0,(anonymous_5)
DA:2,2
DA:3,2
DA:4,2
DA:5,2
DA:8,2
DA:10,2
DA:13,2
DA:16,2
DA:19,2
DA:22,2
DA:25,2
DA:32,2
DA:35,2
DA:38,2
DA:41,2
DA:44,2
DA:47,2
DA:50,2
DA:53,2
DA:55,0
DA:56,2
DA:58,0
DA:59,2
LF:23
LH:21
BRDA:19,0,0,2
BRDA:19,0,1,0
BRDA:19,1,0,2
BRDA:19,1,1,2
BRDA:22,2,0,2
BRDA:22,2,1,0
BRDA:22,3,0,2
BRDA:22,3,1,2
BRDA:32,4,0,0
BRDA:32,4,1,2
BRDA:32,5,0,2
BRDA:32,5,1,2
BRDA:47,6,0,2
BRDA:47,6,1,0
BRDA:47,7,0,2
BRDA:47,7,1,2
BRDA:50,8,0,2
BRDA:50,8,1,0
BRDA:50,9,0,2
BRDA:50,9,1,2
BRDA:53,10,0,2
BRDA:53,10,1,0
BRDA:53,11,0,2
BRDA:53,11,1,2
BRDA:56,12,0,0
BRDA:56,12,1,2
BRDA:56,13,0,2
BRDA:56,13,1,0
BRF:28
BRH:20
end_of_record
TN:
SF:src\entities\task.entity.ts
FN:71,(anonymous_2)
FN:71,(anonymous_3)
FN:74,(anonymous_4)
FN:74,(anonymous_5)
FNF:4
FNH:0
FNDA:0,(anonymous_2)
FNDA:0,(anonymous_3)
FNDA:0,(anonymous_4)
FNDA:0,(anonymous_5)
DA:2,2
DA:3,2
DA:4,2
DA:5,2
DA:8,2
DA:10,2
DA:13,2
DA:16,2
DA:23,2
DA:30,2
DA:33,2
DA:36,2
DA:39,2
DA:42,2
DA:45,2
DA:48,2
DA:51,2
DA:54,2
DA:57,2
DA:60,2
DA:63,2
DA:66,2
DA:69,2
DA:71,0
DA:72,2
DA:74,0
DA:75,2
LF:27
LH:25
BRDA:23,0,0,0
BRDA:23,0,1,2
BRDA:23,1,0,2
BRDA:23,1,1,2
BRDA:30,2,0,0
BRDA:30,2,1,2
BRDA:30,3,0,2
BRDA:30,3,1,2
BRDA:39,4,0,2
BRDA:39,4,1,0
BRDA:39,5,0,2
BRDA:39,5,1,2
BRDA:63,6,0,2
BRDA:63,6,1,0
BRDA:63,7,0,2
BRDA:63,7,1,2
BRDA:66,8,0,2
BRDA:66,8,1,0
BRDA:66,9,0,2
BRDA:66,9,1,2
BRDA:69,10,0,2
BRDA:69,10,1,0
BRDA:69,11,0,2
BRDA:69,11,1,2
BRDA:72,12,0,2
BRDA:72,12,1,0
BRDA:72,13,0,2
BRDA:72,13,1,2
BRDA:75,14,0,2
BRDA:75,14,1,0
BRDA:75,15,0,2
BRDA:75,15,1,2
BRF:32
BRH:24
end_of_record
TN:
SF:src\fuzz\jest-fuzz.config.ts
FNF:0
FNH:0
DA:2,0
LF:1
LH:0
BRF:0
BRH:0
end_of_record
TN:
SF:src\fuzz\task.fuzz.ts
FN:21,(anonymous_0)
FN:22,(anonymous_1)
FN:24,(anonymous_2)
FN:30,(anonymous_3)
FN:34,(anonymous_4)
FN:48,(anonymous_5)
FNF:6
FNH:0
FNDA:0,(anonymous_0)
FNDA:0,(anonymous_1)
FNDA:0,(anonymous_2)
FNDA:0,(anonymous_3)
FNDA:0,(anonymous_4)
FNDA:0,(anonymous_5)
DA:7,0
DA:8,0
DA:9,0
DA:12,0
DA:21,0
DA:22,0
DA:23,0
DA:24,0
DA:25,0
DA:26,0
DA:30,0
DA:34,0
DA:35,0
DA:36,0
DA:39,0
DA:48,0
DA:49,0
DA:51,0
DA:52,0
DA:55,0
DA:57,0
DA:58,0
DA:61,0
DA:62,0
DA:65,0
DA:66,0
DA:69,0
DA:71,0
DA:73,0
DA:75,0
DA:78,0
LF:31
LH:0
BRDA:23,0,0,0
BRDA:25,1,0,0
BRDA:25,1,1,0
BRDA:61,2,0,0
BRDA:73,3,0,0
BRF:5
BRH:0
end_of_record
TN:
SF:src\scrum\scrum.controller.ts
FN:8,(anonymous_4)
FN:13,(anonymous_5)
FN:18,(anonymous_6)
FN:25,(anonymous_7)
FN:32,(anonymous_8)
FN:37,(anonymous_9)
FN:42,(anonymous_10)
FN:47,(anonymous_11)
FN:52,(anonymous_12)
FN:56,(anonymous_13)
FNF:10
FNH:0
FNDA:0,(anonymous_4)
FNDA:0,(anonymous_5)
FNDA:0,(anonymous_6)
FNDA:0,(anonymous_7)
FNDA:0,(anonymous_8)
FNDA:0,(anonymous_9)
FNDA:0,(anonymous_10)
FNDA:0,(anonymous_11)
FNDA:0,(anonymous_12)
FNDA:0,(anonymous_13)
DA:2,0
DA:3,0
DA:4,0
DA:7,0
DA:9,0
DA:13,0
DA:14,0
DA:18,0
DA:21,0
DA:25,0
DA:28,0
DA:32,0
DA:33,0
DA:37,0
DA:38,0
DA:42,0
DA:43,0
DA:47,0
DA:48,0
DA:52,0
DA:53,0
DA:56,0
DA:60,0
LF:23
LH:0
BRDA:13,0,0,0
BRDA:13,0,1,0
BRDA:13,1,0,0
BRDA:13,1,1,0
BRDA:20,2,0,0
BRDA:20,2,1,0
BRDA:20,3,0,0
BRDA:20,3,1,0
BRDA:37,4,0,0
BRDA:37,4,1,0
BRDA:37,5,0,0
BRDA:37,5,1,0
BRDA:9,6,0,0
BRDA:9,6,1,0
BRDA:9,7,0,0
BRDA:9,7,1,0
BRF:16
BRH:0
end_of_record
TN:
SF:src\scrum\scrum.module.ts
FNF:0
FNH:0
DA:2,0
DA:3,0
DA:4,0
DA:5,0
DA:6,0
DA:7,0
DA:8,0
DA:9,0
DA:20,0
LF:9
LH:0
BRF:0
BRH:0
end_of_record
TN:
SF:src\scrum\scrum.service.ts
FN:14,(anonymous_4)
FN:24,(anonymous_5)
FN:45,(anonymous_6)
FN:65,(anonymous_7)
FN:75,(anonymous_8)
FN:86,(anonymous_9)
FN:93,(anonymous_10)
FN:102,(anonymous_11)
FN:115,(anonymous_12)
FN:128,(anonymous_13)
FN:148,(anonymous_14)
FN:157,(anonymous_15)
FN:158,(anonymous_16)
FN:171,(anonymous_17)
FN:180,(anonymous_18)
FN:193,(anonymous_19)
FN:201,(anonymous_20)
FN:219,(anonymous_21)
FN:232,(anonymous_22)
FN:268,(anonymous_23)
FN:278,(anonymous_24)
FNF:21
FNH:0
FNDA:0,(anonymous_4)
FNDA:0,(anonymous_5)
FNDA:0,(anonymous_6)
FNDA:0,(anonymous_7)
FNDA:0,(anonymous_8)
FNDA:0,(anonymous_9)
FNDA:0,(anonymous_10)
FNDA:0,(anonymous_11)
FNDA:0,(anonymous_12)
FNDA:0,(anonymous_13)
FNDA:0,(anonymous_14)
FNDA:0,(anonymous_15)
FNDA:0,(anonymous_16)
FNDA:0,(anonymous_17)
FNDA:0,(anonymous_18)
FNDA:0,(anonymous_19)
FNDA:0,(anonymous_20)
FNDA:0,(anonymous_21)
FNDA:0,(anonymous_22)
FNDA:0,(anonymous_23)
FNDA:0,(anonymous_24)
DA:2,0
DA:3,0
DA:4,0
DA:5,0
DA:6,0
DA:7,0
DA:8,0
DA:9,0
DA:13,0
DA:16,0
DA:18,0
DA:20,0
DA:21,0
DA:25,0
DA:26,0
DA:27,0
DA:31,0
DA:35,0
DA:38,0
DA:40,0
DA:42,0
DA:46,0
DA:50,0
DA:51,0
DA:52,0
DA:56,0
DA:59,0
DA:60,0
DA:64,0
DA:65,0
DA:69,0
DA:70,0
DA:74,0
DA:75,0
DA:78,0
DA:79,0
DA:80,0
DA:82,0
DA:87,0
DA:94,0
DA:95,0
DA:96,0
DA:99,0
DA:101,0
DA:102,0
DA:103,0
DA:104,0
DA:107,0
DA:108,0
DA:111,0
DA:112,0
DA:116,0
DA:120,0
DA:121,0
DA:124,0
DA:125,0
DA:126,0
DA:127,0
DA:128,0
DA:129,0
DA:130,0
DA:131,0
DA:132,0
DA:133,0
DA:137,0
DA:139,0
DA:149,0
DA:150,0
DA:158,0
DA:159,0
DA:164,0
DA:172,0
DA:173,0
DA:174,0
DA:177,0
DA:181,0
DA:186,0
DA:187,0
DA:191,0
DA:192,0
DA:193,0
DA:198,0
DA:202,0
DA:203,0
DA:204,0
DA:208,0
DA:209,0
DA:211,0
DA:214,0
DA:216,0
DA:220,0
DA:221,0
DA:222,0
DA:226,0
DA:227,0
DA:229,0
DA:233,0
DA:234,0
DA:235,0
DA:238,0
DA:243,0
DA:244,0
DA:245,0
DA:248,0
DA:249,0
DA:250,0
DA:252,0
DA:258,0
DA:265,0
DA:269,0
DA:271,0
DA:273,0
DA:274,0
DA:277,0
DA:278,0
DA:281,0
DA:283,0
DA:284,0
DA:285,0
DA:289,0
DA:298,0
DA:301,0
LF:122
LH:0
BRDA:26,0,0,0
BRDA:50,1,0,0
BRDA:59,2,0,0
BRDA:64,3,0,0
BRDA:64,4,0,0
BRDA:64,4,1,0
BRDA:69,5,0,0
BRDA:78,6,0,0
BRDA:95,7,0,0
BRDA:99,8,0,0
BRDA:103,9,0,0
BRDA:103,10,0,0
BRDA:103,10,1,0
BRDA:120,11,0,0
BRDA:129,12,0,0
BRDA:129,12,1,0
BRDA:131,13,0,0
BRDA:149,14,0,0
BRDA:159,15,0,0
BRDA:159,15,1,0
BRDA:159,15,2,0
BRDA:173,16,0,0
BRDA:186,17,0,0
BRDA:191,18,0,0
BRDA:203,19,0,0
BRDA:221,20,0,0
BRDA:234,21,0,0
BRDA:234,22,0,0
BRDA:234,22,1,0
BRDA:244,23,0,0
BRDA:250,24,0,0
BRDA:250,24,1,0
BRDA:273,25,0,0
BRDA:277,26,0,0
BRDA:277,27,0,0
BRDA:277,27,1,0
BRDA:283,28,0,0
BRDA:290,29,0,0
BRDA:290,29,1,0
BRDA:16,30,0,0
BRDA:16,30,1,0
BRDA:16,31,0,0
BRDA:16,31,1,0
BRDA:16,32,0,0
BRDA:16,32,1,0
BRDA:16,33,0,0
BRDA:16,33,1,0
BRDA:18,34,0,0
BRDA:18,34,1,0
BRDA:18,35,0,0
BRDA:18,35,1,0
BRDA:20,36,0,0
BRDA:20,36,1,0
BRDA:20,37,0,0
BRDA:20,37,1,0
BRF:55
BRH:0
end_of_record
TN:
SF:src\task\task.controller.ts
FN:8,(anonymous_4)
FN:11,(anonymous_5)
FN:23,(anonymous_6)
FN:34,(anonymous_7)
FN:45,(anonymous_8)
FN:55,(anonymous_9)
FN:67,(anonymous_10)
FN:77,(anonymous_11)
FNF:8
FNH:0
FNDA:0,(anonymous_4)
FNDA:0,(anonymous_5)
FNDA:0,(anonymous_6)
FNDA:0,(anonymous_7)
FNDA:0,(anonymous_8)
FNDA:0,(anonymous_9)
FNDA:0,(anonymous_10)
FNDA:0,(anonymous_11)
DA:2,0
DA:3,0
DA:4,0
DA:7,0
DA:8,0
DA:11,0
DA:18,0
DA:19,0
DA:23,0
DA:28,0
DA:29,0
DA:34,0
DA:39,0
DA:40,0
DA:41,0
DA:45,0
DA:49,0
DA:50,0
DA:51,0
DA:55,0
DA:61,0
DA:62,0
DA:63,0
DA:67,0
DA:70,0
DA:71,0
DA:73,0
DA:78,0
DA:79,0
DA:80,0
DA:83,0
DA:84,0
DA:85,0
LF:33
LH:0
BRDA:70,0,0,0
BRDA:79,1,0,0
BRDA:83,2,0,0
BRDA:83,2,1,0
BRDA:84,3,0,0
BRDA:25,4,0,0
BRDA:25,4,1,0
BRDA:25,5,0,0
BRDA:25,5,1,0
BRDA:36,6,0,0
BRDA:36,6,1,0
BRDA:36,7,0,0
BRDA:36,7,1,0
BRDA:57,8,0,0
BRDA:57,8,1,0
BRDA:57,9,0,0
BRDA:57,9,1,0
BRDA:8,10,0,0
BRDA:8,10,1,0
BRDA:8,11,0,0
BRDA:8,11,1,0
BRF:21
BRH:0
end_of_record
TN:
SF:src\task\task.module.ts
FNF:0
FNH:0
DA:2,0
DA:3,0
DA:4,0
DA:5,0
DA:6,0
DA:7,0
DA:8,0
DA:9,0
DA:20,0
LF:9
LH:0
BRF:0
BRH:0
end_of_record
TN:
SF:src\task\task.service.ts
FN:14,(anonymous_4)
FN:24,(anonymous_5)
FN:37,(anonymous_6)
FN:77,(anonymous_7)
FN:85,(anonymous_8)
FN:98,(anonymous_9)
FN:111,(anonymous_10)
FN:124,(anonymous_11)
FN:138,(anonymous_12)
FN:146,(anonymous_13)
FN:157,(anonymous_14)
FN:161,(anonymous_15)
FN:167,(anonymous_16)
FNF:13
FNH:13
FNDA:36,(anonymous_4)
FNDA:10,(anonymous_5)
FNDA:7,(anonymous_6)
FNDA:1,(anonymous_7)
FNDA:2,(anonymous_8)
FNDA:5,(anonymous_9)
FNDA:4,(anonymous_10)
FNDA:8,(anonymous_11)
FNDA:1,(anonymous_12)
FNDA:2,(anonymous_13)
FNDA:2,(anonymous_14)
FNDA:2,(anonymous_15)
FNDA:3,(anonymous_16)
DA:2,2
DA:3,2
DA:4,2
DA:5,2
DA:6,2
DA:7,2
DA:8,2
DA:9,2
DA:10,2
DA:13,2
DA:16,36
DA:18,36
DA:20,36
DA:21,36
DA:25,10
DA:30,10
DA:31,1
DA:34,9
DA:38,7
DA:40,7
DA:41,7
DA:47,3
DA:50,7
DA:57,7
DA:59,7
DA:60,3
DA:73,7
DA:78,1
DA:79,1
DA:86,2
DA:90,2
DA:91,1
DA:94,1
DA:99,5
DA:101,5
DA:102,2
DA:105,3
DA:106,3
DA:108,3
DA:112,4
DA:114,4
DA:115,2
DA:118,2
DA:119,2
DA:121,2
DA:125,8
DA:127,8
DA:128,3
DA:131,5
DA:132,3
DA:135,2
DA:139,1
DA:147,2
DA:158,2
DA:162,2
DA:163,2
DA:164,1
DA:168,3
DA:169,3
DA:176,0
LF:60
LH:59
BRDA:30,0,0,1
BRDA:42,1,0,7
BRDA:42,1,1,7
BRDA:54,2,0,7
BRDA:54,2,1,1
BRDA:59,3,0,3
BRDA:90,4,0,1
BRDA:101,5,0,2
BRDA:114,6,0,2
BRDA:127,7,0,3
BRDA:131,8,0,3
BRDA:163,9,0,1
BRDA:171,10,0,3
BRDA:171,10,1,3
BRDA:16,11,0,2
BRDA:16,11,1,0
BRDA:16,12,0,2
BRDA:16,12,1,2
BRDA:16,13,0,2
BRDA:16,13,1,0
BRDA:16,14,0,2
BRDA:16,14,1,2
BRDA:18,15,0,2
BRDA:18,15,1,0
BRDA:18,16,0,2
BRDA:18,16,1,2
BRDA:20,17,0,2
BRDA:20,17,1,0
BRDA:20,18,0,2
BRDA:20,18,1,2
BRF:30
BRH:26
end_of_record
TN:
SF:src\test\bdd\setup\bdd-testing.module.ts
FN:12,(anonymous_0)
FNF:1
FNH:0
FNDA:0,(anonymous_0)
DA:3,0
DA:4,0
DA:5,0
DA:6,0
DA:7,0
DA:8,0
DA:9,0
DA:11,0
DA:13,0
DA:48,0
LF:10
LH:0
BRF:0
BRH:0
end_of_record
