{"files":{"src/auth/auth.service.ts":{"language":"typescript","mutants":[{"id":"0","mutatorName":"BlockStatement","replacement":"{}","statusReason":"src/auth/auth.service.ts(21,45): error TS2355: A function whose declared type is neither 'undefined', 'void', nor 'any' must return a value.\r\n","status":"CompileError","static":false,"coveredBy":["0","1","2","3","4","5","6","10","11","12","13","14","15","16","20","22","23","24","25","26","27","28","29","30","31","32","33","34","35","36","37","38","39","40"],"location":{"end":{"column":4,"line":66},"start":{"column":83,"line":21}}},{"id":"1","mutatorName":"Regex","replacement":"/[^\\s@]+@[^\\s@]+\\.[^\\s@]+$/","statusReason":"Error: expect(received).rejects.toThrow(expected)\n\nExpected constructor: ConflictException\nReceived constructor: TypeError\n\nReceived message: \"Cannot read properties of undefined (reading 'id')\"\n\n      121 |       const savedUser = await this.usersRepository.save(user);\n      122 |       const token = this.jwtService.sign({\n    > 123 |         id: savedUser.id,\n          |                       ^\n      124 |         email: savedUser.email,\n      125 |         role: savedUser.role\n      126 |       } as JwtPayload);\n\n      at AuthService.register (src/auth/auth.service.ts:123:23)\n      at Object.<anonymous> (src/test/unit/auth/auth.service.equivalence.spec.ts:202:13)\n    at Object.toThrow (C:\\VKR\\workflow-app\\auth-service\\node_modules\\expect\\build\\index.js:218:22)\n    at Object.<anonymous> (C:\\VKR\\workflow-app\\auth-service\\.stryker-tmp\\sandbox-T34aAZ\\src\\test\\unit\\auth\\auth.service.equivalence.spec.ts:202:69)\n    at Promise.then.completed (C:\\VKR\\workflow-app\\auth-service\\node_modules\\jest-circus\\build\\utils.js:298:28)\n    at new Promise (<anonymous>)\n    at callAsyncCircusFn (C:\\VKR\\workflow-app\\auth-service\\node_modules\\jest-circus\\build\\utils.js:231:10)\n    at _callCircusTest (C:\\VKR\\workflow-app\\auth-service\\node_modules\\jest-circus\\build\\run.js:316:40)\n    at _runTest (C:\\VKR\\workflow-app\\auth-service\\node_modules\\jest-circus\\build\\run.js:252:3)\n    at _runTestsForDescribeBlock (C:\\VKR\\workflow-app\\auth-service\\node_modules\\jest-circus\\build\\run.js:126:9)\n    at _runTestsForDescribeBlock (C:\\VKR\\workflow-app\\auth-service\\node_modules\\jest-circus\\build\\run.js:121:9)\n    at _runTestsForDescribeBlock (C:\\VKR\\workflow-app\\auth-service\\node_modules\\jest-circus\\build\\run.js:121:9)\n    at run (C:\\VKR\\workflow-app\\auth-service\\node_modules\\jest-circus\\build\\run.js:71:3)\n    at runAndTransformResultsToJestFormat (C:\\VKR\\workflow-app\\auth-service\\node_modules\\jest-circus\\build\\legacy-code-todo-rewrite\\jestAdapterInit.js:122:21)\n    at jestAdapter (C:\\VKR\\workflow-app\\auth-service\\node_modules\\jest-circus\\build\\legacy-code-todo-rewrite\\jestAdapter.js:79:19)\n    at runTestInternal (C:\\VKR\\workflow-app\\auth-service\\node_modules\\jest-runner\\build\\runTest.js:367:16)\n    at runTest (C:\\VKR\\workflow-app\\auth-service\\node_modules\\jest-runner\\build\\runTest.js:444:34)","status":"Killed","static":false,"testsCompleted":34,"killedBy":["10"],"coveredBy":["0","1","2","3","4","5","6","10","11","12","13","14","15","16","20","22","23","24","25","26","27","28","29","30","31","32","33","34","35","36","37","38","39","40"],"location":{"end":{"column":52,"line":22},"start":{"column":24,"line":22}}},{"id":"2","mutatorName":"Regex","replacement":"/^[^\\s@]+@[^\\s@]+\\.[^\\s@]+/","statusReason":"Error: expect(received).rejects.toThrow(expected)\n\nExpected constructor: ConflictException\nReceived constructor: TypeError\n\nReceived message: \"Cannot read properties of undefined (reading 'id')\"\n\n      121 |       const savedUser = await this.usersRepository.save(user);\n      122 |       const token = this.jwtService.sign({\n    > 123 |         id: savedUser.id,\n          |                       ^\n      124 |         email: savedUser.email,\n      125 |         role: savedUser.role\n      126 |       } as JwtPayload);\n\n      at AuthService.register (src/auth/auth.service.ts:123:23)\n      at Object.<anonymous> (src/test/unit/auth/auth.service.equivalence.spec.ts:211:13)\n    at Object.toThrow (C:\\VKR\\workflow-app\\auth-service\\node_modules\\expect\\build\\index.js:218:22)\n    at Object.<anonymous> (C:\\VKR\\workflow-app\\auth-service\\.stryker-tmp\\sandbox-T34aAZ\\src\\test\\unit\\auth\\auth.service.equivalence.spec.ts:211:69)\n    at Promise.then.completed (C:\\VKR\\workflow-app\\auth-service\\node_modules\\jest-circus\\build\\utils.js:298:28)\n    at new Promise (<anonymous>)\n    at callAsyncCircusFn (C:\\VKR\\workflow-app\\auth-service\\node_modules\\jest-circus\\build\\utils.js:231:10)\n    at _callCircusTest (C:\\VKR\\workflow-app\\auth-service\\node_modules\\jest-circus\\build\\run.js:316:40)\n    at _runTest (C:\\VKR\\workflow-app\\auth-service\\node_modules\\jest-circus\\build\\run.js:252:3)\n    at _runTestsForDescribeBlock (C:\\VKR\\workflow-app\\auth-service\\node_modules\\jest-circus\\build\\run.js:126:9)\n    at _runTestsForDescribeBlock (C:\\VKR\\workflow-app\\auth-service\\node_modules\\jest-circus\\build\\run.js:121:9)\n    at _runTestsForDescribeBlock (C:\\VKR\\workflow-app\\auth-service\\node_modules\\jest-circus\\build\\run.js:121:9)\n    at run (C:\\VKR\\workflow-app\\auth-service\\node_modules\\jest-circus\\build\\run.js:71:3)\n    at runAndTransformResultsToJestFormat (C:\\VKR\\workflow-app\\auth-service\\node_modules\\jest-circus\\build\\legacy-code-todo-rewrite\\jestAdapterInit.js:122:21)\n    at jestAdapter (C:\\VKR\\workflow-app\\auth-service\\node_modules\\jest-circus\\build\\legacy-code-todo-rewrite\\jestAdapter.js:79:19)\n    at runTestInternal (C:\\VKR\\workflow-app\\auth-service\\node_modules\\jest-runner\\build\\runTest.js:367:16)\n    at runTest (C:\\VKR\\workflow-app\\auth-service\\node_modules\\jest-runner\\build\\runTest.js:444:34)","status":"Killed","static":false,"testsCompleted":34,"killedBy":["11"],"coveredBy":["0","1","2","3","4","5","6","10","11","12","13","14","15","16","20","22","23","24","25","26","27","28","29","30","31","32","33","34","35","36","37","38","39","40"],"location":{"end":{"column":52,"line":22},"start":{"column":24,"line":22}}},{"id":"3","mutatorName":"Regex","replacement":"/^[^\\s@]@[^\\s@]+\\.[^\\s@]+$/","statusReason":"Error: expect(received).resolves.toBeDefined()\n\nReceived promise rejected instead of resolved\nRejected to value: [ConflictException: Invalid email format]\n    at expect (C:\\VKR\\workflow-app\\auth-service\\node_modules\\expect\\build\\index.js:113:15)\n    at Object.<anonymous> (C:\\VKR\\workflow-app\\auth-service\\.stryker-tmp\\sandbox-T34aAZ\\src\\test\\unit\\auth\\auth.service.equivalence.spec.ts:81:19)\n    at Promise.then.completed (C:\\VKR\\workflow-app\\auth-service\\node_modules\\jest-circus\\build\\utils.js:298:28)\n    at new Promise (<anonymous>)\n    at callAsyncCircusFn (C:\\VKR\\workflow-app\\auth-service\\node_modules\\jest-circus\\build\\utils.js:231:10)\n    at _callCircusTest (C:\\VKR\\workflow-app\\auth-service\\node_modules\\jest-circus\\build\\run.js:316:40)\n    at _runTest (C:\\VKR\\workflow-app\\auth-service\\node_modules\\jest-circus\\build\\run.js:252:3)\n    at _runTestsForDescribeBlock (C:\\VKR\\workflow-app\\auth-service\\node_modules\\jest-circus\\build\\run.js:126:9)\n    at _runTestsForDescribeBlock (C:\\VKR\\workflow-app\\auth-service\\node_modules\\jest-circus\\build\\run.js:121:9)\n    at _runTestsForDescribeBlock (C:\\VKR\\workflow-app\\auth-service\\node_modules\\jest-circus\\build\\run.js:121:9)\n    at run (C:\\VKR\\workflow-app\\auth-service\\node_modules\\jest-circus\\build\\run.js:71:3)\n    at runAndTransformResultsToJestFormat (C:\\VKR\\workflow-app\\auth-service\\node_modules\\jest-circus\\build\\legacy-code-todo-rewrite\\jestAdapterInit.js:122:21)\n    at jestAdapter (C:\\VKR\\workflow-app\\auth-service\\node_modules\\jest-circus\\build\\legacy-code-todo-rewrite\\jestAdapter.js:79:19)\n    at runTestInternal (C:\\VKR\\workflow-app\\auth-service\\node_modules\\jest-runner\\build\\runTest.js:367:16)\n    at runTest (C:\\VKR\\workflow-app\\auth-service\\node_modules\\jest-runner\\build\\runTest.js:444:34)","status":"Killed","static":false,"testsCompleted":34,"killedBy":["4"],"coveredBy":["0","1","2","3","4","5","6","10","11","12","13","14","15","16","20","22","23","24","25","26","27","28","29","30","31","32","33","34","35","36","37","38","39","40"],"location":{"end":{"column":52,"line":22},"start":{"column":24,"line":22}}},{"id":"4","mutatorName":"Regex","replacement":"/^[\\s@]+@[^\\s@]+\\.[^\\s@]+$/","statusReason":"Error: expect(received).resolves.toBeDefined()\n\nReceived promise rejected instead of resolved\nRejected to value: [ConflictException: Invalid email format]\n    at expect (C:\\VKR\\workflow-app\\auth-service\\node_modules\\expect\\build\\index.js:113:15)\n    at Object.<anonymous> (C:\\VKR\\workflow-app\\auth-service\\.stryker-tmp\\sandbox-T34aAZ\\src\\test\\unit\\auth\\auth.service.equivalence.spec.ts:81:19)\n    at Promise.then.completed (C:\\VKR\\workflow-app\\auth-service\\node_modules\\jest-circus\\build\\utils.js:298:28)\n    at new Promise (<anonymous>)\n    at callAsyncCircusFn (C:\\VKR\\workflow-app\\auth-service\\node_modules\\jest-circus\\build\\utils.js:231:10)\n    at _callCircusTest (C:\\VKR\\workflow-app\\auth-service\\node_modules\\jest-circus\\build\\run.js:316:40)\n    at _runTest (C:\\VKR\\workflow-app\\auth-service\\node_modules\\jest-circus\\build\\run.js:252:3)\n    at _runTestsForDescribeBlock (C:\\VKR\\workflow-app\\auth-service\\node_modules\\jest-circus\\build\\run.js:126:9)\n    at _runTestsForDescribeBlock (C:\\VKR\\workflow-app\\auth-service\\node_modules\\jest-circus\\build\\run.js:121:9)\n    at _runTestsForDescribeBlock (C:\\VKR\\workflow-app\\auth-service\\node_modules\\jest-circus\\build\\run.js:121:9)\n    at run (C:\\VKR\\workflow-app\\auth-service\\node_modules\\jest-circus\\build\\run.js:71:3)\n    at runAndTransformResultsToJestFormat (C:\\VKR\\workflow-app\\auth-service\\node_modules\\jest-circus\\build\\legacy-code-todo-rewrite\\jestAdapterInit.js:122:21)\n    at jestAdapter (C:\\VKR\\workflow-app\\auth-service\\node_modules\\jest-circus\\build\\legacy-code-todo-rewrite\\jestAdapter.js:79:19)\n    at runTestInternal (C:\\VKR\\workflow-app\\auth-service\\node_modules\\jest-runner\\build\\runTest.js:367:16)\n    at runTest (C:\\VKR\\workflow-app\\auth-service\\node_modules\\jest-runner\\build\\runTest.js:444:34)","status":"Killed","static":false,"testsCompleted":34,"killedBy":["4"],"coveredBy":["0","1","2","3","4","5","6","10","11","12","13","14","15","16","20","22","23","24","25","26","27","28","29","30","31","32","33","34","35","36","37","38","39","40"],"location":{"end":{"column":52,"line":22},"start":{"column":24,"line":22}}},{"id":"5","mutatorName":"Regex","replacement":"/^[^\\S@]+@[^\\s@]+\\.[^\\s@]+$/","statusReason":"Error: expect(received).resolves.toBeDefined()\n\nReceived promise rejected instead of resolved\nRejected to value: [ConflictException: Invalid email format]\n    at expect (C:\\VKR\\workflow-app\\auth-service\\node_modules\\expect\\build\\index.js:113:15)\n    at Object.<anonymous> (C:\\VKR\\workflow-app\\auth-service\\.stryker-tmp\\sandbox-T34aAZ\\src\\test\\unit\\auth\\auth.service.equivalence.spec.ts:81:19)\n    at Promise.then.completed (C:\\VKR\\workflow-app\\auth-service\\node_modules\\jest-circus\\build\\utils.js:298:28)\n    at new Promise (<anonymous>)\n    at callAsyncCircusFn (C:\\VKR\\workflow-app\\auth-service\\node_modules\\jest-circus\\build\\utils.js:231:10)\n    at _callCircusTest (C:\\VKR\\workflow-app\\auth-service\\node_modules\\jest-circus\\build\\run.js:316:40)\n    at _runTest (C:\\VKR\\workflow-app\\auth-service\\node_modules\\jest-circus\\build\\run.js:252:3)\n    at _runTestsForDescribeBlock (C:\\VKR\\workflow-app\\auth-service\\node_modules\\jest-circus\\build\\run.js:126:9)\n    at _runTestsForDescribeBlock (C:\\VKR\\workflow-app\\auth-service\\node_modules\\jest-circus\\build\\run.js:121:9)\n    at _runTestsForDescribeBlock (C:\\VKR\\workflow-app\\auth-service\\node_modules\\jest-circus\\build\\run.js:121:9)\n    at run (C:\\VKR\\workflow-app\\auth-service\\node_modules\\jest-circus\\build\\run.js:71:3)\n    at runAndTransformResultsToJestFormat (C:\\VKR\\workflow-app\\auth-service\\node_modules\\jest-circus\\build\\legacy-code-todo-rewrite\\jestAdapterInit.js:122:21)\n    at jestAdapter (C:\\VKR\\workflow-app\\auth-service\\node_modules\\jest-circus\\build\\legacy-code-todo-rewrite\\jestAdapter.js:79:19)\n    at runTestInternal (C:\\VKR\\workflow-app\\auth-service\\node_modules\\jest-runner\\build\\runTest.js:367:16)\n    at runTest (C:\\VKR\\workflow-app\\auth-service\\node_modules\\jest-runner\\build\\runTest.js:444:34)","status":"Killed","static":false,"testsCompleted":34,"killedBy":["4"],"coveredBy":["0","1","2","3","4","5","6","10","11","12","13","14","15","16","20","22","23","24","25","26","27","28","29","30","31","32","33","34","35","36","37","38","39","40"],"location":{"end":{"column":52,"line":22},"start":{"column":24,"line":22}}},{"id":"6","mutatorName":"Regex","replacement":"/^[^\\s@]+@[^\\s@]\\.[^\\s@]+$/","statusReason":"Error: expect(received).resolves.toBeDefined()\n\nReceived promise rejected instead of resolved\nRejected to value: [ConflictException: Invalid email format]\n    at expect (C:\\VKR\\workflow-app\\auth-service\\node_modules\\expect\\build\\index.js:113:15)\n    at Object.<anonymous> (C:\\VKR\\workflow-app\\auth-service\\.stryker-tmp\\sandbox-T34aAZ\\src\\test\\unit\\auth\\auth.service.equivalence.spec.ts:81:19)\n    at Promise.then.completed (C:\\VKR\\workflow-app\\auth-service\\node_modules\\jest-circus\\build\\utils.js:298:28)\n    at new Promise (<anonymous>)\n    at callAsyncCircusFn (C:\\VKR\\workflow-app\\auth-service\\node_modules\\jest-circus\\build\\utils.js:231:10)\n    at _callCircusTest (C:\\VKR\\workflow-app\\auth-service\\node_modules\\jest-circus\\build\\run.js:316:40)\n    at _runTest (C:\\VKR\\workflow-app\\auth-service\\node_modules\\jest-circus\\build\\run.js:252:3)\n    at _runTestsForDescribeBlock (C:\\VKR\\workflow-app\\auth-service\\node_modules\\jest-circus\\build\\run.js:126:9)\n    at _runTestsForDescribeBlock (C:\\VKR\\workflow-app\\auth-service\\node_modules\\jest-circus\\build\\run.js:121:9)\n    at _runTestsForDescribeBlock (C:\\VKR\\workflow-app\\auth-service\\node_modules\\jest-circus\\build\\run.js:121:9)\n    at run (C:\\VKR\\workflow-app\\auth-service\\node_modules\\jest-circus\\build\\run.js:71:3)\n    at runAndTransformResultsToJestFormat (C:\\VKR\\workflow-app\\auth-service\\node_modules\\jest-circus\\build\\legacy-code-todo-rewrite\\jestAdapterInit.js:122:21)\n    at jestAdapter (C:\\VKR\\workflow-app\\auth-service\\node_modules\\jest-circus\\build\\legacy-code-todo-rewrite\\jestAdapter.js:79:19)\n    at runTestInternal (C:\\VKR\\workflow-app\\auth-service\\node_modules\\jest-runner\\build\\runTest.js:367:16)\n    at runTest (C:\\VKR\\workflow-app\\auth-service\\node_modules\\jest-runner\\build\\runTest.js:444:34)","status":"Killed","static":false,"testsCompleted":34,"killedBy":["4"],"coveredBy":["0","1","2","3","4","5","6","10","11","12","13","14","15","16","20","22","23","24","25","26","27","28","29","30","31","32","33","34","35","36","37","38","39","40"],"location":{"end":{"column":52,"line":22},"start":{"column":24,"line":22}}},{"id":"7","mutatorName":"Regex","replacement":"/^[^\\s@]+@[\\s@]+\\.[^\\s@]+$/","statusReason":"Error: expect(received).resolves.toBeDefined()\n\nReceived promise rejected instead of resolved\nRejected to value: [ConflictException: Invalid email format]\n    at expect (C:\\VKR\\workflow-app\\auth-service\\node_modules\\expect\\build\\index.js:113:15)\n    at Object.<anonymous> (C:\\VKR\\workflow-app\\auth-service\\.stryker-tmp\\sandbox-T34aAZ\\src\\test\\unit\\auth\\auth.service.equivalence.spec.ts:81:19)\n    at Promise.then.completed (C:\\VKR\\workflow-app\\auth-service\\node_modules\\jest-circus\\build\\utils.js:298:28)\n    at new Promise (<anonymous>)\n    at callAsyncCircusFn (C:\\VKR\\workflow-app\\auth-service\\node_modules\\jest-circus\\build\\utils.js:231:10)\n    at _callCircusTest (C:\\VKR\\workflow-app\\auth-service\\node_modules\\jest-circus\\build\\run.js:316:40)\n    at _runTest (C:\\VKR\\workflow-app\\auth-service\\node_modules\\jest-circus\\build\\run.js:252:3)\n    at _runTestsForDescribeBlock (C:\\VKR\\workflow-app\\auth-service\\node_modules\\jest-circus\\build\\run.js:126:9)\n    at _runTestsForDescribeBlock (C:\\VKR\\workflow-app\\auth-service\\node_modules\\jest-circus\\build\\run.js:121:9)\n    at _runTestsForDescribeBlock (C:\\VKR\\workflow-app\\auth-service\\node_modules\\jest-circus\\build\\run.js:121:9)\n    at run (C:\\VKR\\workflow-app\\auth-service\\node_modules\\jest-circus\\build\\run.js:71:3)\n    at runAndTransformResultsToJestFormat (C:\\VKR\\workflow-app\\auth-service\\node_modules\\jest-circus\\build\\legacy-code-todo-rewrite\\jestAdapterInit.js:122:21)\n    at jestAdapter (C:\\VKR\\workflow-app\\auth-service\\node_modules\\jest-circus\\build\\legacy-code-todo-rewrite\\jestAdapter.js:79:19)\n    at runTestInternal (C:\\VKR\\workflow-app\\auth-service\\node_modules\\jest-runner\\build\\runTest.js:367:16)\n    at runTest (C:\\VKR\\workflow-app\\auth-service\\node_modules\\jest-runner\\build\\runTest.js:444:34)","status":"Killed","static":false,"testsCompleted":34,"killedBy":["4"],"coveredBy":["0","1","2","3","4","5","6","10","11","12","13","14","15","16","20","22","23","24","25","26","27","28","29","30","31","32","33","34","35","36","37","38","39","40"],"location":{"end":{"column":52,"line":22},"start":{"column":24,"line":22}}},{"id":"8","mutatorName":"Regex","replacement":"/^[^\\s@]+@[^\\S@]+\\.[^\\s@]+$/","statusReason":"Error: expect(received).resolves.toBeDefined()\n\nReceived promise rejected instead of resolved\nRejected to value: [ConflictException: Invalid email format]\n    at expect (C:\\VKR\\workflow-app\\auth-service\\node_modules\\expect\\build\\index.js:113:15)\n    at Object.<anonymous> (C:\\VKR\\workflow-app\\auth-service\\.stryker-tmp\\sandbox-T34aAZ\\src\\test\\unit\\auth\\auth.service.equivalence.spec.ts:81:19)\n    at Promise.then.completed (C:\\VKR\\workflow-app\\auth-service\\node_modules\\jest-circus\\build\\utils.js:298:28)\n    at new Promise (<anonymous>)\n    at callAsyncCircusFn (C:\\VKR\\workflow-app\\auth-service\\node_modules\\jest-circus\\build\\utils.js:231:10)\n    at _callCircusTest (C:\\VKR\\workflow-app\\auth-service\\node_modules\\jest-circus\\build\\run.js:316:40)\n    at _runTest (C:\\VKR\\workflow-app\\auth-service\\node_modules\\jest-circus\\build\\run.js:252:3)\n    at _runTestsForDescribeBlock (C:\\VKR\\workflow-app\\auth-service\\node_modules\\jest-circus\\build\\run.js:126:9)\n    at _runTestsForDescribeBlock (C:\\VKR\\workflow-app\\auth-service\\node_modules\\jest-circus\\build\\run.js:121:9)\n    at _runTestsForDescribeBlock (C:\\VKR\\workflow-app\\auth-service\\node_modules\\jest-circus\\build\\run.js:121:9)\n    at run (C:\\VKR\\workflow-app\\auth-service\\node_modules\\jest-circus\\build\\run.js:71:3)\n    at runAndTransformResultsToJestFormat (C:\\VKR\\workflow-app\\auth-service\\node_modules\\jest-circus\\build\\legacy-code-todo-rewrite\\jestAdapterInit.js:122:21)\n    at jestAdapter (C:\\VKR\\workflow-app\\auth-service\\node_modules\\jest-circus\\build\\legacy-code-todo-rewrite\\jestAdapter.js:79:19)\n    at runTestInternal (C:\\VKR\\workflow-app\\auth-service\\node_modules\\jest-runner\\build\\runTest.js:367:16)\n    at runTest (C:\\VKR\\workflow-app\\auth-service\\node_modules\\jest-runner\\build\\runTest.js:444:34)","status":"Killed","static":false,"testsCompleted":34,"killedBy":["4"],"coveredBy":["0","1","2","3","4","5","6","10","11","12","13","14","15","16","20","22","23","24","25","26","27","28","29","30","31","32","33","34","35","36","37","38","39","40"],"location":{"end":{"column":52,"line":22},"start":{"column":24,"line":22}}},{"id":"9","mutatorName":"Regex","replacement":"/^[^\\s@]+@[^\\s@]+\\.[^\\s@]$/","statusReason":"Error: expect(received).resolves.toBeDefined()\n\nReceived promise rejected instead of resolved\nRejected to value: [ConflictException: Invalid email format]\n    at expect (C:\\VKR\\workflow-app\\auth-service\\node_modules\\expect\\build\\index.js:113:15)\n    at Object.<anonymous> (C:\\VKR\\workflow-app\\auth-service\\.stryker-tmp\\sandbox-T34aAZ\\src\\test\\unit\\auth\\auth.service.equivalence.spec.ts:81:19)\n    at Promise.then.completed (C:\\VKR\\workflow-app\\auth-service\\node_modules\\jest-circus\\build\\utils.js:298:28)\n    at new Promise (<anonymous>)\n    at callAsyncCircusFn (C:\\VKR\\workflow-app\\auth-service\\node_modules\\jest-circus\\build\\utils.js:231:10)\n    at _callCircusTest (C:\\VKR\\workflow-app\\auth-service\\node_modules\\jest-circus\\build\\run.js:316:40)\n    at _runTest (C:\\VKR\\workflow-app\\auth-service\\node_modules\\jest-circus\\build\\run.js:252:3)\n    at _runTestsForDescribeBlock (C:\\VKR\\workflow-app\\auth-service\\node_modules\\jest-circus\\build\\run.js:126:9)\n    at _runTestsForDescribeBlock (C:\\VKR\\workflow-app\\auth-service\\node_modules\\jest-circus\\build\\run.js:121:9)\n    at _runTestsForDescribeBlock (C:\\VKR\\workflow-app\\auth-service\\node_modules\\jest-circus\\build\\run.js:121:9)\n    at run (C:\\VKR\\workflow-app\\auth-service\\node_modules\\jest-circus\\build\\run.js:71:3)\n    at runAndTransformResultsToJestFormat (C:\\VKR\\workflow-app\\auth-service\\node_modules\\jest-circus\\build\\legacy-code-todo-rewrite\\jestAdapterInit.js:122:21)\n    at jestAdapter (C:\\VKR\\workflow-app\\auth-service\\node_modules\\jest-circus\\build\\legacy-code-todo-rewrite\\jestAdapter.js:79:19)\n    at runTestInternal (C:\\VKR\\workflow-app\\auth-service\\node_modules\\jest-runner\\build\\runTest.js:367:16)\n    at runTest (C:\\VKR\\workflow-app\\auth-service\\node_modules\\jest-runner\\build\\runTest.js:444:34)","status":"Killed","static":false,"testsCompleted":34,"killedBy":["4"],"coveredBy":["0","1","2","3","4","5","6","10","11","12","13","14","15","16","20","22","23","24","25","26","27","28","29","30","31","32","33","34","35","36","37","38","39","40"],"location":{"end":{"column":52,"line":22},"start":{"column":24,"line":22}}},{"id":"10","mutatorName":"Regex","replacement":"/^[^\\s@]+@[^\\s@]+\\.[\\s@]+$/","statusReason":"Error: expect(received).resolves.toBeDefined()\n\nReceived promise rejected instead of resolved\nRejected to value: [ConflictException: Invalid email format]\n    at expect (C:\\VKR\\workflow-app\\auth-service\\node_modules\\expect\\build\\index.js:113:15)\n    at Object.<anonymous> (C:\\VKR\\workflow-app\\auth-service\\.stryker-tmp\\sandbox-T34aAZ\\src\\test\\unit\\auth\\auth.service.equivalence.spec.ts:81:19)\n    at Promise.then.completed (C:\\VKR\\workflow-app\\auth-service\\node_modules\\jest-circus\\build\\utils.js:298:28)\n    at new Promise (<anonymous>)\n    at callAsyncCircusFn (C:\\VKR\\workflow-app\\auth-service\\node_modules\\jest-circus\\build\\utils.js:231:10)\n    at _callCircusTest (C:\\VKR\\workflow-app\\auth-service\\node_modules\\jest-circus\\build\\run.js:316:40)\n    at _runTest (C:\\VKR\\workflow-app\\auth-service\\node_modules\\jest-circus\\build\\run.js:252:3)\n    at _runTestsForDescribeBlock (C:\\VKR\\workflow-app\\auth-service\\node_modules\\jest-circus\\build\\run.js:126:9)\n    at _runTestsForDescribeBlock (C:\\VKR\\workflow-app\\auth-service\\node_modules\\jest-circus\\build\\run.js:121:9)\n    at _runTestsForDescribeBlock (C:\\VKR\\workflow-app\\auth-service\\node_modules\\jest-circus\\build\\run.js:121:9)\n    at run (C:\\VKR\\workflow-app\\auth-service\\node_modules\\jest-circus\\build\\run.js:71:3)\n    at runAndTransformResultsToJestFormat (C:\\VKR\\workflow-app\\auth-service\\node_modules\\jest-circus\\build\\legacy-code-todo-rewrite\\jestAdapterInit.js:122:21)\n    at jestAdapter (C:\\VKR\\workflow-app\\auth-service\\node_modules\\jest-circus\\build\\legacy-code-todo-rewrite\\jestAdapter.js:79:19)\n    at runTestInternal (C:\\VKR\\workflow-app\\auth-service\\node_modules\\jest-runner\\build\\runTest.js:367:16)\n    at runTest (C:\\VKR\\workflow-app\\auth-service\\node_modules\\jest-runner\\build\\runTest.js:444:34)","status":"Killed","static":false,"testsCompleted":34,"killedBy":["4"],"coveredBy":["0","1","2","3","4","5","6","10","11","12","13","14","15","16","20","22","23","24","25","26","27","28","29","30","31","32","33","34","35","36","37","38","39","40"],"location":{"end":{"column":52,"line":22},"start":{"column":24,"line":22}}},{"id":"11","mutatorName":"Regex","replacement":"/^[^\\s@]+@[^\\s@]+\\.[^\\S@]+$/","statusReason":"Error: expect(received).resolves.toBeDefined()\n\nReceived promise rejected instead of resolved\nRejected to value: [ConflictException: Invalid email format]\n    at expect (C:\\VKR\\workflow-app\\auth-service\\node_modules\\expect\\build\\index.js:113:15)\n    at Object.<anonymous> (C:\\VKR\\workflow-app\\auth-service\\.stryker-tmp\\sandbox-T34aAZ\\src\\test\\unit\\auth\\auth.service.equivalence.spec.ts:81:19)\n    at Promise.then.completed (C:\\VKR\\workflow-app\\auth-service\\node_modules\\jest-circus\\build\\utils.js:298:28)\n    at new Promise (<anonymous>)\n    at callAsyncCircusFn (C:\\VKR\\workflow-app\\auth-service\\node_modules\\jest-circus\\build\\utils.js:231:10)\n    at _callCircusTest (C:\\VKR\\workflow-app\\auth-service\\node_modules\\jest-circus\\build\\run.js:316:40)\n    at _runTest (C:\\VKR\\workflow-app\\auth-service\\node_modules\\jest-circus\\build\\run.js:252:3)\n    at _runTestsForDescribeBlock (C:\\VKR\\workflow-app\\auth-service\\node_modules\\jest-circus\\build\\run.js:126:9)\n    at _runTestsForDescribeBlock (C:\\VKR\\workflow-app\\auth-service\\node_modules\\jest-circus\\build\\run.js:121:9)\n    at _runTestsForDescribeBlock (C:\\VKR\\workflow-app\\auth-service\\node_modules\\jest-circus\\build\\run.js:121:9)\n    at run (C:\\VKR\\workflow-app\\auth-service\\node_modules\\jest-circus\\build\\run.js:71:3)\n    at runAndTransformResultsToJestFormat (C:\\VKR\\workflow-app\\auth-service\\node_modules\\jest-circus\\build\\legacy-code-todo-rewrite\\jestAdapterInit.js:122:21)\n    at jestAdapter (C:\\VKR\\workflow-app\\auth-service\\node_modules\\jest-circus\\build\\legacy-code-todo-rewrite\\jestAdapter.js:79:19)\n    at runTestInternal (C:\\VKR\\workflow-app\\auth-service\\node_modules\\jest-runner\\build\\runTest.js:367:16)\n    at runTest (C:\\VKR\\workflow-app\\auth-service\\node_modules\\jest-runner\\build\\runTest.js:444:34)","status":"Killed","static":false,"testsCompleted":34,"killedBy":["4"],"coveredBy":["0","1","2","3","4","5","6","10","11","12","13","14","15","16","20","22","23","24","25","26","27","28","29","30","31","32","33","34","35","36","37","38","39","40"],"location":{"end":{"column":52,"line":22},"start":{"column":24,"line":22}}},{"id":"12","mutatorName":"BooleanLiteral","replacement":"emailRegex.test(registerDto.email)","statusReason":"Error: expect(received).resolves.toBeDefined()\n\nReceived promise rejected instead of resolved\nRejected to value: [ConflictException: Invalid email format]\n    at expect (C:\\VKR\\workflow-app\\auth-service\\node_modules\\expect\\build\\index.js:113:15)\n    at Object.<anonymous> (C:\\VKR\\workflow-app\\auth-service\\.stryker-tmp\\sandbox-T34aAZ\\src\\test\\unit\\auth\\auth.service.equivalence.spec.ts:81:19)\n    at Promise.then.completed (C:\\VKR\\workflow-app\\auth-service\\node_modules\\jest-circus\\build\\utils.js:298:28)\n    at new Promise (<anonymous>)\n    at callAsyncCircusFn (C:\\VKR\\workflow-app\\auth-service\\node_modules\\jest-circus\\build\\utils.js:231:10)\n    at _callCircusTest (C:\\VKR\\workflow-app\\auth-service\\node_modules\\jest-circus\\build\\run.js:316:40)\n    at _runTest (C:\\VKR\\workflow-app\\auth-service\\node_modules\\jest-circus\\build\\run.js:252:3)\n    at _runTestsForDescribeBlock (C:\\VKR\\workflow-app\\auth-service\\node_modules\\jest-circus\\build\\run.js:126:9)\n    at _runTestsForDescribeBlock (C:\\VKR\\workflow-app\\auth-service\\node_modules\\jest-circus\\build\\run.js:121:9)\n    at _runTestsForDescribeBlock (C:\\VKR\\workflow-app\\auth-service\\node_modules\\jest-circus\\build\\run.js:121:9)\n    at run (C:\\VKR\\workflow-app\\auth-service\\node_modules\\jest-circus\\build\\run.js:71:3)\n    at runAndTransformResultsToJestFormat (C:\\VKR\\workflow-app\\auth-service\\node_modules\\jest-circus\\build\\legacy-code-todo-rewrite\\jestAdapterInit.js:122:21)\n    at jestAdapter (C:\\VKR\\workflow-app\\auth-service\\node_modules\\jest-circus\\build\\legacy-code-todo-rewrite\\jestAdapter.js:79:19)\n    at runTestInternal (C:\\VKR\\workflow-app\\auth-service\\node_modules\\jest-runner\\build\\runTest.js:367:16)\n    at runTest (C:\\VKR\\workflow-app\\auth-service\\node_modules\\jest-runner\\build\\runTest.js:444:34)","status":"Killed","static":false,"testsCompleted":34,"killedBy":["4"],"coveredBy":["0","1","2","3","4","5","6","10","11","12","13","14","15","16","20","22","23","24","25","26","27","28","29","30","31","32","33","34","35","36","37","38","39","40"],"location":{"end":{"column":44,"line":23},"start":{"column":9,"line":23}}},{"id":"13","mutatorName":"ConditionalExpression","replacement":"true","statusReason":"Error: expect(received).resolves.toBeDefined()\n\nReceived promise rejected instead of resolved\nRejected to value: [ConflictException: Invalid email format]\n    at expect (C:\\VKR\\workflow-app\\auth-service\\node_modules\\expect\\build\\index.js:113:15)\n    at Object.<anonymous> (C:\\VKR\\workflow-app\\auth-service\\.stryker-tmp\\sandbox-T34aAZ\\src\\test\\unit\\auth\\auth.service.equivalence.spec.ts:81:19)\n    at Promise.then.completed (C:\\VKR\\workflow-app\\auth-service\\node_modules\\jest-circus\\build\\utils.js:298:28)\n    at new Promise (<anonymous>)\n    at callAsyncCircusFn (C:\\VKR\\workflow-app\\auth-service\\node_modules\\jest-circus\\build\\utils.js:231:10)\n    at _callCircusTest (C:\\VKR\\workflow-app\\auth-service\\node_modules\\jest-circus\\build\\run.js:316:40)\n    at _runTest (C:\\VKR\\workflow-app\\auth-service\\node_modules\\jest-circus\\build\\run.js:252:3)\n    at _runTestsForDescribeBlock (C:\\VKR\\workflow-app\\auth-service\\node_modules\\jest-circus\\build\\run.js:126:9)\n    at _runTestsForDescribeBlock (C:\\VKR\\workflow-app\\auth-service\\node_modules\\jest-circus\\build\\run.js:121:9)\n    at _runTestsForDescribeBlock (C:\\VKR\\workflow-app\\auth-service\\node_modules\\jest-circus\\build\\run.js:121:9)\n    at run (C:\\VKR\\workflow-app\\auth-service\\node_modules\\jest-circus\\build\\run.js:71:3)\n    at runAndTransformResultsToJestFormat (C:\\VKR\\workflow-app\\auth-service\\node_modules\\jest-circus\\build\\legacy-code-todo-rewrite\\jestAdapterInit.js:122:21)\n    at jestAdapter (C:\\VKR\\workflow-app\\auth-service\\node_modules\\jest-circus\\build\\legacy-code-todo-rewrite\\jestAdapter.js:79:19)\n    at runTestInternal (C:\\VKR\\workflow-app\\auth-service\\node_modules\\jest-runner\\build\\runTest.js:367:16)\n    at runTest (C:\\VKR\\workflow-app\\auth-service\\node_modules\\jest-runner\\build\\runTest.js:444:34)","status":"Killed","static":false,"testsCompleted":34,"killedBy":["4"],"coveredBy":["0","1","2","3","4","5","6","10","11","12","13","14","15","16","20","22","23","24","25","26","27","28","29","30","31","32","33","34","35","36","37","38","39","40"],"location":{"end":{"column":44,"line":23},"start":{"column":9,"line":23}}},{"id":"14","mutatorName":"ConditionalExpression","replacement":"false","statusReason":"Error: expect(received).rejects.toThrow(expected)\n\nExpected constructor: ConflictException\nReceived constructor: TypeError\n\nReceived message: \"Cannot read properties of undefined (reading 'id')\"\n\n      121 |       const savedUser = await this.usersRepository.save(user);\n      122 |       const token = this.jwtService.sign({\n    > 123 |         id: savedUser.id,\n          |                       ^\n      124 |         email: savedUser.email,\n      125 |         role: savedUser.role\n      126 |       } as JwtPayload);\n\n      at AuthService.register (src/auth/auth.service.ts:123:23)\n      at Object.<anonymous> (src/test/unit/auth/auth.service.equivalence.spec.ts:202:13)\n    at Object.toThrow (C:\\VKR\\workflow-app\\auth-service\\node_modules\\expect\\build\\index.js:218:22)\n    at Object.<anonymous> (C:\\VKR\\workflow-app\\auth-service\\.stryker-tmp\\sandbox-T34aAZ\\src\\test\\unit\\auth\\auth.service.equivalence.spec.ts:202:69)\n    at Promise.then.completed (C:\\VKR\\workflow-app\\auth-service\\node_modules\\jest-circus\\build\\utils.js:298:28)\n    at new Promise (<anonymous>)\n    at callAsyncCircusFn (C:\\VKR\\workflow-app\\auth-service\\node_modules\\jest-circus\\build\\utils.js:231:10)\n    at _callCircusTest (C:\\VKR\\workflow-app\\auth-service\\node_modules\\jest-circus\\build\\run.js:316:40)\n    at _runTest (C:\\VKR\\workflow-app\\auth-service\\node_modules\\jest-circus\\build\\run.js:252:3)\n    at _runTestsForDescribeBlock (C:\\VKR\\workflow-app\\auth-service\\node_modules\\jest-circus\\build\\run.js:126:9)\n    at _runTestsForDescribeBlock (C:\\VKR\\workflow-app\\auth-service\\node_modules\\jest-circus\\build\\run.js:121:9)\n    at _runTestsForDescribeBlock (C:\\VKR\\workflow-app\\auth-service\\node_modules\\jest-circus\\build\\run.js:121:9)\n    at run (C:\\VKR\\workflow-app\\auth-service\\node_modules\\jest-circus\\build\\run.js:71:3)\n    at runAndTransformResultsToJestFormat (C:\\VKR\\workflow-app\\auth-service\\node_modules\\jest-circus\\build\\legacy-code-todo-rewrite\\jestAdapterInit.js:122:21)\n    at jestAdapter (C:\\VKR\\workflow-app\\auth-service\\node_modules\\jest-circus\\build\\legacy-code-todo-rewrite\\jestAdapter.js:79:19)\n    at runTestInternal (C:\\VKR\\workflow-app\\auth-service\\node_modules\\jest-runner\\build\\runTest.js:367:16)\n    at runTest (C:\\VKR\\workflow-app\\auth-service\\node_modules\\jest-runner\\build\\runTest.js:444:34)","status":"Killed","static":false,"testsCompleted":34,"killedBy":["10"],"coveredBy":["0","1","2","3","4","5","6","10","11","12","13","14","15","16","20","22","23","24","25","26","27","28","29","30","31","32","33","34","35","36","37","38","39","40"],"location":{"end":{"column":44,"line":23},"start":{"column":9,"line":23}}},{"id":"15","mutatorName":"BlockStatement","replacement":"{}","statusReason":"Error: expect(received).rejects.toThrow(expected)\n\nExpected constructor: ConflictException\nReceived constructor: TypeError\n\nReceived message: \"Cannot read properties of undefined (reading 'id')\"\n\n      121 |       const savedUser = await this.usersRepository.save(user);\n      122 |       const token = this.jwtService.sign({\n    > 123 |         id: savedUser.id,\n          |                       ^\n      124 |         email: savedUser.email,\n      125 |         role: savedUser.role\n      126 |       } as JwtPayload);\n\n      at AuthService.register (src/auth/auth.service.ts:123:23)\n      at Object.<anonymous> (src/test/unit/auth/auth.service.equivalence.spec.ts:202:13)\n    at Object.toThrow (C:\\VKR\\workflow-app\\auth-service\\node_modules\\expect\\build\\index.js:218:22)\n    at Object.<anonymous> (C:\\VKR\\workflow-app\\auth-service\\.stryker-tmp\\sandbox-T34aAZ\\src\\test\\unit\\auth\\auth.service.equivalence.spec.ts:202:69)\n    at Promise.then.completed (C:\\VKR\\workflow-app\\auth-service\\node_modules\\jest-circus\\build\\utils.js:298:28)\n    at new Promise (<anonymous>)\n    at callAsyncCircusFn (C:\\VKR\\workflow-app\\auth-service\\node_modules\\jest-circus\\build\\utils.js:231:10)\n    at _callCircusTest (C:\\VKR\\workflow-app\\auth-service\\node_modules\\jest-circus\\build\\run.js:316:40)\n    at _runTest (C:\\VKR\\workflow-app\\auth-service\\node_modules\\jest-circus\\build\\run.js:252:3)\n    at _runTestsForDescribeBlock (C:\\VKR\\workflow-app\\auth-service\\node_modules\\jest-circus\\build\\run.js:126:9)\n    at _runTestsForDescribeBlock (C:\\VKR\\workflow-app\\auth-service\\node_modules\\jest-circus\\build\\run.js:121:9)\n    at _runTestsForDescribeBlock (C:\\VKR\\workflow-app\\auth-service\\node_modules\\jest-circus\\build\\run.js:121:9)\n    at run (C:\\VKR\\workflow-app\\auth-service\\node_modules\\jest-circus\\build\\run.js:71:3)\n    at runAndTransformResultsToJestFormat (C:\\VKR\\workflow-app\\auth-service\\node_modules\\jest-circus\\build\\legacy-code-todo-rewrite\\jestAdapterInit.js:122:21)\n    at jestAdapter (C:\\VKR\\workflow-app\\auth-service\\node_modules\\jest-circus\\build\\legacy-code-todo-rewrite\\jestAdapter.js:79:19)\n    at runTestInternal (C:\\VKR\\workflow-app\\auth-service\\node_modules\\jest-runner\\build\\runTest.js:367:16)\n    at runTest (C:\\VKR\\workflow-app\\auth-service\\node_modules\\jest-runner\\build\\runTest.js:444:34)","status":"Killed","static":false,"testsCompleted":7,"killedBy":["10"],"coveredBy":["0","1","2","3","10","11","12"],"location":{"end":{"column":6,"line":25},"start":{"column":46,"line":23}}},{"id":"16","mutatorName":"StringLiteral","replacement":"\"\"","statusReason":"Error: expect(received).rejects.toThrow(expected)\n\nExpected substring: \"Invalid email format\"\nReceived message:   \"Conflict\"\n\n      75 |         } else {\n      76 |           stryCov_9fa48(\"15\");\n    > 77 |           throw new ConflictException(stryMutAct_9fa48(\"16\") ? \"\" : (stryCov_9fa48(\"16\"), 'Invalid email format'));\n         |                 ^\n      78 |         }\n      79 |       }\n      80 |       registerDto.name = stryMutAct_9fa48(\"17\") ? registerDto.name : (stryCov_9fa48(\"17\"), registerDto.name.trim());\n\n      at AuthService.register (src/auth/auth.service.ts:77:17)\n      at Object.<anonymous> (src/test/unit/auth/auth.service.equivalence.spec.ts:203:38)\n    at Object.toThrow (C:\\VKR\\workflow-app\\auth-service\\node_modules\\expect\\build\\index.js:218:22)\n    at Object.<anonymous> (C:\\VKR\\workflow-app\\auth-service\\.stryker-tmp\\sandbox-T34aAZ\\src\\test\\unit\\auth\\auth.service.equivalence.spec.ts:203:69)","status":"Killed","static":false,"testsCompleted":7,"killedBy":["10"],"coveredBy":["0","1","2","3","10","11","12"],"location":{"end":{"column":57,"line":24},"start":{"column":35,"line":24}}},{"id":"17","mutatorName":"MethodExpression","replacement":"registerDto.name","statusReason":"Error: expect(received).rejects.toThrow(expected)\n\nExpected constructor: ConflictException\nReceived constructor: TypeError\n\nReceived message: \"Cannot read properties of undefined (reading 'id')\"\n\n      121 |       const savedUser = await this.usersRepository.save(user);\n      122 |       const token = this.jwtService.sign({\n    > 123 |         id: savedUser.id,\n          |                       ^\n      124 |         email: savedUser.email,\n      125 |         role: savedUser.role\n      126 |       } as JwtPayload);\n\n      at AuthService.register (src/auth/auth.service.ts:123:23)\n      at Object.<anonymous> (src/test/unit/auth/auth.service.boundary.spec.ts:124:17)\n    at Object.toThrow (C:\\VKR\\workflow-app\\auth-service\\node_modules\\expect\\build\\index.js:218:22)\n    at Object.<anonymous> (C:\\VKR\\workflow-app\\auth-service\\.stryker-tmp\\sandbox-T34aAZ\\src\\test\\unit\\auth\\auth.service.boundary.spec.ts:124:73)\n    at Promise.then.completed (C:\\VKR\\workflow-app\\auth-service\\node_modules\\jest-circus\\build\\utils.js:298:28)\n    at new Promise (<anonymous>)\n    at callAsyncCircusFn (C:\\VKR\\workflow-app\\auth-service\\node_modules\\jest-circus\\build\\utils.js:231:10)\n    at _callCircusTest (C:\\VKR\\workflow-app\\auth-service\\node_modules\\jest-circus\\build\\run.js:316:40)\n    at _runTest (C:\\VKR\\workflow-app\\auth-service\\node_modules\\jest-circus\\build\\run.js:252:3)\n    at _runTestsForDescribeBlock (C:\\VKR\\workflow-app\\auth-service\\node_modules\\jest-circus\\build\\run.js:126:9)\n    at _runTestsForDescribeBlock (C:\\VKR\\workflow-app\\auth-service\\node_modules\\jest-circus\\build\\run.js:121:9)\n    at _runTestsForDescribeBlock (C:\\VKR\\workflow-app\\auth-service\\node_modules\\jest-circus\\build\\run.js:121:9)\n    at run (C:\\VKR\\workflow-app\\auth-service\\node_modules\\jest-circus\\build\\run.js:71:3)\n    at runAndTransformResultsToJestFormat (C:\\VKR\\workflow-app\\auth-service\\node_modules\\jest-circus\\build\\legacy-code-todo-rewrite\\jestAdapterInit.js:122:21)\n    at jestAdapter (C:\\VKR\\workflow-app\\auth-service\\node_modules\\jest-circus\\build\\legacy-code-todo-rewrite\\jestAdapter.js:79:19)\n    at runTestInternal (C:\\VKR\\workflow-app\\auth-service\\node_modules\\jest-runner\\build\\runTest.js:367:16)\n    at runTest (C:\\VKR\\workflow-app\\auth-service\\node_modules\\jest-runner\\build\\runTest.js:444:34)","status":"Killed","static":false,"testsCompleted":27,"killedBy":["27"],"coveredBy":["4","5","6","13","14","15","16","20","22","23","24","25","26","27","28","29","30","31","32","33","34","35","36","37","38","39","40"],"location":{"end":{"column":47,"line":28},"start":{"column":24,"line":28}}},{"id":"18","mutatorName":"ConditionalExpression","replacement":"true","statusReason":"Error: expect(received).resolves.toBeDefined()\n\nReceived promise rejected instead of resolved\nRejected to value: [ConflictException: Password must be at least 4 and 20 maximum characters long]\n    at expect (C:\\VKR\\workflow-app\\auth-service\\node_modules\\expect\\build\\index.js:113:15)\n    at Object.<anonymous> (C:\\VKR\\workflow-app\\auth-service\\.stryker-tmp\\sandbox-T34aAZ\\src\\test\\unit\\auth\\auth.service.boundary.spec.ts:85:17)\n    at Promise.then.completed (C:\\VKR\\workflow-app\\auth-service\\node_modules\\jest-circus\\build\\utils.js:298:28)\n    at new Promise (<anonymous>)\n    at callAsyncCircusFn (C:\\VKR\\workflow-app\\auth-service\\node_modules\\jest-circus\\build\\utils.js:231:10)\n    at _callCircusTest (C:\\VKR\\workflow-app\\auth-service\\node_modules\\jest-circus\\build\\run.js:316:40)\n    at _runTest (C:\\VKR\\workflow-app\\auth-service\\node_modules\\jest-circus\\build\\run.js:252:3)\n    at _runTestsForDescribeBlock (C:\\VKR\\workflow-app\\auth-service\\node_modules\\jest-circus\\build\\run.js:126:9)\n    at _runTestsForDescribeBlock (C:\\VKR\\workflow-app\\auth-service\\node_modules\\jest-circus\\build\\run.js:121:9)\n    at _runTestsForDescribeBlock (C:\\VKR\\workflow-app\\auth-service\\node_modules\\jest-circus\\build\\run.js:121:9)\n    at run (C:\\VKR\\workflow-app\\auth-service\\node_modules\\jest-circus\\build\\run.js:71:3)\n    at runAndTransformResultsToJestFormat (C:\\VKR\\workflow-app\\auth-service\\node_modules\\jest-circus\\build\\legacy-code-todo-rewrite\\jestAdapterInit.js:122:21)\n    at jestAdapter (C:\\VKR\\workflow-app\\auth-service\\node_modules\\jest-circus\\build\\legacy-code-todo-rewrite\\jestAdapter.js:79:19)\n    at runTestInternal (C:\\VKR\\workflow-app\\auth-service\\node_modules\\jest-runner\\build\\runTest.js:367:16)\n    at runTest (C:\\VKR\\workflow-app\\auth-service\\node_modules\\jest-runner\\build\\runTest.js:444:34)","status":"Killed","static":false,"testsCompleted":27,"killedBy":["23"],"coveredBy":["4","5","6","13","14","15","16","20","22","23","24","25","26","27","28","29","30","31","32","33","34","35","36","37","38","39","40"],"location":{"end":{"column":76,"line":29},"start":{"column":9,"line":29}}},{"id":"19","mutatorName":"ConditionalExpression","replacement":"false","statusReason":"Error: expect(received).rejects.toThrow(expected)\n\nExpected constructor: ConflictException\nReceived constructor: TypeError\n\nReceived message: \"Cannot read properties of undefined (reading 'id')\"\n\n      121 |       const savedUser = await this.usersRepository.save(user);\n      122 |       const token = this.jwtService.sign({\n    > 123 |         id: savedUser.id,\n          |                       ^\n      124 |         email: savedUser.email,\n      125 |         role: savedUser.role\n      126 |       } as JwtPayload);\n\n      at AuthService.register (src/auth/auth.service.ts:123:23)\n      at Object.<anonymous> (src/test/unit/auth/auth.service.boundary.spec.ts:138:13)\n    at Object.toThrow (C:\\VKR\\workflow-app\\auth-service\\node_modules\\expect\\build\\index.js:218:22)\n    at Object.<anonymous> (C:\\VKR\\workflow-app\\auth-service\\.stryker-tmp\\sandbox-T34aAZ\\src\\test\\unit\\auth\\auth.service.boundary.spec.ts:138:69)\n    at Promise.then.completed (C:\\VKR\\workflow-app\\auth-service\\node_modules\\jest-circus\\build\\utils.js:298:28)\n    at new Promise (<anonymous>)\n    at callAsyncCircusFn (C:\\VKR\\workflow-app\\auth-service\\node_modules\\jest-circus\\build\\utils.js:231:10)\n    at _callCircusTest (C:\\VKR\\workflow-app\\auth-service\\node_modules\\jest-circus\\build\\run.js:316:40)\n    at _runTest (C:\\VKR\\workflow-app\\auth-service\\node_modules\\jest-circus\\build\\run.js:252:3)\n    at _runTestsForDescribeBlock (C:\\VKR\\workflow-app\\auth-service\\node_modules\\jest-circus\\build\\run.js:126:9)\n    at _runTestsForDescribeBlock (C:\\VKR\\workflow-app\\auth-service\\node_modules\\jest-circus\\build\\run.js:121:9)\n    at _runTestsForDescribeBlock (C:\\VKR\\workflow-app\\auth-service\\node_modules\\jest-circus\\build\\run.js:121:9)\n    at run (C:\\VKR\\workflow-app\\auth-service\\node_modules\\jest-circus\\build\\run.js:71:3)\n    at runAndTransformResultsToJestFormat (C:\\VKR\\workflow-app\\auth-service\\node_modules\\jest-circus\\build\\legacy-code-todo-rewrite\\jestAdapterInit.js:122:21)\n    at jestAdapter (C:\\VKR\\workflow-app\\auth-service\\node_modules\\jest-circus\\build\\legacy-code-todo-rewrite\\jestAdapter.js:79:19)\n    at runTestInternal (C:\\VKR\\workflow-app\\auth-service\\node_modules\\jest-runner\\build\\runTest.js:367:16)\n    at runTest (C:\\VKR\\workflow-app\\auth-service\\node_modules\\jest-runner\\build\\runTest.js:444:34)","status":"Killed","static":false,"testsCompleted":27,"killedBy":["35"],"coveredBy":["4","5","6","13","14","15","16","20","22","23","24","25","26","27","28","29","30","31","32","33","34","35","36","37","38","39","40"],"location":{"end":{"column":76,"line":29},"start":{"column":9,"line":29}}},{"id":"20","mutatorName":"LogicalOperator","replacement":"registerDto.password.length < 4 && registerDto.password.length > 20","statusReason":"Error: expect(received).rejects.toThrow(expected)\n\nExpected constructor: ConflictException\nReceived constructor: TypeError\n\nReceived message: \"Cannot read properties of undefined (reading 'id')\"\n\n      121 |       const savedUser = await this.usersRepository.save(user);\n      122 |       const token = this.jwtService.sign({\n    > 123 |         id: savedUser.id,\n          |                       ^\n      124 |         email: savedUser.email,\n      125 |         role: savedUser.role\n      126 |       } as JwtPayload);\n\n      at AuthService.register (src/auth/auth.service.ts:123:23)\n      at Object.<anonymous> (src/test/unit/auth/auth.service.boundary.spec.ts:138:13)\n    at Object.toThrow (C:\\VKR\\workflow-app\\auth-service\\node_modules\\expect\\build\\index.js:218:22)\n    at Object.<anonymous> (C:\\VKR\\workflow-app\\auth-service\\.stryker-tmp\\sandbox-T34aAZ\\src\\test\\unit\\auth\\auth.service.boundary.spec.ts:138:69)\n    at Promise.then.completed (C:\\VKR\\workflow-app\\auth-service\\node_modules\\jest-circus\\build\\utils.js:298:28)\n    at new Promise (<anonymous>)\n    at callAsyncCircusFn (C:\\VKR\\workflow-app\\auth-service\\node_modules\\jest-circus\\build\\utils.js:231:10)\n    at _callCircusTest (C:\\VKR\\workflow-app\\auth-service\\node_modules\\jest-circus\\build\\run.js:316:40)\n    at _runTest (C:\\VKR\\workflow-app\\auth-service\\node_modules\\jest-circus\\build\\run.js:252:3)\n    at _runTestsForDescribeBlock (C:\\VKR\\workflow-app\\auth-service\\node_modules\\jest-circus\\build\\run.js:126:9)\n    at _runTestsForDescribeBlock (C:\\VKR\\workflow-app\\auth-service\\node_modules\\jest-circus\\build\\run.js:121:9)\n    at _runTestsForDescribeBlock (C:\\VKR\\workflow-app\\auth-service\\node_modules\\jest-circus\\build\\run.js:121:9)\n    at run (C:\\VKR\\workflow-app\\auth-service\\node_modules\\jest-circus\\build\\run.js:71:3)\n    at runAndTransformResultsToJestFormat (C:\\VKR\\workflow-app\\auth-service\\node_modules\\jest-circus\\build\\legacy-code-todo-rewrite\\jestAdapterInit.js:122:21)\n    at jestAdapter (C:\\VKR\\workflow-app\\auth-service\\node_modules\\jest-circus\\build\\legacy-code-todo-rewrite\\jestAdapter.js:79:19)\n    at runTestInternal (C:\\VKR\\workflow-app\\auth-service\\node_modules\\jest-runner\\build\\runTest.js:367:16)\n    at runTest (C:\\VKR\\workflow-app\\auth-service\\node_modules\\jest-runner\\build\\runTest.js:444:34)","status":"Killed","static":false,"testsCompleted":27,"killedBy":["35"],"coveredBy":["4","5","6","13","14","15","16","20","22","23","24","25","26","27","28","29","30","31","32","33","34","35","36","37","38","39","40"],"location":{"end":{"column":76,"line":29},"start":{"column":9,"line":29}}},{"id":"21","mutatorName":"ConditionalExpression","replacement":"false","statusReason":"Error: expect(received).rejects.toThrow(expected)\n\nExpected constructor: ConflictException\nReceived constructor: TypeError\n\nReceived message: \"Cannot read properties of undefined (reading 'id')\"\n\n      121 |       const savedUser = await this.usersRepository.save(user);\n      122 |       const token = this.jwtService.sign({\n    > 123 |         id: savedUser.id,\n          |                       ^\n      124 |         email: savedUser.email,\n      125 |         role: savedUser.role\n      126 |       } as JwtPayload);\n\n      at AuthService.register (src/auth/auth.service.ts:123:23)\n      at Object.<anonymous> (src/test/unit/auth/auth.service.boundary.spec.ts:138:13)\n    at Object.toThrow (C:\\VKR\\workflow-app\\auth-service\\node_modules\\expect\\build\\index.js:218:22)\n    at Object.<anonymous> (C:\\VKR\\workflow-app\\auth-service\\.stryker-tmp\\sandbox-T34aAZ\\src\\test\\unit\\auth\\auth.service.boundary.spec.ts:138:69)\n    at Promise.then.completed (C:\\VKR\\workflow-app\\auth-service\\node_modules\\jest-circus\\build\\utils.js:298:28)\n    at new Promise (<anonymous>)\n    at callAsyncCircusFn (C:\\VKR\\workflow-app\\auth-service\\node_modules\\jest-circus\\build\\utils.js:231:10)\n    at _callCircusTest (C:\\VKR\\workflow-app\\auth-service\\node_modules\\jest-circus\\build\\run.js:316:40)\n    at _runTest (C:\\VKR\\workflow-app\\auth-service\\node_modules\\jest-circus\\build\\run.js:252:3)\n    at _runTestsForDescribeBlock (C:\\VKR\\workflow-app\\auth-service\\node_modules\\jest-circus\\build\\run.js:126:9)\n    at _runTestsForDescribeBlock (C:\\VKR\\workflow-app\\auth-service\\node_modules\\jest-circus\\build\\run.js:121:9)\n    at _runTestsForDescribeBlock (C:\\VKR\\workflow-app\\auth-service\\node_modules\\jest-circus\\build\\run.js:121:9)\n    at run (C:\\VKR\\workflow-app\\auth-service\\node_modules\\jest-circus\\build\\run.js:71:3)\n    at runAndTransformResultsToJestFormat (C:\\VKR\\workflow-app\\auth-service\\node_modules\\jest-circus\\build\\legacy-code-todo-rewrite\\jestAdapterInit.js:122:21)\n    at jestAdapter (C:\\VKR\\workflow-app\\auth-service\\node_modules\\jest-circus\\build\\legacy-code-todo-rewrite\\jestAdapter.js:79:19)\n    at runTestInternal (C:\\VKR\\workflow-app\\auth-service\\node_modules\\jest-runner\\build\\runTest.js:367:16)\n    at runTest (C:\\VKR\\workflow-app\\auth-service\\node_modules\\jest-runner\\build\\runTest.js:444:34)","status":"Killed","static":false,"testsCompleted":27,"killedBy":["35"],"coveredBy":["4","5","6","13","14","15","16","20","22","23","24","25","26","27","28","29","30","31","32","33","34","35","36","37","38","39","40"],"location":{"end":{"column":40,"line":29},"start":{"column":9,"line":29}}},{"id":"22","mutatorName":"EqualityOperator","replacement":"registerDto.password.length <= 4","statusReason":"Error: expect(received).resolves.toBeDefined()\n\nReceived promise rejected instead of resolved\nRejected to value: [ConflictException: Password must be at least 4 and 20 maximum characters long]\n    at expect (C:\\VKR\\workflow-app\\auth-service\\node_modules\\expect\\build\\index.js:113:15)\n    at Object.<anonymous> (C:\\VKR\\workflow-app\\auth-service\\.stryker-tmp\\sandbox-T34aAZ\\src\\test\\unit\\auth\\auth.service.boundary.spec.ts:85:17)\n    at Promise.then.completed (C:\\VKR\\workflow-app\\auth-service\\node_modules\\jest-circus\\build\\utils.js:298:28)\n    at new Promise (<anonymous>)\n    at callAsyncCircusFn (C:\\VKR\\workflow-app\\auth-service\\node_modules\\jest-circus\\build\\utils.js:231:10)\n    at _callCircusTest (C:\\VKR\\workflow-app\\auth-service\\node_modules\\jest-circus\\build\\run.js:316:40)\n    at _runTest (C:\\VKR\\workflow-app\\auth-service\\node_modules\\jest-circus\\build\\run.js:252:3)\n    at _runTestsForDescribeBlock (C:\\VKR\\workflow-app\\auth-service\\node_modules\\jest-circus\\build\\run.js:126:9)\n    at _runTestsForDescribeBlock (C:\\VKR\\workflow-app\\auth-service\\node_modules\\jest-circus\\build\\run.js:121:9)\n    at _runTestsForDescribeBlock (C:\\VKR\\workflow-app\\auth-service\\node_modules\\jest-circus\\build\\run.js:121:9)\n    at run (C:\\VKR\\workflow-app\\auth-service\\node_modules\\jest-circus\\build\\run.js:71:3)\n    at runAndTransformResultsToJestFormat (C:\\VKR\\workflow-app\\auth-service\\node_modules\\jest-circus\\build\\legacy-code-todo-rewrite\\jestAdapterInit.js:122:21)\n    at jestAdapter (C:\\VKR\\workflow-app\\auth-service\\node_modules\\jest-circus\\build\\legacy-code-todo-rewrite\\jestAdapter.js:79:19)\n    at runTestInternal (C:\\VKR\\workflow-app\\auth-service\\node_modules\\jest-runner\\build\\runTest.js:367:16)\n    at runTest (C:\\VKR\\workflow-app\\auth-service\\node_modules\\jest-runner\\build\\runTest.js:444:34)","status":"Killed","static":false,"testsCompleted":27,"killedBy":["23"],"coveredBy":["4","5","6","13","14","15","16","20","22","23","24","25","26","27","28","29","30","31","32","33","34","35","36","37","38","39","40"],"location":{"end":{"column":40,"line":29},"start":{"column":9,"line":29}}},{"id":"23","mutatorName":"EqualityOperator","replacement":"registerDto.password.length >= 4","statusReason":"Error: expect(received).resolves.toBeDefined()\n\nReceived promise rejected instead of resolved\nRejected to value: [ConflictException: Password must be at least 4 and 20 maximum characters long]\n    at expect (C:\\VKR\\workflow-app\\auth-service\\node_modules\\expect\\build\\index.js:113:15)\n    at Object.<anonymous> (C:\\VKR\\workflow-app\\auth-service\\.stryker-tmp\\sandbox-T34aAZ\\src\\test\\unit\\auth\\auth.service.boundary.spec.ts:85:17)\n    at Promise.then.completed (C:\\VKR\\workflow-app\\auth-service\\node_modules\\jest-circus\\build\\utils.js:298:28)\n    at new Promise (<anonymous>)\n    at callAsyncCircusFn (C:\\VKR\\workflow-app\\auth-service\\node_modules\\jest-circus\\build\\utils.js:231:10)\n    at _callCircusTest (C:\\VKR\\workflow-app\\auth-service\\node_modules\\jest-circus\\build\\run.js:316:40)\n    at _runTest (C:\\VKR\\workflow-app\\auth-service\\node_modules\\jest-circus\\build\\run.js:252:3)\n    at _runTestsForDescribeBlock (C:\\VKR\\workflow-app\\auth-service\\node_modules\\jest-circus\\build\\run.js:126:9)\n    at _runTestsForDescribeBlock (C:\\VKR\\workflow-app\\auth-service\\node_modules\\jest-circus\\build\\run.js:121:9)\n    at _runTestsForDescribeBlock (C:\\VKR\\workflow-app\\auth-service\\node_modules\\jest-circus\\build\\run.js:121:9)\n    at run (C:\\VKR\\workflow-app\\auth-service\\node_modules\\jest-circus\\build\\run.js:71:3)\n    at runAndTransformResultsToJestFormat (C:\\VKR\\workflow-app\\auth-service\\node_modules\\jest-circus\\build\\legacy-code-todo-rewrite\\jestAdapterInit.js:122:21)\n    at jestAdapter (C:\\VKR\\workflow-app\\auth-service\\node_modules\\jest-circus\\build\\legacy-code-todo-rewrite\\jestAdapter.js:79:19)\n    at runTestInternal (C:\\VKR\\workflow-app\\auth-service\\node_modules\\jest-runner\\build\\runTest.js:367:16)\n    at runTest (C:\\VKR\\workflow-app\\auth-service\\node_modules\\jest-runner\\build\\runTest.js:444:34)","status":"Killed","static":false,"testsCompleted":27,"killedBy":["23"],"coveredBy":["4","5","6","13","14","15","16","20","22","23","24","25","26","27","28","29","30","31","32","33","34","35","36","37","38","39","40"],"location":{"end":{"column":40,"line":29},"start":{"column":9,"line":29}}},{"id":"24","mutatorName":"ConditionalExpression","replacement":"false","statusReason":"Error: expect(received).rejects.toThrow(expected)\n\nExpected constructor: ConflictException\nReceived constructor: TypeError\n\nReceived message: \"Cannot read properties of undefined (reading 'id')\"\n\n      121 |       const savedUser = await this.usersRepository.save(user);\n      122 |       const token = this.jwtService.sign({\n    > 123 |         id: savedUser.id,\n          |                       ^\n      124 |         email: savedUser.email,\n      125 |         role: savedUser.role\n      126 |       } as JwtPayload);\n\n      at AuthService.register (src/auth/auth.service.ts:123:23)\n      at Object.<anonymous> (src/test/unit/auth/auth.service.boundary.spec.ts:147:13)\n    at Object.toThrow (C:\\VKR\\workflow-app\\auth-service\\node_modules\\expect\\build\\index.js:218:22)\n    at Object.<anonymous> (C:\\VKR\\workflow-app\\auth-service\\.stryker-tmp\\sandbox-T34aAZ\\src\\test\\unit\\auth\\auth.service.boundary.spec.ts:147:69)\n    at Promise.then.completed (C:\\VKR\\workflow-app\\auth-service\\node_modules\\jest-circus\\build\\utils.js:298:28)\n    at new Promise (<anonymous>)\n    at callAsyncCircusFn (C:\\VKR\\workflow-app\\auth-service\\node_modules\\jest-circus\\build\\utils.js:231:10)\n    at _callCircusTest (C:\\VKR\\workflow-app\\auth-service\\node_modules\\jest-circus\\build\\run.js:316:40)\n    at _runTest (C:\\VKR\\workflow-app\\auth-service\\node_modules\\jest-circus\\build\\run.js:252:3)\n    at _runTestsForDescribeBlock (C:\\VKR\\workflow-app\\auth-service\\node_modules\\jest-circus\\build\\run.js:126:9)\n    at _runTestsForDescribeBlock (C:\\VKR\\workflow-app\\auth-service\\node_modules\\jest-circus\\build\\run.js:121:9)\n    at _runTestsForDescribeBlock (C:\\VKR\\workflow-app\\auth-service\\node_modules\\jest-circus\\build\\run.js:121:9)\n    at run (C:\\VKR\\workflow-app\\auth-service\\node_modules\\jest-circus\\build\\run.js:71:3)\n    at runAndTransformResultsToJestFormat (C:\\VKR\\workflow-app\\auth-service\\node_modules\\jest-circus\\build\\legacy-code-todo-rewrite\\jestAdapterInit.js:122:21)\n    at jestAdapter (C:\\VKR\\workflow-app\\auth-service\\node_modules\\jest-circus\\build\\legacy-code-todo-rewrite\\jestAdapter.js:79:19)\n    at runTestInternal (C:\\VKR\\workflow-app\\auth-service\\node_modules\\jest-runner\\build\\runTest.js:367:16)\n    at runTest (C:\\VKR\\workflow-app\\auth-service\\node_modules\\jest-runner\\build\\runTest.js:444:34)","status":"Killed","static":false,"testsCompleted":25,"killedBy":["36"],"coveredBy":["4","5","6","13","14","15","16","20","23","24","25","26","27","28","29","30","31","32","33","34","36","37","38","39","40"],"location":{"end":{"column":76,"line":29},"start":{"column":44,"line":29}}},{"id":"25","mutatorName":"EqualityOperator","replacement":"registerDto.password.length >= 20","statusReason":"Error: expect(received).resolves.toBeDefined()\n\nReceived promise rejected instead of resolved\nRejected to value: [ConflictException: Password must be at least 4 and 20 maximum characters long]\n    at expect (C:\\VKR\\workflow-app\\auth-service\\node_modules\\expect\\build\\index.js:113:15)\n    at Object.<anonymous> (C:\\VKR\\workflow-app\\auth-service\\.stryker-tmp\\sandbox-T34aAZ\\src\\test\\unit\\auth\\auth.service.boundary.spec.ts:85:17)\n    at Promise.then.completed (C:\\VKR\\workflow-app\\auth-service\\node_modules\\jest-circus\\build\\utils.js:298:28)\n    at new Promise (<anonymous>)\n    at callAsyncCircusFn (C:\\VKR\\workflow-app\\auth-service\\node_modules\\jest-circus\\build\\utils.js:231:10)\n    at _callCircusTest (C:\\VKR\\workflow-app\\auth-service\\node_modules\\jest-circus\\build\\run.js:316:40)\n    at _runTest (C:\\VKR\\workflow-app\\auth-service\\node_modules\\jest-circus\\build\\run.js:252:3)\n    at _runTestsForDescribeBlock (C:\\VKR\\workflow-app\\auth-service\\node_modules\\jest-circus\\build\\run.js:126:9)\n    at _runTestsForDescribeBlock (C:\\VKR\\workflow-app\\auth-service\\node_modules\\jest-circus\\build\\run.js:121:9)\n    at _runTestsForDescribeBlock (C:\\VKR\\workflow-app\\auth-service\\node_modules\\jest-circus\\build\\run.js:121:9)\n    at run (C:\\VKR\\workflow-app\\auth-service\\node_modules\\jest-circus\\build\\run.js:71:3)\n    at runAndTransformResultsToJestFormat (C:\\VKR\\workflow-app\\auth-service\\node_modules\\jest-circus\\build\\legacy-code-todo-rewrite\\jestAdapterInit.js:122:21)\n    at jestAdapter (C:\\VKR\\workflow-app\\auth-service\\node_modules\\jest-circus\\build\\legacy-code-todo-rewrite\\jestAdapter.js:79:19)\n    at runTestInternal (C:\\VKR\\workflow-app\\auth-service\\node_modules\\jest-runner\\build\\runTest.js:367:16)\n    at runTest (C:\\VKR\\workflow-app\\auth-service\\node_modules\\jest-runner\\build\\runTest.js:444:34)","status":"Killed","static":false,"testsCompleted":25,"killedBy":["25"],"coveredBy":["4","5","6","13","14","15","16","20","23","24","25","26","27","28","29","30","31","32","33","34","36","37","38","39","40"],"location":{"end":{"column":76,"line":29},"start":{"column":44,"line":29}}},{"id":"26","mutatorName":"EqualityOperator","replacement":"registerDto.password.length <= 20","statusReason":"Error: expect(received).resolves.toBeDefined()\n\nReceived promise rejected instead of resolved\nRejected to value: [ConflictException: Password must be at least 4 and 20 maximum characters long]\n    at expect (C:\\VKR\\workflow-app\\auth-service\\node_modules\\expect\\build\\index.js:113:15)\n    at Object.<anonymous> (C:\\VKR\\workflow-app\\auth-service\\.stryker-tmp\\sandbox-T34aAZ\\src\\test\\unit\\auth\\auth.service.boundary.spec.ts:85:17)\n    at Promise.then.completed (C:\\VKR\\workflow-app\\auth-service\\node_modules\\jest-circus\\build\\utils.js:298:28)\n    at new Promise (<anonymous>)\n    at callAsyncCircusFn (C:\\VKR\\workflow-app\\auth-service\\node_modules\\jest-circus\\build\\utils.js:231:10)\n    at _callCircusTest (C:\\VKR\\workflow-app\\auth-service\\node_modules\\jest-circus\\build\\run.js:316:40)\n    at _runTest (C:\\VKR\\workflow-app\\auth-service\\node_modules\\jest-circus\\build\\run.js:252:3)\n    at _runTestsForDescribeBlock (C:\\VKR\\workflow-app\\auth-service\\node_modules\\jest-circus\\build\\run.js:126:9)\n    at _runTestsForDescribeBlock (C:\\VKR\\workflow-app\\auth-service\\node_modules\\jest-circus\\build\\run.js:121:9)\n    at _runTestsForDescribeBlock (C:\\VKR\\workflow-app\\auth-service\\node_modules\\jest-circus\\build\\run.js:121:9)\n    at run (C:\\VKR\\workflow-app\\auth-service\\node_modules\\jest-circus\\build\\run.js:71:3)\n    at runAndTransformResultsToJestFormat (C:\\VKR\\workflow-app\\auth-service\\node_modules\\jest-circus\\build\\legacy-code-todo-rewrite\\jestAdapterInit.js:122:21)\n    at jestAdapter (C:\\VKR\\workflow-app\\auth-service\\node_modules\\jest-circus\\build\\legacy-code-todo-rewrite\\jestAdapter.js:79:19)\n    at runTestInternal (C:\\VKR\\workflow-app\\auth-service\\node_modules\\jest-runner\\build\\runTest.js:367:16)\n    at runTest (C:\\VKR\\workflow-app\\auth-service\\node_modules\\jest-runner\\build\\runTest.js:444:34)","status":"Killed","static":false,"testsCompleted":25,"killedBy":["23"],"coveredBy":["4","5","6","13","14","15","16","20","23","24","25","26","27","28","29","30","31","32","33","34","36","37","38","39","40"],"location":{"end":{"column":76,"line":29},"start":{"column":44,"line":29}}},{"id":"27","mutatorName":"BlockStatement","replacement":"{}","statusReason":"Error: expect(received).rejects.toThrow(expected)\n\nExpected constructor: ConflictException\nReceived constructor: TypeError\n\nReceived message: \"Cannot read properties of undefined (reading 'id')\"\n\n      121 |       const savedUser = await this.usersRepository.save(user);\n      122 |       const token = this.jwtService.sign({\n    > 123 |         id: savedUser.id,\n          |                       ^\n      124 |         email: savedUser.email,\n      125 |         role: savedUser.role\n      126 |       } as JwtPayload);\n\n      at AuthService.register (src/auth/auth.service.ts:123:23)\n      at Object.<anonymous> (src/test/unit/auth/auth.service.boundary.spec.ts:138:13)\n    at Object.toThrow (C:\\VKR\\workflow-app\\auth-service\\node_modules\\expect\\build\\index.js:218:22)\n    at Object.<anonymous> (C:\\VKR\\workflow-app\\auth-service\\.stryker-tmp\\sandbox-T34aAZ\\src\\test\\unit\\auth\\auth.service.boundary.spec.ts:138:69)\n    at Promise.then.completed (C:\\VKR\\workflow-app\\auth-service\\node_modules\\jest-circus\\build\\utils.js:298:28)\n    at new Promise (<anonymous>)\n    at callAsyncCircusFn (C:\\VKR\\workflow-app\\auth-service\\node_modules\\jest-circus\\build\\utils.js:231:10)\n    at _callCircusTest (C:\\VKR\\workflow-app\\auth-service\\node_modules\\jest-circus\\build\\run.js:316:40)\n    at _runTest (C:\\VKR\\workflow-app\\auth-service\\node_modules\\jest-circus\\build\\run.js:252:3)\n    at _runTestsForDescribeBlock (C:\\VKR\\workflow-app\\auth-service\\node_modules\\jest-circus\\build\\run.js:126:9)\n    at _runTestsForDescribeBlock (C:\\VKR\\workflow-app\\auth-service\\node_modules\\jest-circus\\build\\run.js:121:9)\n    at _runTestsForDescribeBlock (C:\\VKR\\workflow-app\\auth-service\\node_modules\\jest-circus\\build\\run.js:121:9)\n    at run (C:\\VKR\\workflow-app\\auth-service\\node_modules\\jest-circus\\build\\run.js:71:3)\n    at runAndTransformResultsToJestFormat (C:\\VKR\\workflow-app\\auth-service\\node_modules\\jest-circus\\build\\legacy-code-todo-rewrite\\jestAdapterInit.js:122:21)\n    at jestAdapter (C:\\VKR\\workflow-app\\auth-service\\node_modules\\jest-circus\\build\\legacy-code-todo-rewrite\\jestAdapter.js:79:19)\n    at runTestInternal (C:\\VKR\\workflow-app\\auth-service\\node_modules\\jest-runner\\build\\runTest.js:367:16)\n    at runTest (C:\\VKR\\workflow-app\\auth-service\\node_modules\\jest-runner\\build\\runTest.js:444:34)","status":"Killed","static":false,"testsCompleted":4,"killedBy":["35"],"coveredBy":["22","26","35","36"],"location":{"end":{"column":6,"line":31},"start":{"column":78,"line":29}}},{"id":"28","mutatorName":"StringLiteral","replacement":"\"\"","statusReason":"Error: expect(received).rejects.toThrow(expected)\n\nExpected substring: \"Password must be at least 4 and 20 maximum characters long\"\nReceived message:   \"Conflict\"\n\n      84 |         } else {\n      85 |           stryCov_9fa48(\"27\");\n    > 86 |           throw new ConflictException(stryMutAct_9fa48(\"28\") ? \"\" : (stryCov_9fa48(\"28\"), 'Password must be at least 4 and 20 maximum characters long'));\n         |                 ^\n      87 |         }\n      88 |       }\n      89 |       if (stryMutAct_9fa48(\"31\") ? registerDto.name.length < 4 && registerDto.name.length > 20 : stryMutAct_9fa48(\"30\") ? false : stryMutAct_9fa48(\"29\") ? true : (stryCov_9fa48(\"29\", \"30\", \"31\"), (stryMutAct_9fa48(\"34\") ? registerDto.name.length >= 4 : stryMutAct_9fa48(\"33\") ? registerDto.name.length <= 4 : stryMutAct_9fa48(\"32\") ? false : (stryCov_9fa48(\"32\", \"33\", \"34\"), registerDto.name.length < 4)) || (stryMutAct_9fa48(\"37\") ? registerDto.name.length <= 20 : stryMutAct_9fa48(\"36\") ? registerDto.name.length >= 20 : stryMutAct_9fa48(\"35\") ? false : (stryCov_9fa48(\"35\", \"36\", \"37\"), registerDto.name.length > 20)))) {\n\n      at AuthService.register (src/auth/auth.service.ts:86:17)\n      at Object.<anonymous> (src/test/unit/auth/auth.service.boundary.spec.ts:139:38)\n    at Object.toThrow (C:\\VKR\\workflow-app\\auth-service\\node_modules\\expect\\build\\index.js:218:22)\n    at Object.<anonymous> (C:\\VKR\\workflow-app\\auth-service\\.stryker-tmp\\sandbox-T34aAZ\\src\\test\\unit\\auth\\auth.service.boundary.spec.ts:139:69)","status":"Killed","static":false,"testsCompleted":4,"killedBy":["35"],"coveredBy":["22","26","35","36"],"location":{"end":{"column":95,"line":30},"start":{"column":35,"line":30}}},{"id":"29","mutatorName":"ConditionalExpression","replacement":"true","statusReason":"Error: expect(received).resolves.toBeDefined()\n\nReceived promise rejected instead of resolved\nRejected to value: [ConflictException: Name must be at least 4 and 20 maximum characters long]\n    at expect (C:\\VKR\\workflow-app\\auth-service\\node_modules\\expect\\build\\index.js:113:15)\n    at Object.<anonymous> (C:\\VKR\\workflow-app\\auth-service\\.stryker-tmp\\sandbox-T34aAZ\\src\\test\\unit\\auth\\auth.service.boundary.spec.ts:85:17)\n    at Promise.then.completed (C:\\VKR\\workflow-app\\auth-service\\node_modules\\jest-circus\\build\\utils.js:298:28)\n    at new Promise (<anonymous>)\n    at callAsyncCircusFn (C:\\VKR\\workflow-app\\auth-service\\node_modules\\jest-circus\\build\\utils.js:231:10)\n    at _callCircusTest (C:\\VKR\\workflow-app\\auth-service\\node_modules\\jest-circus\\build\\run.js:316:40)\n    at _runTest (C:\\VKR\\workflow-app\\auth-service\\node_modules\\jest-circus\\build\\run.js:252:3)\n    at _runTestsForDescribeBlock (C:\\VKR\\workflow-app\\auth-service\\node_modules\\jest-circus\\build\\run.js:126:9)\n    at _runTestsForDescribeBlock (C:\\VKR\\workflow-app\\auth-service\\node_modules\\jest-circus\\build\\run.js:121:9)\n    at _runTestsForDescribeBlock (C:\\VKR\\workflow-app\\auth-service\\node_modules\\jest-circus\\build\\run.js:121:9)\n    at run (C:\\VKR\\workflow-app\\auth-service\\node_modules\\jest-circus\\build\\run.js:71:3)\n    at runAndTransformResultsToJestFormat (C:\\VKR\\workflow-app\\auth-service\\node_modules\\jest-circus\\build\\legacy-code-todo-rewrite\\jestAdapterInit.js:122:21)\n    at jestAdapter (C:\\VKR\\workflow-app\\auth-service\\node_modules\\jest-circus\\build\\legacy-code-todo-rewrite\\jestAdapter.js:79:19)\n    at runTestInternal (C:\\VKR\\workflow-app\\auth-service\\node_modules\\jest-runner\\build\\runTest.js:367:16)\n    at runTest (C:\\VKR\\workflow-app\\auth-service\\node_modules\\jest-runner\\build\\runTest.js:444:34)","status":"Killed","static":false,"testsCompleted":23,"killedBy":["23"],"coveredBy":["4","5","6","13","14","15","16","20","23","24","25","27","28","29","30","31","32","33","34","37","38","39","40"],"location":{"end":{"column":68,"line":33},"start":{"column":9,"line":33}}},{"id":"30","mutatorName":"ConditionalExpression","replacement":"false","statusReason":"Error: expect(received).rejects.toThrow(expected)\n\nExpected constructor: ConflictException\nReceived constructor: TypeError\n\nReceived message: \"Cannot read properties of undefined (reading 'id')\"\n\n      121 |       const savedUser = await this.usersRepository.save(user);\n      122 |       const token = this.jwtService.sign({\n    > 123 |         id: savedUser.id,\n          |                       ^\n      124 |         email: savedUser.email,\n      125 |         role: savedUser.role\n      126 |       } as JwtPayload);\n\n      at AuthService.register (src/auth/auth.service.ts:123:23)\n      at Object.<anonymous> (src/test/unit/auth/auth.service.boundary.spec.ts:124:17)\n    at Object.toThrow (C:\\VKR\\workflow-app\\auth-service\\node_modules\\expect\\build\\index.js:218:22)\n    at Object.<anonymous> (C:\\VKR\\workflow-app\\auth-service\\.stryker-tmp\\sandbox-T34aAZ\\src\\test\\unit\\auth\\auth.service.boundary.spec.ts:124:73)\n    at Promise.then.completed (C:\\VKR\\workflow-app\\auth-service\\node_modules\\jest-circus\\build\\utils.js:298:28)\n    at new Promise (<anonymous>)\n    at callAsyncCircusFn (C:\\VKR\\workflow-app\\auth-service\\node_modules\\jest-circus\\build\\utils.js:231:10)\n    at _callCircusTest (C:\\VKR\\workflow-app\\auth-service\\node_modules\\jest-circus\\build\\run.js:316:40)\n    at _runTest (C:\\VKR\\workflow-app\\auth-service\\node_modules\\jest-circus\\build\\run.js:252:3)\n    at _runTestsForDescribeBlock (C:\\VKR\\workflow-app\\auth-service\\node_modules\\jest-circus\\build\\run.js:126:9)\n    at _runTestsForDescribeBlock (C:\\VKR\\workflow-app\\auth-service\\node_modules\\jest-circus\\build\\run.js:121:9)\n    at _runTestsForDescribeBlock (C:\\VKR\\workflow-app\\auth-service\\node_modules\\jest-circus\\build\\run.js:121:9)\n    at run (C:\\VKR\\workflow-app\\auth-service\\node_modules\\jest-circus\\build\\run.js:71:3)\n    at runAndTransformResultsToJestFormat (C:\\VKR\\workflow-app\\auth-service\\node_modules\\jest-circus\\build\\legacy-code-todo-rewrite\\jestAdapterInit.js:122:21)\n    at jestAdapter (C:\\VKR\\workflow-app\\auth-service\\node_modules\\jest-circus\\build\\legacy-code-todo-rewrite\\jestAdapter.js:79:19)\n    at runTestInternal (C:\\VKR\\workflow-app\\auth-service\\node_modules\\jest-runner\\build\\runTest.js:367:16)\n    at runTest (C:\\VKR\\workflow-app\\auth-service\\node_modules\\jest-runner\\build\\runTest.js:444:34)","status":"Killed","static":false,"testsCompleted":23,"killedBy":["27"],"coveredBy":["4","5","6","13","14","15","16","20","23","24","25","27","28","29","30","31","32","33","34","37","38","39","40"],"location":{"end":{"column":68,"line":33},"start":{"column":9,"line":33}}},{"id":"31","mutatorName":"LogicalOperator","replacement":"registerDto.name.length < 4 && registerDto.name.length > 20","statusReason":"Error: expect(received).rejects.toThrow(expected)\n\nExpected constructor: ConflictException\nReceived constructor: TypeError\n\nReceived message: \"Cannot read properties of undefined (reading 'id')\"\n\n      121 |       const savedUser = await this.usersRepository.save(user);\n      122 |       const token = this.jwtService.sign({\n    > 123 |         id: savedUser.id,\n          |                       ^\n      124 |         email: savedUser.email,\n      125 |         role: savedUser.role\n      126 |       } as JwtPayload);\n\n      at AuthService.register (src/auth/auth.service.ts:123:23)\n      at Object.<anonymous> (src/test/unit/auth/auth.service.boundary.spec.ts:124:17)\n    at Object.toThrow (C:\\VKR\\workflow-app\\auth-service\\node_modules\\expect\\build\\index.js:218:22)\n    at Object.<anonymous> (C:\\VKR\\workflow-app\\auth-service\\.stryker-tmp\\sandbox-T34aAZ\\src\\test\\unit\\auth\\auth.service.boundary.spec.ts:124:73)\n    at Promise.then.completed (C:\\VKR\\workflow-app\\auth-service\\node_modules\\jest-circus\\build\\utils.js:298:28)\n    at new Promise (<anonymous>)\n    at callAsyncCircusFn (C:\\VKR\\workflow-app\\auth-service\\node_modules\\jest-circus\\build\\utils.js:231:10)\n    at _callCircusTest (C:\\VKR\\workflow-app\\auth-service\\node_modules\\jest-circus\\build\\run.js:316:40)\n    at _runTest (C:\\VKR\\workflow-app\\auth-service\\node_modules\\jest-circus\\build\\run.js:252:3)\n    at _runTestsForDescribeBlock (C:\\VKR\\workflow-app\\auth-service\\node_modules\\jest-circus\\build\\run.js:126:9)\n    at _runTestsForDescribeBlock (C:\\VKR\\workflow-app\\auth-service\\node_modules\\jest-circus\\build\\run.js:121:9)\n    at _runTestsForDescribeBlock (C:\\VKR\\workflow-app\\auth-service\\node_modules\\jest-circus\\build\\run.js:121:9)\n    at run (C:\\VKR\\workflow-app\\auth-service\\node_modules\\jest-circus\\build\\run.js:71:3)\n    at runAndTransformResultsToJestFormat (C:\\VKR\\workflow-app\\auth-service\\node_modules\\jest-circus\\build\\legacy-code-todo-rewrite\\jestAdapterInit.js:122:21)\n    at jestAdapter (C:\\VKR\\workflow-app\\auth-service\\node_modules\\jest-circus\\build\\legacy-code-todo-rewrite\\jestAdapter.js:79:19)\n    at runTestInternal (C:\\VKR\\workflow-app\\auth-service\\node_modules\\jest-runner\\build\\runTest.js:367:16)\n    at runTest (C:\\VKR\\workflow-app\\auth-service\\node_modules\\jest-runner\\build\\runTest.js:444:34)","status":"Killed","static":false,"testsCompleted":23,"killedBy":["27"],"coveredBy":["4","5","6","13","14","15","16","20","23","24","25","27","28","29","30","31","32","33","34","37","38","39","40"],"location":{"end":{"column":68,"line":33},"start":{"column":9,"line":33}}},{"id":"32","mutatorName":"ConditionalExpression","replacement":"false","statusReason":"Error: expect(received).rejects.toThrow(expected)\n\nExpected constructor: ConflictException\nReceived constructor: TypeError\n\nReceived message: \"Cannot read properties of undefined (reading 'id')\"\n\n      121 |       const savedUser = await this.usersRepository.save(user);\n      122 |       const token = this.jwtService.sign({\n    > 123 |         id: savedUser.id,\n          |                       ^\n      124 |         email: savedUser.email,\n      125 |         role: savedUser.role\n      126 |       } as JwtPayload);\n\n      at AuthService.register (src/auth/auth.service.ts:123:23)\n      at Object.<anonymous> (src/test/unit/auth/auth.service.boundary.spec.ts:124:17)\n    at Object.toThrow (C:\\VKR\\workflow-app\\auth-service\\node_modules\\expect\\build\\index.js:218:22)\n    at Object.<anonymous> (C:\\VKR\\workflow-app\\auth-service\\.stryker-tmp\\sandbox-T34aAZ\\src\\test\\unit\\auth\\auth.service.boundary.spec.ts:124:73)\n    at Promise.then.completed (C:\\VKR\\workflow-app\\auth-service\\node_modules\\jest-circus\\build\\utils.js:298:28)\n    at new Promise (<anonymous>)\n    at callAsyncCircusFn (C:\\VKR\\workflow-app\\auth-service\\node_modules\\jest-circus\\build\\utils.js:231:10)\n    at _callCircusTest (C:\\VKR\\workflow-app\\auth-service\\node_modules\\jest-circus\\build\\run.js:316:40)\n    at _runTest (C:\\VKR\\workflow-app\\auth-service\\node_modules\\jest-circus\\build\\run.js:252:3)\n    at _runTestsForDescribeBlock (C:\\VKR\\workflow-app\\auth-service\\node_modules\\jest-circus\\build\\run.js:126:9)\n    at _runTestsForDescribeBlock (C:\\VKR\\workflow-app\\auth-service\\node_modules\\jest-circus\\build\\run.js:121:9)\n    at _runTestsForDescribeBlock (C:\\VKR\\workflow-app\\auth-service\\node_modules\\jest-circus\\build\\run.js:121:9)\n    at run (C:\\VKR\\workflow-app\\auth-service\\node_modules\\jest-circus\\build\\run.js:71:3)\n    at runAndTransformResultsToJestFormat (C:\\VKR\\workflow-app\\auth-service\\node_modules\\jest-circus\\build\\legacy-code-todo-rewrite\\jestAdapterInit.js:122:21)\n    at jestAdapter (C:\\VKR\\workflow-app\\auth-service\\node_modules\\jest-circus\\build\\legacy-code-todo-rewrite\\jestAdapter.js:79:19)\n    at runTestInternal (C:\\VKR\\workflow-app\\auth-service\\node_modules\\jest-runner\\build\\runTest.js:367:16)\n    at runTest (C:\\VKR\\workflow-app\\auth-service\\node_modules\\jest-runner\\build\\runTest.js:444:34)","status":"Killed","static":false,"testsCompleted":23,"killedBy":["27"],"coveredBy":["4","5","6","13","14","15","16","20","23","24","25","27","28","29","30","31","32","33","34","37","38","39","40"],"location":{"end":{"column":36,"line":33},"start":{"column":9,"line":33}}},{"id":"33","mutatorName":"EqualityOperator","replacement":"registerDto.name.length <= 4","statusReason":"Error: expect(received).resolves.toBeDefined()\n\nReceived promise rejected instead of resolved\nRejected to value: [ConflictException: Name must be at least 4 and 20 maximum characters long]\n    at expect (C:\\VKR\\workflow-app\\auth-service\\node_modules\\expect\\build\\index.js:113:15)\n    at Object.<anonymous> (C:\\VKR\\workflow-app\\auth-service\\.stryker-tmp\\sandbox-T34aAZ\\src\\test\\unit\\auth\\auth.service.boundary.spec.ts:122:23)\n    at Promise.then.completed (C:\\VKR\\workflow-app\\auth-service\\node_modules\\jest-circus\\build\\utils.js:298:28)\n    at new Promise (<anonymous>)\n    at callAsyncCircusFn (C:\\VKR\\workflow-app\\auth-service\\node_modules\\jest-circus\\build\\utils.js:231:10)\n    at _callCircusTest (C:\\VKR\\workflow-app\\auth-service\\node_modules\\jest-circus\\build\\run.js:316:40)\n    at _runTest (C:\\VKR\\workflow-app\\auth-service\\node_modules\\jest-circus\\build\\run.js:252:3)\n    at _runTestsForDescribeBlock (C:\\VKR\\workflow-app\\auth-service\\node_modules\\jest-circus\\build\\run.js:126:9)\n    at _runTestsForDescribeBlock (C:\\VKR\\workflow-app\\auth-service\\node_modules\\jest-circus\\build\\run.js:121:9)\n    at _runTestsForDescribeBlock (C:\\VKR\\workflow-app\\auth-service\\node_modules\\jest-circus\\build\\run.js:121:9)\n    at run (C:\\VKR\\workflow-app\\auth-service\\node_modules\\jest-circus\\build\\run.js:71:3)\n    at runAndTransformResultsToJestFormat (C:\\VKR\\workflow-app\\auth-service\\node_modules\\jest-circus\\build\\legacy-code-todo-rewrite\\jestAdapterInit.js:122:21)\n    at jestAdapter (C:\\VKR\\workflow-app\\auth-service\\node_modules\\jest-circus\\build\\legacy-code-todo-rewrite\\jestAdapter.js:79:19)\n    at runTestInternal (C:\\VKR\\workflow-app\\auth-service\\node_modules\\jest-runner\\build\\runTest.js:367:16)\n    at runTest (C:\\VKR\\workflow-app\\auth-service\\node_modules\\jest-runner\\build\\runTest.js:444:34)","status":"Killed","static":false,"testsCompleted":23,"killedBy":["28"],"coveredBy":["4","5","6","13","14","15","16","20","23","24","25","27","28","29","30","31","32","33","34","37","38","39","40"],"location":{"end":{"column":36,"line":33},"start":{"column":9,"line":33}}},{"id":"34","mutatorName":"EqualityOperator","replacement":"registerDto.name.length >= 4","statusReason":"Error: expect(received).resolves.toBeDefined()\n\nReceived promise rejected instead of resolved\nRejected to value: [ConflictException: Name must be at least 4 and 20 maximum characters long]\n    at expect (C:\\VKR\\workflow-app\\auth-service\\node_modules\\expect\\build\\index.js:113:15)\n    at Object.<anonymous> (C:\\VKR\\workflow-app\\auth-service\\.stryker-tmp\\sandbox-T34aAZ\\src\\test\\unit\\auth\\auth.service.boundary.spec.ts:85:17)\n    at Promise.then.completed (C:\\VKR\\workflow-app\\auth-service\\node_modules\\jest-circus\\build\\utils.js:298:28)\n    at new Promise (<anonymous>)\n    at callAsyncCircusFn (C:\\VKR\\workflow-app\\auth-service\\node_modules\\jest-circus\\build\\utils.js:231:10)\n    at _callCircusTest (C:\\VKR\\workflow-app\\auth-service\\node_modules\\jest-circus\\build\\run.js:316:40)\n    at _runTest (C:\\VKR\\workflow-app\\auth-service\\node_modules\\jest-circus\\build\\run.js:252:3)\n    at _runTestsForDescribeBlock (C:\\VKR\\workflow-app\\auth-service\\node_modules\\jest-circus\\build\\run.js:126:9)\n    at _runTestsForDescribeBlock (C:\\VKR\\workflow-app\\auth-service\\node_modules\\jest-circus\\build\\run.js:121:9)\n    at _runTestsForDescribeBlock (C:\\VKR\\workflow-app\\auth-service\\node_modules\\jest-circus\\build\\run.js:121:9)\n    at run (C:\\VKR\\workflow-app\\auth-service\\node_modules\\jest-circus\\build\\run.js:71:3)\n    at runAndTransformResultsToJestFormat (C:\\VKR\\workflow-app\\auth-service\\node_modules\\jest-circus\\build\\legacy-code-todo-rewrite\\jestAdapterInit.js:122:21)\n    at jestAdapter (C:\\VKR\\workflow-app\\auth-service\\node_modules\\jest-circus\\build\\legacy-code-todo-rewrite\\jestAdapter.js:79:19)\n    at runTestInternal (C:\\VKR\\workflow-app\\auth-service\\node_modules\\jest-runner\\build\\runTest.js:367:16)\n    at runTest (C:\\VKR\\workflow-app\\auth-service\\node_modules\\jest-runner\\build\\runTest.js:444:34)","status":"Killed","static":false,"testsCompleted":23,"killedBy":["23"],"coveredBy":["4","5","6","13","14","15","16","20","23","24","25","27","28","29","30","31","32","33","34","37","38","39","40"],"location":{"end":{"column":36,"line":33},"start":{"column":9,"line":33}}},{"id":"35","mutatorName":"ConditionalExpression","replacement":"false","statusReason":"Error: expect(received).rejects.toThrow(expected)\n\nExpected constructor: ConflictException\nReceived constructor: TypeError\n\nReceived message: \"Cannot read properties of undefined (reading 'id')\"\n\n      121 |       const savedUser = await this.usersRepository.save(user);\n      122 |       const token = this.jwtService.sign({\n    > 123 |         id: savedUser.id,\n          |                       ^\n      124 |         email: savedUser.email,\n      125 |         role: savedUser.role\n      126 |       } as JwtPayload);\n\n      at AuthService.register (src/auth/auth.service.ts:123:23)\n      at Object.<anonymous> (src/test/unit/auth/auth.service.boundary.spec.ts:124:17)\n    at Object.toThrow (C:\\VKR\\workflow-app\\auth-service\\node_modules\\expect\\build\\index.js:218:22)\n    at Object.<anonymous> (C:\\VKR\\workflow-app\\auth-service\\.stryker-tmp\\sandbox-T34aAZ\\src\\test\\unit\\auth\\auth.service.boundary.spec.ts:124:73)\n    at Promise.then.completed (C:\\VKR\\workflow-app\\auth-service\\node_modules\\jest-circus\\build\\utils.js:298:28)\n    at new Promise (<anonymous>)\n    at callAsyncCircusFn (C:\\VKR\\workflow-app\\auth-service\\node_modules\\jest-circus\\build\\utils.js:231:10)\n    at _callCircusTest (C:\\VKR\\workflow-app\\auth-service\\node_modules\\jest-circus\\build\\run.js:316:40)\n    at _runTest (C:\\VKR\\workflow-app\\auth-service\\node_modules\\jest-circus\\build\\run.js:252:3)\n    at _runTestsForDescribeBlock (C:\\VKR\\workflow-app\\auth-service\\node_modules\\jest-circus\\build\\run.js:126:9)\n    at _runTestsForDescribeBlock (C:\\VKR\\workflow-app\\auth-service\\node_modules\\jest-circus\\build\\run.js:121:9)\n    at _runTestsForDescribeBlock (C:\\VKR\\workflow-app\\auth-service\\node_modules\\jest-circus\\build\\run.js:121:9)\n    at run (C:\\VKR\\workflow-app\\auth-service\\node_modules\\jest-circus\\build\\run.js:71:3)\n    at runAndTransformResultsToJestFormat (C:\\VKR\\workflow-app\\auth-service\\node_modules\\jest-circus\\build\\legacy-code-todo-rewrite\\jestAdapterInit.js:122:21)\n    at jestAdapter (C:\\VKR\\workflow-app\\auth-service\\node_modules\\jest-circus\\build\\legacy-code-todo-rewrite\\jestAdapter.js:79:19)\n    at runTestInternal (C:\\VKR\\workflow-app\\auth-service\\node_modules\\jest-runner\\build\\runTest.js:367:16)\n    at runTest (C:\\VKR\\workflow-app\\auth-service\\node_modules\\jest-runner\\build\\runTest.js:444:34)","status":"Killed","static":false,"testsCompleted":20,"killedBy":["30"],"coveredBy":["4","5","6","13","14","15","16","20","23","24","25","28","29","30","31","32","34","38","39","40"],"location":{"end":{"column":68,"line":33},"start":{"column":40,"line":33}}},{"id":"36","mutatorName":"EqualityOperator","replacement":"registerDto.name.length >= 20","statusReason":"Error: expect(received).resolves.toBeDefined()\n\nReceived promise rejected instead of resolved\nRejected to value: [ConflictException: Name must be at least 4 and 20 maximum characters long]\n    at expect (C:\\VKR\\workflow-app\\auth-service\\node_modules\\expect\\build\\index.js:113:15)\n    at Object.<anonymous> (C:\\VKR\\workflow-app\\auth-service\\.stryker-tmp\\sandbox-T34aAZ\\src\\test\\unit\\auth\\auth.service.boundary.spec.ts:122:23)\n    at Promise.then.completed (C:\\VKR\\workflow-app\\auth-service\\node_modules\\jest-circus\\build\\utils.js:298:28)\n    at new Promise (<anonymous>)\n    at callAsyncCircusFn (C:\\VKR\\workflow-app\\auth-service\\node_modules\\jest-circus\\build\\utils.js:231:10)\n    at _callCircusTest (C:\\VKR\\workflow-app\\auth-service\\node_modules\\jest-circus\\build\\run.js:316:40)\n    at _runTest (C:\\VKR\\workflow-app\\auth-service\\node_modules\\jest-circus\\build\\run.js:252:3)\n    at _runTestsForDescribeBlock (C:\\VKR\\workflow-app\\auth-service\\node_modules\\jest-circus\\build\\run.js:126:9)\n    at _runTestsForDescribeBlock (C:\\VKR\\workflow-app\\auth-service\\node_modules\\jest-circus\\build\\run.js:121:9)\n    at _runTestsForDescribeBlock (C:\\VKR\\workflow-app\\auth-service\\node_modules\\jest-circus\\build\\run.js:121:9)\n    at run (C:\\VKR\\workflow-app\\auth-service\\node_modules\\jest-circus\\build\\run.js:71:3)\n    at runAndTransformResultsToJestFormat (C:\\VKR\\workflow-app\\auth-service\\node_modules\\jest-circus\\build\\legacy-code-todo-rewrite\\jestAdapterInit.js:122:21)\n    at jestAdapter (C:\\VKR\\workflow-app\\auth-service\\node_modules\\jest-circus\\build\\legacy-code-todo-rewrite\\jestAdapter.js:79:19)\n    at runTestInternal (C:\\VKR\\workflow-app\\auth-service\\node_modules\\jest-runner\\build\\runTest.js:367:16)\n    at runTest (C:\\VKR\\workflow-app\\auth-service\\node_modules\\jest-runner\\build\\runTest.js:444:34)","status":"Killed","static":false,"testsCompleted":20,"killedBy":["31"],"coveredBy":["4","5","6","13","14","15","16","20","23","24","25","28","29","30","31","32","34","38","39","40"],"location":{"end":{"column":68,"line":33},"start":{"column":40,"line":33}}},{"id":"47","mutatorName":"ObjectLiteral","replacement":"{}","statusReason":"src/auth/auth.service.ts(65,5): error TS2739: Type '{}' is missing the following properties from type '{ user: any; token: string; }': user, token\r\n","status":"CompileError","static":false,"coveredBy":["4","5","16","20","23","24","25","28","29","31","34","38","39"],"location":{"end":{"column":48,"line":65},"start":{"column":12,"line":65}}},{"id":"37","mutatorName":"EqualityOperator","replacement":"registerDto.name.length <= 20","statusReason":"Error: expect(received).resolves.toBeDefined()\n\nReceived promise rejected instead of resolved\nRejected to value: [ConflictException: Name must be at least 4 and 20 maximum characters long]\n    at expect (C:\\VKR\\workflow-app\\auth-service\\node_modules\\expect\\build\\index.js:113:15)\n    at Object.<anonymous> (C:\\VKR\\workflow-app\\auth-service\\.stryker-tmp\\sandbox-T34aAZ\\src\\test\\unit\\auth\\auth.service.boundary.spec.ts:85:17)\n    at Promise.then.completed (C:\\VKR\\workflow-app\\auth-service\\node_modules\\jest-circus\\build\\utils.js:298:28)\n    at new Promise (<anonymous>)\n    at callAsyncCircusFn (C:\\VKR\\workflow-app\\auth-service\\node_modules\\jest-circus\\build\\utils.js:231:10)\n    at _callCircusTest (C:\\VKR\\workflow-app\\auth-service\\node_modules\\jest-circus\\build\\run.js:316:40)\n    at _runTest (C:\\VKR\\workflow-app\\auth-service\\node_modules\\jest-circus\\build\\run.js:252:3)\n    at _runTestsForDescribeBlock (C:\\VKR\\workflow-app\\auth-service\\node_modules\\jest-circus\\build\\run.js:126:9)\n    at _runTestsForDescribeBlock (C:\\VKR\\workflow-app\\auth-service\\node_modules\\jest-circus\\build\\run.js:121:9)\n    at _runTestsForDescribeBlock (C:\\VKR\\workflow-app\\auth-service\\node_modules\\jest-circus\\build\\run.js:121:9)\n    at run (C:\\VKR\\workflow-app\\auth-service\\node_modules\\jest-circus\\build\\run.js:71:3)\n    at runAndTransformResultsToJestFormat (C:\\VKR\\workflow-app\\auth-service\\node_modules\\jest-circus\\build\\legacy-code-todo-rewrite\\jestAdapterInit.js:122:21)\n    at jestAdapter (C:\\VKR\\workflow-app\\auth-service\\node_modules\\jest-circus\\build\\legacy-code-todo-rewrite\\jestAdapter.js:79:19)\n    at runTestInternal (C:\\VKR\\workflow-app\\auth-service\\node_modules\\jest-runner\\build\\runTest.js:367:16)\n    at runTest (C:\\VKR\\workflow-app\\auth-service\\node_modules\\jest-runner\\build\\runTest.js:444:34)","status":"Killed","static":false,"testsCompleted":20,"killedBy":["23"],"coveredBy":["4","5","6","13","14","15","16","20","23","24","25","28","29","30","31","32","34","38","39","40"],"location":{"end":{"column":68,"line":33},"start":{"column":40,"line":33}}},{"id":"38","mutatorName":"BlockStatement","replacement":"{}","statusReason":"Error: expect(received).rejects.toThrow(expected)\n\nExpected constructor: ConflictException\nReceived constructor: TypeError\n\nReceived message: \"Cannot read properties of undefined (reading 'id')\"\n\n      121 |       const savedUser = await this.usersRepository.save(user);\n      122 |       const token = this.jwtService.sign({\n    > 123 |         id: savedUser.id,\n          |                       ^\n      124 |         email: savedUser.email,\n      125 |         role: savedUser.role\n      126 |       } as JwtPayload);\n\n      at AuthService.register (src/auth/auth.service.ts:123:23)\n      at Object.<anonymous> (src/test/unit/auth/auth.service.boundary.spec.ts:124:17)\n    at Object.toThrow (C:\\VKR\\workflow-app\\auth-service\\node_modules\\expect\\build\\index.js:218:22)\n    at Object.<anonymous> (C:\\VKR\\workflow-app\\auth-service\\.stryker-tmp\\sandbox-T34aAZ\\src\\test\\unit\\auth\\auth.service.boundary.spec.ts:124:73)\n    at Promise.then.completed (C:\\VKR\\workflow-app\\auth-service\\node_modules\\jest-circus\\build\\utils.js:298:28)\n    at new Promise (<anonymous>)\n    at callAsyncCircusFn (C:\\VKR\\workflow-app\\auth-service\\node_modules\\jest-circus\\build\\utils.js:231:10)\n    at _callCircusTest (C:\\VKR\\workflow-app\\auth-service\\node_modules\\jest-circus\\build\\run.js:316:40)\n    at _runTest (C:\\VKR\\workflow-app\\auth-service\\node_modules\\jest-circus\\build\\run.js:252:3)\n    at _runTestsForDescribeBlock (C:\\VKR\\workflow-app\\auth-service\\node_modules\\jest-circus\\build\\run.js:126:9)\n    at _runTestsForDescribeBlock (C:\\VKR\\workflow-app\\auth-service\\node_modules\\jest-circus\\build\\run.js:121:9)\n    at _runTestsForDescribeBlock (C:\\VKR\\workflow-app\\auth-service\\node_modules\\jest-circus\\build\\run.js:121:9)\n    at run (C:\\VKR\\workflow-app\\auth-service\\node_modules\\jest-circus\\build\\run.js:71:3)\n    at runAndTransformResultsToJestFormat (C:\\VKR\\workflow-app\\auth-service\\node_modules\\jest-circus\\build\\legacy-code-todo-rewrite\\jestAdapterInit.js:122:21)\n    at jestAdapter (C:\\VKR\\workflow-app\\auth-service\\node_modules\\jest-circus\\build\\legacy-code-todo-rewrite\\jestAdapter.js:79:19)\n    at runTestInternal (C:\\VKR\\workflow-app\\auth-service\\node_modules\\jest-runner\\build\\runTest.js:367:16)\n    at runTest (C:\\VKR\\workflow-app\\auth-service\\node_modules\\jest-runner\\build\\runTest.js:444:34)","status":"Killed","static":false,"testsCompleted":5,"killedBy":["27"],"coveredBy":["27","30","32","33","37"],"location":{"end":{"column":6,"line":35},"start":{"column":70,"line":33}}},{"id":"39","mutatorName":"StringLiteral","replacement":"\"\"","statusReason":"Error: expect(received).rejects.toThrow(expected)\n\nExpected substring: \"Name must be at least 4 and 20 maximum characters long\"\nReceived message:   \"Conflict\"\n\n      92 |         } else {\n      93 |           stryCov_9fa48(\"38\");\n    > 94 |           throw new ConflictException(stryMutAct_9fa48(\"39\") ? \"\" : (stryCov_9fa48(\"39\"), 'Name must be at least 4 and 20 maximum characters long'));\n         |                 ^\n      95 |         }\n      96 |       }\n      97 |       //console.log('Register attempt for email:', registerDto.email);\n\n      at AuthService.register (src/auth/auth.service.ts:94:17)\n      at Object.<anonymous> (src/test/unit/auth/auth.service.boundary.spec.ts:158:38)\n    at Object.toThrow (C:\\VKR\\workflow-app\\auth-service\\node_modules\\expect\\build\\index.js:218:22)\n    at Object.<anonymous> (C:\\VKR\\workflow-app\\auth-service\\.stryker-tmp\\sandbox-T34aAZ\\src\\test\\unit\\auth\\auth.service.boundary.spec.ts:158:69)","status":"Killed","static":false,"testsCompleted":5,"killedBy":["37"],"coveredBy":["27","30","32","33","37"],"location":{"end":{"column":91,"line":34},"start":{"column":35,"line":34}}},{"id":"51","mutatorName":"BooleanLiteral","replacement":"user","statusReason":"src/auth/auth.service.ts(77,39): error TS2769: No overload matches this call.\r\n  Overload 1 of 2, '(entities: User[], options?: RemoveOptions | undefined): Promise<User[]>', gave the following error.\r\n    Argument of type 'null' is not assignable to parameter of type 'User[]'.\r\n  Overload 2 of 2, '(entity: User, options?: RemoveOptions | undefined): Promise<User>', gave the following error.\r\n    Argument of type 'null' is not assignable to parameter of type 'User'.\r\n","status":"CompileError","static":false,"coveredBy":["17"],"location":{"end":{"column":14,"line":73},"start":{"column":9,"line":73}}},{"id":"40","mutatorName":"ObjectLiteral","replacement":"{}","statusReason":"Error: expect(jest.fn()).toHaveBeenCalledWith(...expected)\n\n- Expected\n+ Received\n\n- Object {\n-   \"where\": Object {\n-     \"email\": \"unique@example.com\",\n-   },\n- }\n+ Object {},\n\nNumber of calls: 1\n    at Object.<anonymous> (C:\\VKR\\workflow-app\\auth-service\\.stryker-tmp\\sandbox-T34aAZ\\src\\test\\unit\\auth\\auth.service.equivalence.spec.ts:335:45)","status":"Killed","static":false,"testsCompleted":18,"killedBy":["20"],"coveredBy":["4","5","6","13","14","15","16","20","23","24","25","28","29","31","34","38","39","40"],"location":{"end":{"column":6,"line":40},"start":{"column":61,"line":38}}},{"id":"52","mutatorName":"ConditionalExpression","replacement":"true","statusReason":"src/auth/auth.service.ts(77,39): error TS2769: No overload matches this call.\r\n  Overload 1 of 2, '(entities: User[], options?: RemoveOptions | undefined): Promise<User[]>', gave the following error.\r\n    Argument of type 'User | null' is not assignable to parameter of type 'User[]'.\r\n      Type 'null' is not assignable to type 'User[]'.\r\n  Overload 2 of 2, '(entity: User, options?: RemoveOptions | undefined): Promise<User>', gave the following error.\r\n    Argument of type 'User | null' is not assignable to parameter of type 'User'.\r\n      Type 'null' is not assignable to type 'User'.\r\n","status":"CompileError","static":false,"coveredBy":["17"],"location":{"end":{"column":14,"line":73},"start":{"column":9,"line":73}}},{"id":"41","mutatorName":"ObjectLiteral","replacement":"{}","statusReason":"Error: expect(jest.fn()).toHaveBeenCalledWith(...expected)\n\n- Expected\n+ Received\n\n  Object {\n-   \"where\": Object {\n-     \"email\": \"unique@example.com\",\n-   },\n+   \"where\": Object {},\n  },\n\nNumber of calls: 1\n    at Object.<anonymous> (C:\\VKR\\workflow-app\\auth-service\\.stryker-tmp\\sandbox-T34aAZ\\src\\test\\unit\\auth\\auth.service.equivalence.spec.ts:335:45)","status":"Killed","static":false,"testsCompleted":18,"killedBy":["20"],"coveredBy":["4","5","6","13","14","15","16","20","23","24","25","28","29","31","34","38","39","40"],"location":{"end":{"column":42,"line":39},"start":{"column":14,"line":39}}},{"id":"53","mutatorName":"ConditionalExpression","replacement":"false","statusReason":"src/auth/auth.service.ts(77,39): error TS2769: No overload matches this call.\r\n  Overload 1 of 2, '(entities: User[], options?: RemoveOptions | undefined): Promise<User[]>', gave the following error.\r\n    Argument of type 'User | null' is not assignable to parameter of type 'User[]'.\r\n      Type 'null' is not assignable to type 'User[]'.\r\n  Overload 2 of 2, '(entity: User, options?: RemoveOptions | undefined): Promise<User>', gave the following error.\r\n    Argument of type 'User | null' is not assignable to parameter of type 'User'.\r\n      Type 'null' is not assignable to type 'User'.\r\n","status":"CompileError","static":false,"coveredBy":["17"],"location":{"end":{"column":14,"line":73},"start":{"column":9,"line":73}}},{"id":"54","mutatorName":"BlockStatement","replacement":"{}","statusReason":"src/auth/auth.service.ts(75,39): error TS2769: No overload matches this call.\r\n  Overload 1 of 2, '(entities: User[], options?: RemoveOptions | undefined): Promise<User[]>', gave the following error.\r\n    Argument of type 'User | null' is not assignable to parameter of type 'User[]'.\r\n      Type 'null' is not assignable to type 'User[]'.\r\n  Overload 2 of 2, '(entity: User, options?: RemoveOptions | undefined): Promise<User>', gave the following error.\r\n    Argument of type 'User | null' is not assignable to parameter of type 'User'.\r\n      Type 'null' is not assignable to type 'User'.\r\n","status":"CompileError","static":false,"coveredBy":[],"location":{"end":{"column":6,"line":75},"start":{"column":16,"line":73}}},{"id":"42","mutatorName":"ConditionalExpression","replacement":"true","statusReason":"Error: expect(received).resolves.toBeDefined()\n\nReceived promise rejected instead of resolved\nRejected to value: [ConflictException: User with this email already exists]\n    at expect (C:\\VKR\\workflow-app\\auth-service\\node_modules\\expect\\build\\index.js:113:15)\n    at Object.<anonymous> (C:\\VKR\\workflow-app\\auth-service\\.stryker-tmp\\sandbox-T34aAZ\\src\\test\\unit\\auth\\auth.service.equivalence.spec.ts:81:19)\n    at Promise.then.completed (C:\\VKR\\workflow-app\\auth-service\\node_modules\\jest-circus\\build\\utils.js:298:28)\n    at new Promise (<anonymous>)\n    at callAsyncCircusFn (C:\\VKR\\workflow-app\\auth-service\\node_modules\\jest-circus\\build\\utils.js:231:10)\n    at _callCircusTest (C:\\VKR\\workflow-app\\auth-service\\node_modules\\jest-circus\\build\\run.js:316:40)\n    at _runTest (C:\\VKR\\workflow-app\\auth-service\\node_modules\\jest-circus\\build\\run.js:252:3)\n    at _runTestsForDescribeBlock (C:\\VKR\\workflow-app\\auth-service\\node_modules\\jest-circus\\build\\run.js:126:9)\n    at _runTestsForDescribeBlock (C:\\VKR\\workflow-app\\auth-service\\node_modules\\jest-circus\\build\\run.js:121:9)\n    at _runTestsForDescribeBlock (C:\\VKR\\workflow-app\\auth-service\\node_modules\\jest-circus\\build\\run.js:121:9)\n    at run (C:\\VKR\\workflow-app\\auth-service\\node_modules\\jest-circus\\build\\run.js:71:3)\n    at runAndTransformResultsToJestFormat (C:\\VKR\\workflow-app\\auth-service\\node_modules\\jest-circus\\build\\legacy-code-todo-rewrite\\jestAdapterInit.js:122:21)\n    at jestAdapter (C:\\VKR\\workflow-app\\auth-service\\node_modules\\jest-circus\\build\\legacy-code-todo-rewrite\\jestAdapter.js:79:19)\n    at runTestInternal (C:\\VKR\\workflow-app\\auth-service\\node_modules\\jest-runner\\build\\runTest.js:367:16)\n    at runTest (C:\\VKR\\workflow-app\\auth-service\\node_modules\\jest-runner\\build\\runTest.js:444:34)","status":"Killed","static":false,"testsCompleted":18,"killedBy":["4"],"coveredBy":["4","5","6","13","14","15","16","20","23","24","25","28","29","31","34","38","39","40"],"location":{"end":{"column":21,"line":44},"start":{"column":9,"line":44}}},{"id":"55","mutatorName":"StringLiteral","replacement":"\"\"","status":"NoCoverage","static":false,"coveredBy":[],"location":{"end":{"column":61,"line":74},"start":{"column":37,"line":74}}},{"id":"56","mutatorName":"BlockStatement","replacement":"{}","statusReason":"src/auth/auth.service.ts(80,39): error TS2355: A function whose declared type is neither 'undefined', 'void', nor 'any' must return a value.\r\n","status":"CompileError","static":false,"coveredBy":["41"],"location":{"end":{"column":4,"line":82},"start":{"column":60,"line":80}}},{"id":"43","mutatorName":"ConditionalExpression","replacement":"false","statusReason":"Error: expect(received).rejects.toThrow(expected)\n\nExpected constructor: ConflictException\nReceived constructor: TypeError\n\nReceived message: \"Cannot read properties of undefined (reading 'id')\"\n\n      121 |       const savedUser = await this.usersRepository.save(user);\n      122 |       const token = this.jwtService.sign({\n    > 123 |         id: savedUser.id,\n          |                       ^\n      124 |         email: savedUser.email,\n      125 |         role: savedUser.role\n      126 |       } as JwtPayload);\n\n      at AuthService.register (src/auth/auth.service.ts:123:23)\n      at Object.<anonymous> (src/test/unit/auth/auth.service.equivalence.spec.ts:129:13)\n    at Object.toThrow (C:\\VKR\\workflow-app\\auth-service\\node_modules\\expect\\build\\index.js:218:22)\n    at Object.<anonymous> (C:\\VKR\\workflow-app\\auth-service\\.stryker-tmp\\sandbox-T34aAZ\\src\\test\\unit\\auth\\auth.service.equivalence.spec.ts:130:26)\n    at Promise.then.completed (C:\\VKR\\workflow-app\\auth-service\\node_modules\\jest-circus\\build\\utils.js:298:28)\n    at new Promise (<anonymous>)\n    at callAsyncCircusFn (C:\\VKR\\workflow-app\\auth-service\\node_modules\\jest-circus\\build\\utils.js:231:10)\n    at _callCircusTest (C:\\VKR\\workflow-app\\auth-service\\node_modules\\jest-circus\\build\\run.js:316:40)\n    at _runTest (C:\\VKR\\workflow-app\\auth-service\\node_modules\\jest-circus\\build\\run.js:252:3)\n    at _runTestsForDescribeBlock (C:\\VKR\\workflow-app\\auth-service\\node_modules\\jest-circus\\build\\run.js:126:9)\n    at _runTestsForDescribeBlock (C:\\VKR\\workflow-app\\auth-service\\node_modules\\jest-circus\\build\\run.js:121:9)\n    at _runTestsForDescribeBlock (C:\\VKR\\workflow-app\\auth-service\\node_modules\\jest-circus\\build\\run.js:121:9)\n    at run (C:\\VKR\\workflow-app\\auth-service\\node_modules\\jest-circus\\build\\run.js:71:3)\n    at runAndTransformResultsToJestFormat (C:\\VKR\\workflow-app\\auth-service\\node_modules\\jest-circus\\build\\legacy-code-todo-rewrite\\jestAdapterInit.js:122:21)\n    at jestAdapter (C:\\VKR\\workflow-app\\auth-service\\node_modules\\jest-circus\\build\\legacy-code-todo-rewrite\\jestAdapter.js:79:19)\n    at runTestInternal (C:\\VKR\\workflow-app\\auth-service\\node_modules\\jest-runner\\build\\runTest.js:367:16)\n    at runTest (C:\\VKR\\workflow-app\\auth-service\\node_modules\\jest-runner\\build\\runTest.js:444:34)","status":"Killed","static":false,"testsCompleted":18,"killedBy":["6"],"coveredBy":["4","5","6","13","14","15","16","20","23","24","25","28","29","31","34","38","39","40"],"location":{"end":{"column":21,"line":44},"start":{"column":9,"line":44}}},{"id":"59","mutatorName":"BlockStatement","replacement":"{}","statusReason":"src/auth/auth.service.ts(83,25): error TS2355: A function whose declared type is neither 'undefined', 'void', nor 'any' must return a value.\r\n","status":"CompileError","static":false,"coveredBy":[],"location":{"end":{"column":4,"line":92},"start":{"column":41,"line":83}}},{"id":"44","mutatorName":"BlockStatement","replacement":"{}","statusReason":"Error: expect(received).rejects.toThrow(expected)\n\nExpected constructor: ConflictException\nReceived constructor: TypeError\n\nReceived message: \"Cannot read properties of undefined (reading 'id')\"\n\n      121 |       const savedUser = await this.usersRepository.save(user);\n      122 |       const token = this.jwtService.sign({\n    > 123 |         id: savedUser.id,\n          |                       ^\n      124 |         email: savedUser.email,\n      125 |         role: savedUser.role\n      126 |       } as JwtPayload);\n\n      at AuthService.register (src/auth/auth.service.ts:123:23)\n      at Object.<anonymous> (src/test/unit/auth/auth.service.equivalence.spec.ts:129:13)\n    at Object.toThrow (C:\\VKR\\workflow-app\\auth-service\\node_modules\\expect\\build\\index.js:218:22)\n    at Object.<anonymous> (C:\\VKR\\workflow-app\\auth-service\\.stryker-tmp\\sandbox-T34aAZ\\src\\test\\unit\\auth\\auth.service.equivalence.spec.ts:130:26)\n    at Promise.then.completed (C:\\VKR\\workflow-app\\auth-service\\node_modules\\jest-circus\\build\\utils.js:298:28)\n    at new Promise (<anonymous>)\n    at callAsyncCircusFn (C:\\VKR\\workflow-app\\auth-service\\node_modules\\jest-circus\\build\\utils.js:231:10)\n    at _callCircusTest (C:\\VKR\\workflow-app\\auth-service\\node_modules\\jest-circus\\build\\run.js:316:40)\n    at _runTest (C:\\VKR\\workflow-app\\auth-service\\node_modules\\jest-circus\\build\\run.js:252:3)\n    at _runTestsForDescribeBlock (C:\\VKR\\workflow-app\\auth-service\\node_modules\\jest-circus\\build\\run.js:126:9)\n    at _runTestsForDescribeBlock (C:\\VKR\\workflow-app\\auth-service\\node_modules\\jest-circus\\build\\run.js:121:9)\n    at _runTestsForDescribeBlock (C:\\VKR\\workflow-app\\auth-service\\node_modules\\jest-circus\\build\\run.js:121:9)\n    at run (C:\\VKR\\workflow-app\\auth-service\\node_modules\\jest-circus\\build\\run.js:71:3)\n    at runAndTransformResultsToJestFormat (C:\\VKR\\workflow-app\\auth-service\\node_modules\\jest-circus\\build\\legacy-code-todo-rewrite\\jestAdapterInit.js:122:21)\n    at jestAdapter (C:\\VKR\\workflow-app\\auth-service\\node_modules\\jest-circus\\build\\legacy-code-todo-rewrite\\jestAdapter.js:79:19)\n    at runTestInternal (C:\\VKR\\workflow-app\\auth-service\\node_modules\\jest-runner\\build\\runTest.js:367:16)\n    at runTest (C:\\VKR\\workflow-app\\auth-service\\node_modules\\jest-runner\\build\\runTest.js:444:34)","status":"Killed","static":false,"testsCompleted":5,"killedBy":["6"],"coveredBy":["6","13","14","15","40"],"location":{"end":{"column":6,"line":47},"start":{"column":23,"line":44}}},{"id":"60","mutatorName":"BlockStatement","replacement":"{}","statusReason":"src/auth/auth.service.ts(83,25): error TS2355: A function whose declared type is neither 'undefined', 'void', nor 'any' must return a value.\r\n","status":"CompileError","static":false,"coveredBy":[],"location":{"end":{"column":6,"line":88},"start":{"column":9,"line":84}}},{"id":"45","mutatorName":"StringLiteral","replacement":"\"\"","statusReason":"Error: expect(received).rejects.toThrow(expected)\n\nExpected substring: \"User with this email already exists\"\nReceived message:   \"Conflict\"\n\n      111 |           stryCov_9fa48(\"44\");\n      112 |           //console.log('User already exists with ID:', existingUser.id);\n    > 113 |           throw new ConflictException(stryMutAct_9fa48(\"45\") ? \"\" : (stryCov_9fa48(\"45\"), 'User with this email already exists'));\n          |                 ^\n      114 |         }\n      115 |       }\n      116 |       const hashedPassword: string = await bcrypt.hash(registerDto.password, 12);\n\n      at AuthService.register (src/auth/auth.service.ts:113:17)\n      at Object.<anonymous> (src/test/unit/auth/auth.service.equivalence.spec.ts:231:13)\n    at Object.toThrow (C:\\VKR\\workflow-app\\auth-service\\node_modules\\expect\\build\\index.js:218:22)\n    at Object.<anonymous> (C:\\VKR\\workflow-app\\auth-service\\.stryker-tmp\\sandbox-T34aAZ\\src\\test\\unit\\auth\\auth.service.equivalence.spec.ts:231:69)","status":"Killed","static":false,"testsCompleted":5,"killedBy":["13"],"coveredBy":["6","13","14","15","40"],"location":{"end":{"column":72,"line":46},"start":{"column":35,"line":46}}},{"id":"61","mutatorName":"ObjectLiteral","replacement":"{}","status":"NoCoverage","static":false,"coveredBy":[],"location":{"end":{"column":8,"line":87},"start":{"column":44,"line":85}}},{"id":"46","mutatorName":"ObjectLiteral","replacement":"{}","statusReason":"Error: expect(jest.fn()).toHaveBeenCalledWith(...expected)\n\n- Expected\n+ Received\n\n- Object {\n-   \"email\": \"unique@example.com\",\n-   \"name\": \"Test\",\n-   \"password\": \"hashedPassword\",\n- }\n+ Object {},\n\nNumber of calls: 1\n    at Object.<anonymous> (C:\\VKR\\workflow-app\\auth-service\\.stryker-tmp\\sandbox-T34aAZ\\src\\test\\unit\\auth\\auth.service.equivalence.spec.ts:264:44)","status":"Killed","static":false,"testsCompleted":13,"killedBy":["16"],"coveredBy":["4","5","16","20","23","24","25","28","29","31","34","38","39"],"location":{"end":{"column":6,"line":53},"start":{"column":46,"line":50}}},{"id":"62","mutatorName":"ArrayDeclaration","replacement":"[]","status":"NoCoverage","static":false,"coveredBy":[],"location":{"end":{"column":59,"line":86},"start":{"column":15,"line":86}}},{"id":"48","mutatorName":"BlockStatement","replacement":"{}","statusReason":"Error: expect(jest.fn()).toHaveBeenCalledWith(...expected)\n\nExpected: {\"where\": {\"id\": \"123\"}}\n\nNumber of calls: 0\n    at Object.<anonymous> (C:\\VKR\\workflow-app\\auth-service\\.stryker-tmp\\sandbox-T34aAZ\\src\\test\\unit\\auth\\auth.service.equivalence.spec.ts:279:45)","status":"Killed","static":false,"testsCompleted":1,"killedBy":["17"],"coveredBy":["17"],"location":{"end":{"column":4,"line":78},"start":{"column":51,"line":68}}},{"id":"63","mutatorName":"StringLiteral","replacement":"\"\"","statusReason":"src/auth/auth.service.ts(86,16): error TS2322: Type '\"\"' is not assignable to type 'keyof User'.\r\n","status":"CompileError","static":false,"coveredBy":[],"location":{"end":{"column":20,"line":86},"start":{"column":16,"line":86}}},{"id":"49","mutatorName":"ObjectLiteral","replacement":"{}","statusReason":"Error: expect(jest.fn()).toHaveBeenCalledWith(...expected)\n\n- Expected\n+ Received\n\n- Object {\n-   \"where\": Object {\n-     \"id\": \"123\",\n-   },\n- }\n+ Object {},\n\nNumber of calls: 1\n    at Object.<anonymous> (C:\\VKR\\workflow-app\\auth-service\\.stryker-tmp\\sandbox-T34aAZ\\src\\test\\unit\\auth\\auth.service.equivalence.spec.ts:279:45)","status":"Killed","static":false,"testsCompleted":1,"killedBy":["17"],"coveredBy":["17"],"location":{"end":{"column":6,"line":71},"start":{"column":53,"line":69}}},{"id":"64","mutatorName":"StringLiteral","replacement":"\"\"","statusReason":"src/auth/auth.service.ts(86,22): error TS2322: Type '\"\"' is not assignable to type 'keyof User'.\r\n","status":"CompileError","static":false,"coveredBy":[],"location":{"end":{"column":29,"line":86},"start":{"column":22,"line":86}}},{"id":"50","mutatorName":"ObjectLiteral","replacement":"{}","statusReason":"Error: expect(jest.fn()).toHaveBeenCalledWith(...expected)\n\n- Expected\n+ Received\n\n  Object {\n-   \"where\": Object {\n-     \"id\": \"123\",\n-   },\n+   \"where\": Object {},\n  },\n\nNumber of calls: 1\n    at Object.<anonymous> (C:\\VKR\\workflow-app\\auth-service\\.stryker-tmp\\sandbox-T34aAZ\\src\\test\\unit\\auth\\auth.service.equivalence.spec.ts:279:45)","status":"Killed","static":false,"testsCompleted":1,"killedBy":["17"],"coveredBy":["17"],"location":{"end":{"column":30,"line":70},"start":{"column":16,"line":70}}},{"id":"65","mutatorName":"StringLiteral","replacement":"\"\"","statusReason":"src/auth/auth.service.ts(86,31): error TS2322: Type '\"\"' is not assignable to type 'keyof User'.\r\n","status":"CompileError","static":false,"coveredBy":[],"location":{"end":{"column":37,"line":86},"start":{"column":31,"line":86}}},{"id":"57","mutatorName":"ObjectLiteral","replacement":"{}","statusReason":"Error: expect(jest.fn()).toHaveBeenCalledWith(...expected)\n\n- Expected\n+ Received\n\n- Object {\n-   \"where\": Object {\n-     \"id\": \"123\",\n-   },\n- }\n+ Object {},\n\nNumber of calls: 1\n    at Object.<anonymous> (C:\\VKR\\workflow-app\\auth-service\\.stryker-tmp\\sandbox-T34aAZ\\src\\test\\unit\\auth\\auth.service.boundary.spec.ts:199:45)","status":"Killed","static":false,"testsCompleted":1,"killedBy":["41"],"coveredBy":["41"],"location":{"end":{"column":72,"line":81},"start":{"column":47,"line":81}}},{"id":"66","mutatorName":"StringLiteral","replacement":"\"\"","statusReason":"src/auth/auth.service.ts(86,39): error TS2322: Type '\"\"' is not assignable to type 'keyof User'.\r\n","status":"CompileError","static":false,"coveredBy":[],"location":{"end":{"column":45,"line":86},"start":{"column":39,"line":86}}},{"id":"58","mutatorName":"ObjectLiteral","replacement":"{}","statusReason":"Error: expect(jest.fn()).toHaveBeenCalledWith(...expected)\n\n- Expected\n+ Received\n\n  Object {\n-   \"where\": Object {\n-     \"id\": \"123\",\n-   },\n+   \"where\": Object {},\n  },\n\nNumber of calls: 1\n    at Object.<anonymous> (C:\\VKR\\workflow-app\\auth-service\\.stryker-tmp\\sandbox-T34aAZ\\src\\test\\unit\\auth\\auth.service.boundary.spec.ts:199:45)","status":"Killed","static":false,"testsCompleted":1,"killedBy":["41"],"coveredBy":["41"],"location":{"end":{"column":70,"line":81},"start":{"column":56,"line":81}}},{"id":"67","mutatorName":"StringLiteral","replacement":"\"\"","statusReason":"src/auth/auth.service.ts(86,47): error TS2322: Type '\"\"' is not assignable to type 'keyof User'.\r\n","status":"CompileError","static":false,"coveredBy":[],"location":{"end":{"column":58,"line":86},"start":{"column":47,"line":86}}},{"id":"68","mutatorName":"BlockStatement","replacement":"{}","statusReason":"src/auth/auth.service.ts(83,25): error TS2366: Function lacks ending return statement and return type does not include 'undefined'.\r\n","status":"CompileError","static":false,"coveredBy":[],"location":{"end":{"column":6,"line":91},"start":{"column":21,"line":88}}},{"id":"69","mutatorName":"StringLiteral","replacement":"\"\"","status":"NoCoverage","static":false,"coveredBy":[],"location":{"end":{"column":44,"line":89},"start":{"column":21,"line":89}}},{"id":"70","mutatorName":"StringLiteral","replacement":"\"\"","status":"NoCoverage","static":false,"coveredBy":[],"location":{"end":{"column":69,"line":90},"start":{"column":46,"line":90}}},{"id":"71","mutatorName":"BlockStatement","replacement":"{}","statusReason":"src/auth/auth.service.ts(94,36): error TS2355: A function whose declared type is neither 'undefined', 'void', nor 'any' must return a value.\r\n","status":"CompileError","static":false,"coveredBy":["7","8","9","18","19","21"],"location":{"end":{"column":4,"line":122},"start":{"column":93,"line":94}}},{"id":"72","mutatorName":"BlockStatement","replacement":"{}","statusReason":"src/auth/auth.service.ts(94,36): error TS2355: A function whose declared type is neither 'undefined', 'void', nor 'any' must return a value.\r\n","status":"CompileError","static":false,"coveredBy":["7","8","9","18","19","21"],"location":{"end":{"column":6,"line":118},"start":{"column":9,"line":96}}},{"id":"73","mutatorName":"ObjectLiteral","replacement":"{}","statusReason":"Error: expect(jest.fn()).toHaveBeenCalledWith(...expected)\n\n- Expected\n+ Received\n\n- Object {\n-   \"where\": Object {\n-     \"email\": \"test@example.com\",\n-   },\n- }\n+ Object {},\n\nNumber of calls: 1\n    at Object.<anonymous> (C:\\VKR\\workflow-app\\auth-service\\.stryker-tmp\\sandbox-T34aAZ\\src\\test\\unit\\auth\\auth.service.equivalence.spec.ts:358:45)","status":"Killed","static":false,"testsCompleted":6,"killedBy":["21"],"coveredBy":["7","8","9","18","19","21"],"location":{"end":{"column":6,"line":100},"start":{"column":53,"line":98}}},{"id":"75","mutatorName":"BooleanLiteral","replacement":"user","statusReason":"src/auth/auth.service.ts(105,69): error TS18047: 'user' is possibly 'null'.\r\nsrc/auth/auth.service.ts(111,11): error TS18047: 'user' is possibly 'null'.\r\nsrc/auth/auth.service.ts(112,14): error TS18047: 'user' is possibly 'null'.\r\nsrc/auth/auth.service.ts(113,13): error TS18047: 'user' is possibly 'null'.\r\nsrc/auth/auth.service.ts(116,13): error TS2339: Property 'password' does not exist on type 'null'.\r\nsrc/auth/auth.service.ts(116,37): error TS2700: Rest types may only be created from object types.\r\n","status":"CompileError","static":false,"coveredBy":["7","8","9","18","19","21"],"location":{"end":{"column":14,"line":102},"start":{"column":9,"line":102}}},{"id":"74","mutatorName":"ObjectLiteral","replacement":"{}","statusReason":"Error: expect(jest.fn()).toHaveBeenCalledWith(...expected)\n\n- Expected\n+ Received\n\n  Object {\n-   \"where\": Object {\n-     \"email\": \"test@example.com\",\n-   },\n+   \"where\": Object {},\n  },\n\nNumber of calls: 1\n    at Object.<anonymous> (C:\\VKR\\workflow-app\\auth-service\\.stryker-tmp\\sandbox-T34aAZ\\src\\test\\unit\\auth\\auth.service.equivalence.spec.ts:358:45)","status":"Killed","static":false,"testsCompleted":6,"killedBy":["21"],"coveredBy":["7","8","9","18","19","21"],"location":{"end":{"column":39,"line":99},"start":{"column":14,"line":99}}},{"id":"76","mutatorName":"ConditionalExpression","replacement":"true","statusReason":"src/auth/auth.service.ts(105,69): error TS18047: 'user' is possibly 'null'.\r\nsrc/auth/auth.service.ts(111,11): error TS18047: 'user' is possibly 'null'.\r\nsrc/auth/auth.service.ts(112,14): error TS18047: 'user' is possibly 'null'.\r\nsrc/auth/auth.service.ts(113,13): error TS18047: 'user' is possibly 'null'.\r\nsrc/auth/auth.service.ts(116,13): error TS2339: Property 'password' does not exist on type 'User | null'.\r\n","status":"CompileError","static":false,"coveredBy":["7","8","9","18","19","21"],"location":{"end":{"column":14,"line":102},"start":{"column":9,"line":102}}},{"id":"77","mutatorName":"ConditionalExpression","replacement":"false","statusReason":"src/auth/auth.service.ts(105,69): error TS18047: 'user' is possibly 'null'.\r\nsrc/auth/auth.service.ts(111,11): error TS18047: 'user' is possibly 'null'.\r\nsrc/auth/auth.service.ts(112,14): error TS18047: 'user' is possibly 'null'.\r\nsrc/auth/auth.service.ts(113,13): error TS18047: 'user' is possibly 'null'.\r\nsrc/auth/auth.service.ts(116,13): error TS2339: Property 'password' does not exist on type 'User | null'.\r\n","status":"CompileError","static":false,"coveredBy":["7","8","9","18","19","21"],"location":{"end":{"column":14,"line":102},"start":{"column":9,"line":102}}},{"id":"78","mutatorName":"BlockStatement","replacement":"{}","statusReason":"src/auth/auth.service.ts(103,69): error TS18047: 'user' is possibly 'null'.\r\nsrc/auth/auth.service.ts(109,11): error TS18047: 'user' is possibly 'null'.\r\nsrc/auth/auth.service.ts(110,14): error TS18047: 'user' is possibly 'null'.\r\nsrc/auth/auth.service.ts(111,13): error TS18047: 'user' is possibly 'null'.\r\nsrc/auth/auth.service.ts(114,13): error TS2339: Property 'password' does not exist on type 'User | null'.\r\n","status":"CompileError","static":false,"coveredBy":["7","18"],"location":{"end":{"column":6,"line":104},"start":{"column":16,"line":102}}},{"id":"79","mutatorName":"StringLiteral","replacement":"\"\"","statusReason":"Error: expect(received).rejects.toThrow(expected)\n\nExpected substring: \"Invalid email or password\"\nReceived message:   \"Unauthorized\"\n\n      221 |             } else {\n      222 |               stryCov_9fa48(\"78\");\n    > 223 |               throw new UnauthorizedException(stryMutAct_9fa48(\"79\") ? \"\" : (stryCov_9fa48(\"79\"), 'Invalid email or password'));\n          |                     ^\n      224 |             }\n      225 |           }\n      226 |           const isPasswordValid = await bcrypt.compare(loginDto.password, user.password);\n\n      at AuthService.login (src/auth/auth.service.ts:223:21)\n      at Object.<anonymous> (src/test/unit/auth/auth.service.equivalence.spec.ts:295:13)\n    at Object.toThrow (C:\\VKR\\workflow-app\\auth-service\\node_modules\\expect\\build\\index.js:218:22)\n    at Object.<anonymous> (C:\\VKR\\workflow-app\\auth-service\\.stryker-tmp\\sandbox-T34aAZ\\src\\test\\unit\\auth\\auth.service.equivalence.spec.ts:296:26)","status":"Killed","static":false,"testsCompleted":2,"killedBy":["18"],"coveredBy":["7","18"],"location":{"end":{"column":66,"line":103},"start":{"column":39,"line":103}}},{"id":"81","mutatorName":"ConditionalExpression","replacement":"true","statusReason":"src/auth/auth.service.ts(111,11): error TS18047: 'user' is possibly 'null'.\r\nsrc/auth/auth.service.ts(112,14): error TS18047: 'user' is possibly 'null'.\r\nsrc/auth/auth.service.ts(113,13): error TS18047: 'user' is possibly 'null'.\r\nsrc/auth/auth.service.ts(116,13): error TS2339: Property 'password' does not exist on type 'User | null'.\r\n","status":"CompileError","static":false,"coveredBy":["8","9","19","21"],"location":{"end":{"column":25,"line":106},"start":{"column":9,"line":106}}},{"id":"80","mutatorName":"BooleanLiteral","replacement":"isPasswordValid","statusReason":"Error: expect(received).rejects.toThrow()\n\nReceived promise resolved instead of rejected\nResolved to value: {\"token\": \"mock-jwt-token\", \"user\": {\"email\": \"test@example.com\", \"id\": \"user-123\", \"name\": \"Test User\"}}\n    at expect (C:\\VKR\\workflow-app\\auth-service\\node_modules\\expect\\build\\index.js:113:15)\n    at Object.<anonymous> (C:\\VKR\\workflow-app\\auth-service\\.stryker-tmp\\sandbox-T34aAZ\\src\\test\\unit\\auth\\auth.service.equivalence.spec.ts:185:19)\n    at Promise.then.completed (C:\\VKR\\workflow-app\\auth-service\\node_modules\\jest-circus\\build\\utils.js:298:28)\n    at new Promise (<anonymous>)\n    at callAsyncCircusFn (C:\\VKR\\workflow-app\\auth-service\\node_modules\\jest-circus\\build\\utils.js:231:10)\n    at _callCircusTest (C:\\VKR\\workflow-app\\auth-service\\node_modules\\jest-circus\\build\\run.js:316:40)\n    at _runTest (C:\\VKR\\workflow-app\\auth-service\\node_modules\\jest-circus\\build\\run.js:252:3)\n    at _runTestsForDescribeBlock (C:\\VKR\\workflow-app\\auth-service\\node_modules\\jest-circus\\build\\run.js:126:9)\n    at _runTestsForDescribeBlock (C:\\VKR\\workflow-app\\auth-service\\node_modules\\jest-circus\\build\\run.js:121:9)\n    at _runTestsForDescribeBlock (C:\\VKR\\workflow-app\\auth-service\\node_modules\\jest-circus\\build\\run.js:121:9)\n    at run (C:\\VKR\\workflow-app\\auth-service\\node_modules\\jest-circus\\build\\run.js:71:3)\n    at runAndTransformResultsToJestFormat (C:\\VKR\\workflow-app\\auth-service\\node_modules\\jest-circus\\build\\legacy-code-todo-rewrite\\jestAdapterInit.js:122:21)\n    at jestAdapter (C:\\VKR\\workflow-app\\auth-service\\node_modules\\jest-circus\\build\\legacy-code-todo-rewrite\\jestAdapter.js:79:19)\n    at runTestInternal (C:\\VKR\\workflow-app\\auth-service\\node_modules\\jest-runner\\build\\runTest.js:367:16)\n    at runTest (C:\\VKR\\workflow-app\\auth-service\\node_modules\\jest-runner\\build\\runTest.js:444:34)","status":"Killed","static":false,"testsCompleted":4,"killedBy":["8"],"coveredBy":["8","9","19","21"],"location":{"end":{"column":25,"line":106},"start":{"column":9,"line":106}}},{"id":"82","mutatorName":"ConditionalExpression","replacement":"false","statusReason":"Error: expect(received).rejects.toThrow()\n\nReceived promise resolved instead of rejected\nResolved to value: {\"token\": \"mock-jwt-token\", \"user\": {\"email\": \"test@example.com\", \"id\": \"user-123\", \"name\": \"Test User\"}}\n    at expect (C:\\VKR\\workflow-app\\auth-service\\node_modules\\expect\\build\\index.js:113:15)\n    at Object.<anonymous> (C:\\VKR\\workflow-app\\auth-service\\.stryker-tmp\\sandbox-T34aAZ\\src\\test\\unit\\auth\\auth.service.equivalence.spec.ts:185:19)\n    at Promise.then.completed (C:\\VKR\\workflow-app\\auth-service\\node_modules\\jest-circus\\build\\utils.js:298:28)\n    at new Promise (<anonymous>)\n    at callAsyncCircusFn (C:\\VKR\\workflow-app\\auth-service\\node_modules\\jest-circus\\build\\utils.js:231:10)\n    at _callCircusTest (C:\\VKR\\workflow-app\\auth-service\\node_modules\\jest-circus\\build\\run.js:316:40)\n    at _runTest (C:\\VKR\\workflow-app\\auth-service\\node_modules\\jest-circus\\build\\run.js:252:3)\n    at _runTestsForDescribeBlock (C:\\VKR\\workflow-app\\auth-service\\node_modules\\jest-circus\\build\\run.js:126:9)\n    at _runTestsForDescribeBlock (C:\\VKR\\workflow-app\\auth-service\\node_modules\\jest-circus\\build\\run.js:121:9)\n    at _runTestsForDescribeBlock (C:\\VKR\\workflow-app\\auth-service\\node_modules\\jest-circus\\build\\run.js:121:9)\n    at run (C:\\VKR\\workflow-app\\auth-service\\node_modules\\jest-circus\\build\\run.js:71:3)\n    at runAndTransformResultsToJestFormat (C:\\VKR\\workflow-app\\auth-service\\node_modules\\jest-circus\\build\\legacy-code-todo-rewrite\\jestAdapterInit.js:122:21)\n    at jestAdapter (C:\\VKR\\workflow-app\\auth-service\\node_modules\\jest-circus\\build\\legacy-code-todo-rewrite\\jestAdapter.js:79:19)\n    at runTestInternal (C:\\VKR\\workflow-app\\auth-service\\node_modules\\jest-runner\\build\\runTest.js:367:16)\n    at runTest (C:\\VKR\\workflow-app\\auth-service\\node_modules\\jest-runner\\build\\runTest.js:444:34)","status":"Killed","static":false,"testsCompleted":4,"killedBy":["8"],"coveredBy":["8","9","19","21"],"location":{"end":{"column":25,"line":106},"start":{"column":9,"line":106}}},{"id":"83","mutatorName":"BlockStatement","replacement":"{}","statusReason":"Error: expect(received).rejects.toThrow()\n\nReceived promise resolved instead of rejected\nResolved to value: {\"token\": \"mock-jwt-token\", \"user\": {\"email\": \"test@example.com\", \"id\": \"user-123\", \"name\": \"Test User\"}}\n    at expect (C:\\VKR\\workflow-app\\auth-service\\node_modules\\expect\\build\\index.js:113:15)\n    at Object.<anonymous> (C:\\VKR\\workflow-app\\auth-service\\.stryker-tmp\\sandbox-T34aAZ\\src\\test\\unit\\auth\\auth.service.equivalence.spec.ts:185:19)\n    at Promise.then.completed (C:\\VKR\\workflow-app\\auth-service\\node_modules\\jest-circus\\build\\utils.js:298:28)\n    at new Promise (<anonymous>)\n    at callAsyncCircusFn (C:\\VKR\\workflow-app\\auth-service\\node_modules\\jest-circus\\build\\utils.js:231:10)\n    at _callCircusTest (C:\\VKR\\workflow-app\\auth-service\\node_modules\\jest-circus\\build\\run.js:316:40)\n    at _runTest (C:\\VKR\\workflow-app\\auth-service\\node_modules\\jest-circus\\build\\run.js:252:3)\n    at _runTestsForDescribeBlock (C:\\VKR\\workflow-app\\auth-service\\node_modules\\jest-circus\\build\\run.js:126:9)\n    at _runTestsForDescribeBlock (C:\\VKR\\workflow-app\\auth-service\\node_modules\\jest-circus\\build\\run.js:121:9)\n    at _runTestsForDescribeBlock (C:\\VKR\\workflow-app\\auth-service\\node_modules\\jest-circus\\build\\run.js:121:9)\n    at run (C:\\VKR\\workflow-app\\auth-service\\node_modules\\jest-circus\\build\\run.js:71:3)\n    at runAndTransformResultsToJestFormat (C:\\VKR\\workflow-app\\auth-service\\node_modules\\jest-circus\\build\\legacy-code-todo-rewrite\\jestAdapterInit.js:122:21)\n    at jestAdapter (C:\\VKR\\workflow-app\\auth-service\\node_modules\\jest-circus\\build\\legacy-code-todo-rewrite\\jestAdapter.js:79:19)\n    at runTestInternal (C:\\VKR\\workflow-app\\auth-service\\node_modules\\jest-runner\\build\\runTest.js:367:16)\n    at runTest (C:\\VKR\\workflow-app\\auth-service\\node_modules\\jest-runner\\build\\runTest.js:444:34)","status":"Killed","static":false,"testsCompleted":2,"killedBy":["8"],"coveredBy":["8","19"],"location":{"end":{"column":6,"line":108},"start":{"column":27,"line":106}}},{"id":"85","mutatorName":"ObjectLiteral","replacement":"{}","statusReason":"src/auth/auth.service.ts(117,5): error TS2739: Type '{}' is missing the following properties from type '{ user: Omit<User, \"password\">; token: string; }': user, token\r\n","status":"CompileError","static":false,"coveredBy":["9","21"],"location":{"end":{"column":48,"line":117},"start":{"column":12,"line":117}}},{"id":"84","mutatorName":"StringLiteral","replacement":"\"\"","statusReason":"Error: expect(received).rejects.toThrow(expected)\n\nExpected substring: \"Invalid email or password\"\nReceived message:   \"Unauthorized\"\n\n      230 |             } else {\n      231 |               stryCov_9fa48(\"83\");\n    > 232 |               throw new UnauthorizedException(stryMutAct_9fa48(\"84\") ? \"\" : (stryCov_9fa48(\"84\"), 'Invalid email or password'));\n          |                     ^\n      233 |             }\n      234 |           }\n      235 |           const token = this.jwtService.sign({\n\n      at AuthService.login (src/auth/auth.service.ts:232:21)\n      at Object.<anonymous> (src/test/unit/auth/auth.service.equivalence.spec.ts:317:13)\n    at Object.toThrow (C:\\VKR\\workflow-app\\auth-service\\node_modules\\expect\\build\\index.js:218:22)\n    at Object.<anonymous> (C:\\VKR\\workflow-app\\auth-service\\.stryker-tmp\\sandbox-T34aAZ\\src\\test\\unit\\auth\\auth.service.equivalence.spec.ts:318:26)","status":"Killed","static":false,"testsCompleted":2,"killedBy":["19"],"coveredBy":["8","19"],"location":{"end":{"column":66,"line":107},"start":{"column":39,"line":107}}},{"id":"86","mutatorName":"BlockStatement","replacement":"{}","statusReason":"src/auth/auth.service.ts(94,36): error TS2366: Function lacks ending return statement and return type does not include 'undefined'.\r\n","status":"CompileError","static":false,"coveredBy":["7","8","18","19"],"location":{"end":{"column":6,"line":121},"start":{"column":21,"line":118}}},{"id":"87","mutatorName":"BlockStatement","replacement":"{}","statusReason":"src/auth/auth.service.ts(124,44): error TS2355: A function whose declared type is neither 'undefined', 'void', nor 'any' must return a value.\r\n","status":"CompileError","static":false,"coveredBy":[],"location":{"end":{"column":4,"line":126},"start":{"column":65,"line":124}}},{"id":"88","mutatorName":"ObjectLiteral","replacement":"{}","status":"NoCoverage","static":false,"coveredBy":[],"location":{"end":{"column":70,"line":125},"start":{"column":41,"line":125}}},{"id":"89","mutatorName":"ObjectLiteral","replacement":"{}","status":"NoCoverage","static":false,"coveredBy":[],"location":{"end":{"column":68,"line":125},"start":{"column":50,"line":125}}},{"id":"90","mutatorName":"BlockStatement","replacement":"{}","statusReason":"src/auth/auth.service.ts(128,37): error TS2355: A function whose declared type is neither 'undefined', 'void', nor 'any' must return a value.\r\n","status":"CompileError","static":false,"coveredBy":[],"location":{"end":{"column":4,"line":135},"start":{"column":69,"line":128}}},{"id":"91","mutatorName":"ObjectLiteral","replacement":"{}","status":"NoCoverage","static":false,"coveredBy":[],"location":{"end":{"column":78,"line":129},"start":{"column":53,"line":129}}},{"id":"92","mutatorName":"ObjectLiteral","replacement":"{}","status":"NoCoverage","static":false,"coveredBy":[],"location":{"end":{"column":76,"line":129},"start":{"column":62,"line":129}}},{"id":"93","mutatorName":"BooleanLiteral","replacement":"user","statusReason":"src/auth/auth.service.ts(133,13): error TS2339: Property 'password' does not exist on type 'null'.\r\nsrc/auth/auth.service.ts(133,37): error TS2700: Rest types may only be created from object types.\r\n","status":"CompileError","static":false,"coveredBy":[],"location":{"end":{"column":14,"line":130},"start":{"column":9,"line":130}}},{"id":"94","mutatorName":"ConditionalExpression","replacement":"true","statusReason":"src/auth/auth.service.ts(133,13): error TS2339: Property 'password' does not exist on type 'User | null'.\r\n","status":"CompileError","static":false,"coveredBy":[],"location":{"end":{"column":14,"line":130},"start":{"column":9,"line":130}}},{"id":"95","mutatorName":"ConditionalExpression","replacement":"false","statusReason":"src/auth/auth.service.ts(133,13): error TS2339: Property 'password' does not exist on type 'User | null'.\r\n","status":"CompileError","static":false,"coveredBy":[],"location":{"end":{"column":14,"line":130},"start":{"column":9,"line":130}}},{"id":"96","mutatorName":"BlockStatement","replacement":"{}","statusReason":"src/auth/auth.service.ts(131,13): error TS2339: Property 'password' does not exist on type 'User | null'.\r\n","status":"CompileError","static":false,"coveredBy":[],"location":{"end":{"column":6,"line":132},"start":{"column":16,"line":130}}},{"id":"97","mutatorName":"StringLiteral","replacement":"\"\"","status":"NoCoverage","static":false,"coveredBy":[],"location":{"end":{"column":55,"line":131},"start":{"column":39,"line":131}}},{"id":"98","mutatorName":"BlockStatement","replacement":"{}","statusReason":"src/auth/auth.service.ts(137,41): error TS2355: A function whose declared type is neither 'undefined', 'void', nor 'any' must return a value.\r\n","status":"CompileError","static":false,"coveredBy":[],"location":{"end":{"column":4,"line":144},"start":{"column":68,"line":137}}},{"id":"99","mutatorName":"ObjectLiteral","replacement":"{}","statusReason":"src/auth/auth.service.ts(143,5): error TS2741: Property 'token' is missing in type '{}' but required in type '{ token: string; }'.\r\n","status":"CompileError","static":false,"coveredBy":[],"location":{"end":{"column":21,"line":143},"start":{"column":12,"line":143}}},{"id":"100","mutatorName":"BlockStatement","replacement":"{}","statusReason":"src/auth/auth.service.ts(146,67): error TS2355: A function whose declared type is neither 'undefined', 'void', nor 'any' must return a value.\r\n","status":"CompileError","static":false,"coveredBy":[],"location":{"end":{"column":4,"line":157},"start":{"column":81,"line":146}}},{"id":"101","mutatorName":"ObjectLiteral","replacement":"{}","status":"NoCoverage","static":false,"coveredBy":[],"location":{"end":{"column":78,"line":147},"start":{"column":53,"line":147}}},{"id":"102","mutatorName":"ObjectLiteral","replacement":"{}","status":"NoCoverage","static":false,"coveredBy":[],"location":{"end":{"column":76,"line":147},"start":{"column":62,"line":147}}},{"id":"103","mutatorName":"BooleanLiteral","replacement":"user","statusReason":"src/auth/auth.service.ts(154,19): error TS2769: No overload matches this call.\r\n  Overload 1 of 4, '(target: {}, source: UpdateUserDto): UpdateUserDto', gave the following error.\r\n    Argument of type 'null' is not assignable to parameter of type '{}'.\r\n  Overload 2 of 4, '(target: object, ...sources: any[]): any', gave the following error.\r\n    Argument of type 'null' is not assignable to parameter of type 'object'.\r\nsrc/auth/auth.service.ts(156,5): error TS2740: Type 'DeepPartial<User>[]' is missing the following properties from type 'User': id, email, name, password, and 2 more.\r\nsrc/auth/auth.service.ts(156,44): error TS2769: No overload matches this call.\r\n  Overload 1 of 4, '(entities: DeepPartial<User>[], options?: SaveOptions | undefined): Promise<(DeepPartial<User> & User)[]>', gave the following error.\r\n    Argument of type 'null' is not assignable to parameter of type 'DeepPartial<User>[]'.\r\n  Overload 2 of 4, '(entity: DeepPartial<User>, options?: SaveOptions | undefined): Promise<DeepPartial<User> & User>', gave the following error.\r\n    Argument of type 'null' is not assignable to parameter of type 'DeepPartial<User>'.\r\n","status":"CompileError","static":false,"coveredBy":[],"location":{"end":{"column":14,"line":149},"start":{"column":9,"line":149}}},{"id":"104","mutatorName":"ConditionalExpression","replacement":"true","statusReason":"src/auth/auth.service.ts(154,19): error TS2769: No overload matches this call.\r\n  Overload 1 of 4, '(target: {}, source: UpdateUserDto): UpdateUserDto', gave the following error.\r\n    Argument of type 'User | null' is not assignable to parameter of type '{}'.\r\n      Type 'null' is not assignable to type '{}'.\r\n  Overload 2 of 4, '(target: object, ...sources: any[]): any', gave the following error.\r\n    Argument of type 'User | null' is not assignable to parameter of type 'object'.\r\n      Type 'null' is not assignable to type 'object'.\r\nsrc/auth/auth.service.ts(156,5): error TS2740: Type 'DeepPartial<User>[]' is missing the following properties from type 'User': id, email, name, password, and 2 more.\r\nsrc/auth/auth.service.ts(156,44): error TS2769: No overload matches this call.\r\n  Overload 1 of 4, '(entities: DeepPartial<User>[], options?: SaveOptions | undefined): Promise<(DeepPartial<User> & User)[]>', gave the following error.\r\n    Argument of type 'User | null' is not assignable to parameter of type 'DeepPartial<User>[]'.\r\n      Type 'null' is not assignable to type 'DeepPartial<User>[]'.\r\n  Overload 2 of 4, '(entity: DeepPartial<User>, options?: SaveOptions | undefined): Promise<DeepPartial<User> & User>', gave the following error.\r\n    Argument of type 'User | null' is not assignable to parameter of type 'DeepPartial<User>'.\r\n      Type 'null' is not assignable to type 'DeepPartial<User>'.\r\n","status":"CompileError","static":false,"coveredBy":[],"location":{"end":{"column":14,"line":149},"start":{"column":9,"line":149}}},{"id":"105","mutatorName":"ConditionalExpression","replacement":"false","statusReason":"src/auth/auth.service.ts(154,19): error TS2769: No overload matches this call.\r\n  Overload 1 of 4, '(target: {}, source: UpdateUserDto): UpdateUserDto', gave the following error.\r\n    Argument of type 'User | null' is not assignable to parameter of type '{}'.\r\n      Type 'null' is not assignable to type '{}'.\r\n  Overload 2 of 4, '(target: object, ...sources: any[]): any', gave the following error.\r\n    Argument of type 'User | null' is not assignable to parameter of type 'object'.\r\n      Type 'null' is not assignable to type 'object'.\r\nsrc/auth/auth.service.ts(156,5): error TS2740: Type 'DeepPartial<User>[]' is missing the following properties from type 'User': id, email, name, password, and 2 more.\r\nsrc/auth/auth.service.ts(156,44): error TS2769: No overload matches this call.\r\n  Overload 1 of 4, '(entities: DeepPartial<User>[], options?: SaveOptions | undefined): Promise<(DeepPartial<User> & User)[]>', gave the following error.\r\n    Argument of type 'User | null' is not assignable to parameter of type 'DeepPartial<User>[]'.\r\n      Type 'null' is not assignable to type 'DeepPartial<User>[]'.\r\n  Overload 2 of 4, '(entity: DeepPartial<User>, options?: SaveOptions | undefined): Promise<DeepPartial<User> & User>', gave the following error.\r\n    Argument of type 'User | null' is not assignable to parameter of type 'DeepPartial<User>'.\r\n      Type 'null' is not assignable to type 'DeepPartial<User>'.\r\n","status":"CompileError","static":false,"coveredBy":[],"location":{"end":{"column":14,"line":149},"start":{"column":9,"line":149}}},{"id":"106","mutatorName":"BlockStatement","replacement":"{}","statusReason":"src/auth/auth.service.ts(152,19): error TS2769: No overload matches this call.\r\n  Overload 1 of 4, '(target: {}, source: UpdateUserDto): UpdateUserDto', gave the following error.\r\n    Argument of type 'User | null' is not assignable to parameter of type '{}'.\r\n      Type 'null' is not assignable to type '{}'.\r\n  Overload 2 of 4, '(target: object, ...sources: any[]): any', gave the following error.\r\n    Argument of type 'User | null' is not assignable to parameter of type 'object'.\r\n      Type 'null' is not assignable to type 'object'.\r\nsrc/auth/auth.service.ts(154,5): error TS2740: Type 'DeepPartial<User>[]' is missing the following properties from type 'User': id, email, name, password, and 2 more.\r\nsrc/auth/auth.service.ts(154,44): error TS2769: No overload matches this call.\r\n  Overload 1 of 4, '(entities: DeepPartial<User>[], options?: SaveOptions | undefined): Promise<(DeepPartial<User> & User)[]>', gave the following error.\r\n    Argument of type 'User | null' is not assignable to parameter of type 'DeepPartial<User>[]'.\r\n      Type 'null' is not assignable to type 'DeepPartial<User>[]'.\r\n  Overload 2 of 4, '(entity: DeepPartial<User>, options?: SaveOptions | undefined): Promise<DeepPartial<User> & User>', gave the following error.\r\n    Argument of type 'User | null' is not assignable to parameter of type 'DeepPartial<User>'.\r\n      Type 'null' is not assignable to type 'DeepPartial<User>'.\r\n","status":"CompileError","static":false,"coveredBy":[],"location":{"end":{"column":6,"line":151},"start":{"column":16,"line":149}}},{"id":"107","mutatorName":"StringLiteral","replacement":"\"\"","status":"NoCoverage","static":false,"coveredBy":[],"location":{"end":{"column":51,"line":150},"start":{"column":35,"line":150}}}],"source":"/* eslint-disable prettier/prettier */\r\n/* eslint-disable @typescript-eslint/no-unused-vars */\r\n/* eslint-disable prettier/prettier */\r\nimport { Injectable, UnauthorizedException, ConflictException, InternalServerErrorException, NotFoundException } from '@nestjs/common';\r\nimport { JwtService } from '@nestjs/jwt';\r\nimport { InjectRepository } from '@nestjs/typeorm';\r\nimport { Repository } from 'typeorm';\r\nimport * as bcrypt from 'bcrypt';\r\nimport { User } from '../user.entity';\r\nimport { RegisterDto, LoginDto, UpdateUserDto } from '../../types/src/user';\r\nimport { JwtPayload } from '../../types/src/jwt-payloads'\r\n\r\n@Injectable()\r\nexport class AuthService {\r\n  constructor(\r\n    @InjectRepository(User)\r\n    private usersRepository: Repository<User>,\r\n    private jwtService: JwtService,\r\n  ) {}\r\n  \r\n  async register(registerDto: RegisterDto): Promise<{ user: any; token: string }> {\r\n    const emailRegex = /^[^\\s@]+@[^\\s@]+\\.[^\\s@]+$/;\r\n    if (!emailRegex.test(registerDto.email)) {\r\n      throw new ConflictException('Invalid email format');\r\n    }\r\n\r\n\r\n    registerDto.name = registerDto.name.trim();\r\n    if (registerDto.password.length < 4 || registerDto.password.length > 20) {\r\n      throw new ConflictException('Password must be at least 4 and 20 maximum characters long');\r\n    }\r\n\r\n    if (registerDto.name.length < 4 || registerDto.name.length > 20) {\r\n      throw new ConflictException('Name must be at least 4 and 20 maximum characters long');\r\n    }\r\n    //console.log('Register attempt for email:', registerDto.email);\r\n    \r\n    const existingUser = await this.usersRepository.findOne({\r\n      where: { email: registerDto.email }\r\n    });\r\n\r\n    //console.log('Existing user found:', existingUser);\r\n\r\n    if (existingUser) {\r\n      //console.log('User already exists with ID:', existingUser.id);\r\n      throw new ConflictException('User with this email already exists');\r\n    }\r\n    const hashedPassword: string = await bcrypt.hash(registerDto.password, 12);\r\n    \r\n    const user = this.usersRepository.create({\r\n      ...registerDto,\r\n      password: hashedPassword,\r\n    });\r\n\r\n    const savedUser = await this.usersRepository.save(user);\r\n\r\n    const token = this.jwtService.sign({ \r\n      id: savedUser.id, \r\n      email: savedUser.email,\r\n      role: savedUser.role\r\n    } as JwtPayload);\r\n\r\n    //    \r\n    const { password: _password, ...userWithoutPassword } = savedUser;\r\n    return { user: userWithoutPassword, token };\r\n  }\r\n\r\n  async deleteUser(userId: string): Promise<void> {\r\n    const user = await this.usersRepository.findOne({ \r\n        where: { id: userId } \r\n    });\r\n    \r\n    if (!user) {\r\n        throw new NotFoundException('  ');\r\n    }\r\n    \r\n    await this.usersRepository.remove(user);\r\n  }\r\n\r\n  async findUserById(userId: string): Promise<User | null> {\r\n    return await this.usersRepository.findOne({ where: { id: userId } });\r\n  }\r\n  async findAllUsers(): Promise<User[]> {\r\n    try {\r\n    return await this.usersRepository.find({\r\n      select: ['id', 'email', 'name', 'role', 'createdAt']\r\n      });\r\n    } catch (error) {\r\n      console.error('Error fetching users:', error);\r\n      throw new InternalServerErrorException('Could not fetch users');\r\n    }\r\n  }\r\n  \r\n  async login(loginDto: LoginDto): Promise<{ user: Omit<User, 'password'>; token: string }> {\r\n    // eslint-disable-next-line no-useless-catch\r\n    try {\r\n    //console.log('Login dto:', loginDto);\r\n    const user = await this.usersRepository.findOne({\r\n      where: { email: loginDto.email }\r\n    });\r\n    //console.log('User found:', user);\r\n    if (!user) {\r\n      throw new UnauthorizedException('Invalid email or password');\r\n    }\r\n    const isPasswordValid = await bcrypt.compare(loginDto.password, user.password);\r\n    if (!isPasswordValid) {\r\n      throw new UnauthorizedException('Invalid email or password');\r\n    }\r\n\r\n    const token = this.jwtService.sign({ \r\n      id: user.id, \r\n      email: user.email,\r\n      role: user.role\r\n    } as JwtPayload);\r\n\r\n    const { password: _password, ...userWithoutPassword } = user;\r\n    return { user: userWithoutPassword, token };\r\n    } catch (error) {\r\n      //console.error('Login error:', error); \r\n      throw error;\r\n    }\r\n  }\r\n\r\n  async validateUser(payload: JwtPayload): Promise<User | null> {\r\n    return this.usersRepository.findOne({ where: { id: payload.id } });\r\n  }\r\n\r\n  async getProfile(userId: string): Promise<Omit<User, 'password'>> {\r\n    const user = await this.usersRepository.findOne({ where: { id: userId } });\r\n    if (!user) {\r\n      throw new UnauthorizedException('User not found');\r\n    }\r\n    const { password: _password, ...userWithoutPassword } = user;\r\n    return userWithoutPassword;\r\n  }\r\n\r\n  async refreshToken(user: JwtPayload): Promise<{ token: string }> {\r\n    const token = await this.jwtService.signAsync({ \r\n      id: user.id, \r\n      email: user.email,\r\n      role: user.role\r\n    } as JwtPayload);\r\n    return { token };\r\n  }\r\n\r\n  async updateUser(userId: string, UpdateUserDto: UpdateUserDto): Promise<User> {\r\n    const user = await this.usersRepository.findOne({ where: { id: userId } });\r\n    \r\n    if (!user) {\r\n      throw new NotFoundException('User not found');\r\n    }\r\n\r\n    //    \r\n    Object.assign(user, UpdateUserDto);\r\n\r\n    return await this.usersRepository.save(user);\r\n  }\r\n}"}},"schemaVersion":"1.0","thresholds":{"high":80,"low":60,"break":null},"testFiles":{"src/test/unit/auth/auth.service.equivalence.spec.ts":{"tests":[{"id":"0","name":"AuthService - Equivalence Analysis             :   @","location":{"start":{"column":10,"line":64}}},{"id":"1","name":"AuthService - Equivalence Analysis             :  ","location":{"start":{"column":10,"line":64}}},{"id":"2","name":"AuthService - Equivalence Analysis             :     ","location":{"start":{"column":10,"line":64}}},{"id":"3","name":"AuthService - Equivalence Analysis             :    ","location":{"start":{"column":10,"line":64}}},{"id":"4","name":"AuthService - Equivalence Analysis             :   ","location":{"start":{"column":10,"line":64}}},{"id":"5","name":"AuthService - Equivalence Analysis   equivalence classes        ","location":{"start":{"column":10,"line":112}}},{"id":"6","name":"AuthService - Equivalence Analysis   equivalence classes          ","location":{"start":{"column":10,"line":112}}},{"id":"7","name":"AuthService - Equivalence Analysis   equivalence classes       ","location":{"start":{"column":10,"line":172}}},{"id":"8","name":"AuthService - Equivalence Analysis   equivalence classes       ","location":{"start":{"column":10,"line":172}}},{"id":"9","name":"AuthService - Equivalence Analysis   equivalence classes        ","location":{"start":{"column":10,"line":172}}},{"id":"10","name":"AuthService - Equivalence Analysis           email,       (  regex  ^)","location":{"start":{"column":10,"line":195}}},{"id":"11","name":"AuthService - Equivalence Analysis           email,     (   $)","location":{"start":{"column":10,"line":204}}},{"id":"12","name":"AuthService - Equivalence Analysis                 email","location":{"start":{"column":10,"line":213}}},{"id":"13","name":"AuthService - Equivalence Analysis           ,  findOne      ( findOne  where: {})","location":{"start":{"column":10,"line":222}}},{"id":"14","name":"AuthService - Equivalence Analysis               ","location":{"start":{"column":10,"line":232}}},{"id":"15","name":"AuthService - Equivalence Analysis           ,  where  findOne ","location":{"start":{"column":10,"line":243}}},{"id":"16","name":"AuthService - Equivalence Analysis           create   ","location":{"start":{"column":10,"line":252}}},{"id":"17","name":"AuthService - Equivalence Analysis             deleteUser","location":{"start":{"column":10,"line":266}}},{"id":"18","name":"AuthService - Equivalence Analysis               \"Invalid email or password\"   email  login","location":{"start":{"column":10,"line":285}}},{"id":"19","name":"AuthService - Equivalence Analysis               \"Invalid email or password\"     login","location":{"start":{"column":10,"line":298}}},{"id":"20","name":"AuthService - Equivalence Analysis             email  ","location":{"start":{"column":10,"line":320}}},{"id":"21","name":"AuthService - Equivalence Analysis             email  login","location":{"start":{"column":10,"line":339}}}],"source":"/* eslint-disable prettier/prettier */\r\n/* eslint-disable @typescript-eslint/no-unused-vars */\r\n/* eslint-disable @typescript-eslint/no-unsafe-member-access */\r\n/* eslint-disable @typescript-eslint/no-unsafe-call */\r\n/* eslint-disable @typescript-eslint/no-unsafe-assignment */\r\n\r\n\r\nimport { Test, TestingModule } from '@nestjs/testing';\r\nimport { getRepositoryToken } from '@nestjs/typeorm';\r\nimport { JwtService } from '@nestjs/jwt';\r\nimport { ConflictException, UnauthorizedException } from '@nestjs/common';\r\nimport * as bcrypt from 'bcrypt';\r\nimport { AuthService } from '../../../auth/auth.service';\r\nimport { User } from '../../../user.entity';\r\nimport { LoginDto, RegisterDto } from '../../../../types/src/user';\r\n\r\njest.mock('bcrypt');\r\n\r\ndescribe('AuthService - Equivalence Analysis', () => {\r\n    let authService: AuthService;\r\n    let usersRepository: any;\r\n    let jwtService: JwtService;\r\n\r\n    beforeEach(async () => {\r\n        const module: TestingModule = await Test.createTestingModule({\r\n        providers: [\r\n            AuthService,\r\n            {\r\n            provide: getRepositoryToken(User),\r\n            useValue: {\r\n                findOne: jest.fn(),\r\n                create: jest.fn(),\r\n                save: jest.fn(),\r\n                remove: jest.fn(),\r\n            },\r\n            },\r\n            {\r\n            provide: JwtService,\r\n            useValue: {\r\n                sign: jest.fn().mockReturnValue('mock-jwt-token'), //JWT \r\n            },\r\n            },\r\n        ],\r\n        }).compile();\r\n\r\n        authService = module.get<AuthService>(AuthService);\r\n        usersRepository = module.get(getRepositoryToken(User));\r\n        jwtService = module.get<JwtService>(JwtService);\r\n\r\n        (bcrypt.hash as jest.Mock).mockResolvedValue('hashedPassword');\r\n    });\r\n\r\n    describe('      ', () => {\r\n        const testCases = [\r\n        { email: 'invalid', shouldPass: false, description: '  @' },\r\n        { email: 'invalid@', shouldPass: false, description: ' ' },\r\n        { email: '@example.com', shouldPass: false, description: '    ' },\r\n        { email: 'test@example', shouldPass: false, description: '   ' },\r\n        { email: 'test@example.com', shouldPass: true, description: '  ' },\r\n        ];\r\n\r\n        testCases.forEach(({ email, shouldPass, description }) => {\r\n        it(` ${shouldPass ? '' : ''}    : ${description}`, async () => {\r\n\r\n            const registerDto: RegisterDto = {\r\n            name: 'Test User',\r\n            email: email,\r\n            password: 'validPassword123',\r\n            };\r\n\r\n\r\n            if (shouldPass) {\r\n            usersRepository.findOne.mockResolvedValue(null);\r\n            usersRepository.create.mockReturnValue(registerDto);\r\n            usersRepository.save.mockResolvedValue({ ...registerDto, id: 'user-123' });\r\n            }\r\n\r\n            if (shouldPass) {\r\n            await expect(authService.register(registerDto)).resolves.toBeDefined();\r\n            } else {\r\n            await expect(authService.register(registerDto)).rejects.toThrow();\r\n\r\n            }\r\n        });\r\n        });\r\n    });\r\n\r\n\r\n    describe('  equivalence classes', () => {\r\n        const testCases = [\r\n        {\r\n            description: '  ',\r\n            setup: () => {\r\n            usersRepository.findOne.mockResolvedValue(null);\r\n            usersRepository.create.mockReturnValue({});\r\n            usersRepository.save.mockResolvedValue({ id: 'user-123' });\r\n            },\r\n            shouldPass: true,\r\n        },\r\n        {\r\n            description: '    ',\r\n            setup: () => {\r\n            usersRepository.findOne.mockResolvedValue({ id: 'existing-user' });\r\n            },\r\n            shouldPass: false,\r\n            expectedError: ConflictException,\r\n        },\r\n        ];\r\n\r\n        testCases.forEach(({ description, setup, shouldPass, expectedError }) => {\r\n        it(` ${shouldPass ? '' : ''}    ${description}`, async () => {\r\n\r\n            setup();\r\n            const registerDto: RegisterDto = {\r\n            name: 'Test User',\r\n            email: 'test@example.com',\r\n            password: 'password123',\r\n            };\r\n\r\n            (bcrypt.hash as jest.Mock).mockResolvedValue('hashedPassword');\r\n\r\n            if (shouldPass) {\r\n            const result = await authService.register(registerDto);\r\n            expect(result).toBeDefined();\r\n            expect(result.token).toBe('mock-jwt-token');\r\n            } else {\r\n            await expect(authService.register(registerDto))\r\n                .rejects.toThrow(expectedError);\r\n            }\r\n        });\r\n        });\r\n    });\r\n\r\n    describe('  equivalence classes', () => {\r\n        const mockUser = {\r\n        id: 'user-123',\r\n        email: 'test@example.com',\r\n        password: 'hashedPassword',\r\n        name: 'Test User',\r\n        };\r\n\r\n        const testCases = [\r\n        {\r\n            description: ' ',\r\n            setup: () => {\r\n            usersRepository.findOne.mockResolvedValue(null);\r\n            },\r\n            shouldPass: false,\r\n            expectedError: UnauthorizedException,\r\n        },\r\n        {\r\n            description: ' ',\r\n            setup: () => {\r\n            usersRepository.findOne.mockResolvedValue(mockUser);\r\n            (bcrypt.compare as jest.Mock).mockResolvedValue(false);\r\n            },\r\n            shouldPass: false,\r\n            expectedError: UnauthorizedException,\r\n        },\r\n        {\r\n            description: '  ',\r\n            setup: () => {\r\n            usersRepository.findOne.mockResolvedValue(mockUser);\r\n            (bcrypt.compare as jest.Mock).mockResolvedValue(true);\r\n            },\r\n            shouldPass: true,\r\n        },\r\n        ];\r\n\r\n        testCases.forEach(({ description, setup, shouldPass, expectedError }) => {\r\n        it(` ${shouldPass ? '' : ''}    ${description}`, async () => {\r\n            setup();\r\n            const loginDto: LoginDto = {\r\n            email: 'test@example.com',\r\n            password: 'password123',\r\n            };\r\n\r\n            if (shouldPass) {\r\n            const result = await authService.login(loginDto);\r\n            expect(result).toBeDefined();\r\n            expect(result.token).toBe('mock-jwt-token');\r\n            } else {\r\n            await expect(authService.login(loginDto))\r\n                .rejects.toThrow(expectedError);\r\n            }\r\n        });\r\n        });\r\n    });\r\n\r\n    \r\n    //    ,   1     \r\n\r\n    describe('       ', () => {\r\n        it('  email,       (  regex  ^)', async () => {\r\n            const registerDto: RegisterDto = {\r\n                name: 'Test',\r\n                email: ' test@example.com',\r\n                password: 'validPass123',\r\n            };\r\n            await expect(authService.register(registerDto)).rejects.toThrow(ConflictException);\r\n            await expect(authService.register(registerDto)).rejects.toThrow('Invalid email format');\r\n        });\r\n        it('  email,     (   $)', async () => {\r\n            const registerDto: RegisterDto = {\r\n                name: 'Test',\r\n                email: 'test@example.com invalid',\r\n                password: 'validPass123',\r\n            };\r\n            await expect(authService.register(registerDto)).rejects.toThrow(ConflictException);\r\n            await expect(authService.register(registerDto)).rejects.toThrow('Invalid email format');\r\n        });\r\n        it('        email', async () => {\r\n            const registerDto: RegisterDto = {\r\n                name: 'Test',\r\n                email: 'invalid-email',\r\n                password: 'validPass123',\r\n            };\r\n            await expect(authService.register(registerDto)).rejects.toThrow(ConflictException);\r\n            await expect(authService.register(registerDto)).rejects.toThrow('Invalid email format');\r\n        });\r\n        it('  ,  findOne      ( findOne  where: {})', async () => {\r\n            usersRepository.findOne.mockResolvedValue({ id: 'wrong-user' }); // ,     email\r\n            const registerDto: RegisterDto = {\r\n                name: 'Test',\r\n                email: 'test@example.com',\r\n                password: 'validPass123',\r\n            };\r\n            await expect(authService.register(registerDto)).rejects.toThrow(ConflictException);\r\n            await expect(authService.register(registerDto)).rejects.toThrow('User with this email already exists');\r\n        });\r\n        it('      ', async () => {\r\n            usersRepository.findOne.mockResolvedValue({ id: 'existing' });\r\n            const registerDto: RegisterDto = {\r\n                name: 'Test',\r\n                email: 'test@example.com',\r\n                password: 'validPass123',\r\n            };\r\n            await expect(authService.register(registerDto)).rejects.toThrow(ConflictException);\r\n            await expect(authService.register(registerDto)).rejects.toThrow('User with this email already exists');\r\n        });\r\n\r\n        it('  ,  where  findOne ', async () => {\r\n            usersRepository.findOne.mockResolvedValue({ id: 'random-user' });\r\n            const registerDto: RegisterDto = {\r\n                name: 'Test',\r\n                email: 'new@example.com',\r\n                password: 'validPass',\r\n            };\r\n            await expect(authService.register(registerDto)).rejects.toThrow(ConflictException); \r\n        });\r\n        it('  create   ', async () => {\r\n            usersRepository.findOne.mockResolvedValue(null);\r\n            usersRepository.create.mockReturnValue({});\r\n            usersRepository.save.mockResolvedValue({ id: 'user-123' });\r\n            const registerDto: RegisterDto = {\r\n                name: 'Test',\r\n                email: 'unique@example.com',\r\n                password: 'validPass',\r\n            };\r\n            const result = await authService.register(registerDto);\r\n            expect(result).toBeDefined();\r\n            expect(usersRepository.create).toHaveBeenCalledWith({ ...registerDto, password: 'hashedPassword' }); \r\n        });\r\n        \r\n        it('    deleteUser', async () => {\r\n            const mockUser = { \r\n                id: '123', \r\n                email: 'test@example.com',\r\n                name: 'Test User'\r\n            };\r\n            usersRepository.findOne.mockResolvedValue(mockUser);\r\n\r\n             usersRepository.remove.mockResolvedValue(mockUser);\r\n\r\n            await authService.deleteUser('123');\r\n\r\n            expect(usersRepository.findOne).toHaveBeenCalledWith({\r\n                where: { id: '123' }\r\n            });\r\n\r\n            expect(usersRepository.remove).toHaveBeenCalledWith(mockUser);\r\n        });\r\n\r\n        it('      \"Invalid email or password\"   email  login', async () => {\r\n            usersRepository.findOne.mockResolvedValue(null);\r\n            const loginDto: LoginDto = {\r\n                email: 'wrong@example.com',\r\n                password: 'password123',\r\n            };\r\n            \r\n            await expect(authService.login(loginDto))\r\n                .rejects.toThrow(UnauthorizedException);\r\n            await expect(authService.login(loginDto))\r\n                .rejects.toThrow('Invalid email or password');\r\n        });\r\n\r\n        it('      \"Invalid email or password\"     login', async () => {\r\n            const mockUser = {\r\n                id: 'user-123',\r\n                email: 'test@example.com',\r\n                password: 'hashedPassword',\r\n                name: 'Test User',\r\n            };\r\n            \r\n            usersRepository.findOne.mockResolvedValue(mockUser);\r\n            (bcrypt.compare as jest.Mock).mockResolvedValue(false);\r\n            \r\n            const loginDto: LoginDto = {\r\n                email: 'test@example.com',\r\n                password: 'wrongpassword',\r\n            };\r\n            \r\n            await expect(authService.login(loginDto))\r\n                .rejects.toThrow(UnauthorizedException);\r\n            await expect(authService.login(loginDto))\r\n                .rejects.toThrow('Invalid email or password');\r\n        });\r\n        \r\n        it('    email  ', async () => {\r\n            usersRepository.findOne.mockResolvedValue(null);\r\n            usersRepository.create.mockReturnValue({});\r\n            usersRepository.save.mockResolvedValue({ id: 'user-123' });\r\n            \r\n            const registerDto: RegisterDto = {\r\n                name: 'Test User',\r\n                email: 'unique@example.com',\r\n                password: 'password123',\r\n            };\r\n            \r\n            await authService.register(registerDto);\r\n            \r\n            // ,  findOne    where\r\n            expect(usersRepository.findOne).toHaveBeenCalledWith({\r\n                where: { email: 'unique@example.com' }\r\n            });\r\n        });\r\n\r\n        it('    email  login', async () => {\r\n            const mockUser = {\r\n                id: 'user-123',\r\n                email: 'test@example.com',\r\n                password: 'hashedPassword',\r\n                name: 'Test User',\r\n            };\r\n            \r\n            usersRepository.findOne.mockResolvedValue(mockUser);\r\n            (bcrypt.compare as jest.Mock).mockResolvedValue(true);\r\n            \r\n            const loginDto: LoginDto = {\r\n                email: 'test@example.com',\r\n                password: 'password123',\r\n            };\r\n            \r\n            await authService.login(loginDto);\r\n            \r\n            expect(usersRepository.findOne).toHaveBeenCalledWith({\r\n                where: { email: 'test@example.com' }\r\n            });\r\n        });\r\n    });\r\n});"},"src/test/unit/auth/auth.service.boundary.spec.ts":{"tests":[{"id":"22","name":"AuthService - Boundary Value Analysis  (BVA)        : 3  -  ","location":{"start":{"column":8,"line":66}}},{"id":"23","name":"AuthService - Boundary Value Analysis  (BVA)        : 4  -  ","location":{"start":{"column":8,"line":66}}},{"id":"24","name":"AuthService - Boundary Value Analysis  (BVA)        : 12  -    ","location":{"start":{"column":8,"line":66}}},{"id":"25","name":"AuthService - Boundary Value Analysis  (BVA)        : 20  -  ","location":{"start":{"column":8,"line":66}}},{"id":"26","name":"AuthService - Boundary Value Analysis  (BVA)        : 21  -  ","location":{"start":{"column":8,"line":66}}},{"id":"27","name":"AuthService - Boundary Value Analysis   (BVA)     trim     :   ,  3  trim   ","location":{"start":{"column":14,"line":107}}},{"id":"28","name":"AuthService - Boundary Value Analysis   (BVA)     trim     :   ,  4  trim   ","location":{"start":{"column":14,"line":107}}},{"id":"29","name":"AuthService - Boundary Value Analysis   (BVA)     trim     :   ,  6  trim   ","location":{"start":{"column":14,"line":107}}},{"id":"30","name":"AuthService - Boundary Value Analysis   (BVA)     trim     :   ,  24  trim   ","location":{"start":{"column":14,"line":107}}},{"id":"31","name":"AuthService - Boundary Value Analysis   (BVA)     trim     :  20  ","location":{"start":{"column":14,"line":107}}},{"id":"32","name":"AuthService - Boundary Value Analysis   (BVA)     trim     :  21   ","location":{"start":{"column":14,"line":107}}},{"id":"33","name":"AuthService - Boundary Value Analysis   (BVA)     trim     :  3   ","location":{"start":{"column":14,"line":107}}},{"id":"34","name":"AuthService - Boundary Value Analysis   (BVA)     trim     :  4   ","location":{"start":{"column":14,"line":107}}},{"id":"35","name":"AuthService - Boundary Value Analysis                  4 ","location":{"start":{"column":10,"line":131}}},{"id":"36","name":"AuthService - Boundary Value Analysis                  20 ","location":{"start":{"column":10,"line":140}}},{"id":"37","name":"AuthService - Boundary Value Analysis                  4 ","location":{"start":{"column":10,"line":150}}},{"id":"38","name":"AuthService - Boundary Value Analysis            ,   = 4 (,     ||)","location":{"start":{"column":10,"line":159}}},{"id":"39","name":"AuthService - Boundary Value Analysis            ,   = 20 ()","location":{"start":{"column":10,"line":170}}},{"id":"40","name":"AuthService - Boundary Value Analysis           ,  findOne   where    (  findOne  where)","location":{"start":{"column":10,"line":183}}},{"id":"41","name":"AuthService - Boundary Value Analysis             id   ( )","location":{"start":{"column":10,"line":193}}}],"source":"/* eslint-disable prettier/prettier */\r\n/* eslint-disable @typescript-eslint/no-unsafe-return */\r\n/* eslint-disable @typescript-eslint/no-unused-vars */\r\n/* eslint-disable @typescript-eslint/no-unsafe-member-access */\r\n/* eslint-disable @typescript-eslint/no-unsafe-call */\r\n/* eslint-disable @typescript-eslint/no-unsafe-assignment */\r\n\r\n///////////////////////////Boundary Value Analysis///////////////////////////////////////\r\n\r\nimport { Test, TestingModule } from '@nestjs/testing';\r\nimport { getRepositoryToken } from '@nestjs/typeorm';\r\nimport { JwtService } from '@nestjs/jwt';\r\nimport { ConflictException } from '@nestjs/common';\r\nimport * as bcrypt from 'bcrypt';\r\nimport { AuthService } from '../../../auth/auth.service';\r\nimport { User } from '../../../user.entity';\r\nimport { RegisterDto } from '../../../../types/src/user';\r\n\r\njest.mock('bcrypt');\r\n\r\ndescribe('AuthService - Boundary Value Analysis', () => {\r\n  let authService: AuthService;\r\n  let usersRepository: any;\r\n  let jwtService: JwtService;\r\n\r\n  beforeEach(async () => {\r\n    const module: TestingModule = await Test.createTestingModule({\r\n      providers: [\r\n        AuthService,\r\n        {\r\n          provide: getRepositoryToken(User),\r\n          useValue: {\r\n            findOne: jest.fn(),\r\n            create: jest.fn(),\r\n            save: jest.fn(),\r\n          },\r\n        },\r\n        {\r\n          provide: JwtService,\r\n          useValue: {\r\n            sign: jest.fn().mockReturnValue('mock-jwt-token'), //JWT \r\n          },\r\n        },\r\n      ],\r\n    }).compile();\r\n\r\n    authService = module.get<AuthService>(AuthService);\r\n    usersRepository = module.get(getRepositoryToken(User));\r\n    jwtService = module.get<JwtService>(JwtService);\r\n\r\n    // Mock bcrypt\r\n    (bcrypt.hash as jest.Mock).mockResolvedValue('hashedPassword');\r\n  });\r\n\r\n  describe(' (BVA)   ', () => {\r\n    const testCases = [\r\n      { length: 3, shouldPass: false, description: '3  -  ' },\r\n      { length: 4, shouldPass: true, description: '4  -  ' },\r\n      { length: 12, shouldPass: true, description: '12  -    ' },\r\n      { length: 20, shouldPass: true, description: '20  -  ' },\r\n      { length: 21, shouldPass: false, description: '21  -  ' },\r\n    ];\r\n\r\n    testCases.forEach(({ length, shouldPass, description }) => {\r\n      it(` ${shouldPass ? '' : ''}   : ${description}`, async () => {\r\n\r\n        const password = 'a'.repeat(length);\r\n        const registerDto: RegisterDto = {\r\n          name: 'Test User',\r\n          email: 'test@example.com',\r\n          password: password,\r\n        };\r\n\r\n\r\n        if (shouldPass) {\r\n          usersRepository.findOne.mockResolvedValue(null);\r\n          usersRepository.create.mockReturnValue(registerDto);\r\n          usersRepository.save.mockResolvedValue({ ...registerDto, id: 'user-123' });\r\n        }\r\n\r\n\r\n        if (shouldPass) {\r\n          await expect(authService.register(registerDto)).resolves.toBeDefined();\r\n        } else {\r\n          await expect(authService.register(registerDto)).rejects.toThrow();\r\n\r\n        }\r\n      });\r\n    });\r\n  });\r\n\r\n\r\n    describe('  (BVA)     trim', () => {\r\n        const testCases = [\r\n            { inputName: '   abc   ', length: 3, shouldPass: false, description: '  ,  3  trim   ' },\r\n            { inputName: '   abcd   ', length: 4, shouldPass: true, description: '  ,  4  trim   ' },\r\n            { inputName: '   abcefg   ', length: 6, shouldPass: true, description: '  ,  6  trim   ' },\r\n            { inputName: '   abcdefghabcdefghabcdefgh   ', length: 24, shouldPass: false, description: '  ,  24  trim   ' },\r\n            { inputName: 'J'.repeat(20), length: 20, shouldPass: true, description: ' 20  ' },\r\n            { inputName: 'J'.repeat(21), length: 21, shouldPass: false, description: ' 21   ' },\r\n            { inputName: 'W'.repeat(3), length: 3, shouldPass: false, description: ' 3   ' },\r\n            { inputName: 'W'.repeat(4), length: 4, shouldPass: true, description: ' 4   ' },\r\n        ];\r\n\r\n        testCases.forEach(({ inputName, shouldPass, description }) => {\r\n            it(` ${shouldPass ? '' : ''}   : ${description}`, async () => {\r\n            const registerDto: RegisterDto = {\r\n                name: inputName,\r\n                email: 'test@example.com',\r\n                password: 'validPassword123',\r\n            };\r\n\r\n            if (shouldPass) {\r\n                usersRepository.findOne.mockResolvedValue(null);\r\n                usersRepository.create.mockReturnValue(registerDto);\r\n                usersRepository.save.mockResolvedValue({ ...registerDto, id: 'user-123' });\r\n            }\r\n\r\n            if (shouldPass) {\r\n                await expect(authService.register(registerDto)).resolves.toBeDefined();\r\n            } else {\r\n                await expect(authService.register(registerDto)).rejects.toThrow(ConflictException);\r\n            }\r\n            });\r\n        });\r\n    });\r\n\r\n    describe('       ', () => {\r\n\r\n        it('         4 ', async () => {\r\n            const registerDto: RegisterDto = {\r\n                name: 'Test',\r\n                email: 'test@example.com',\r\n                password: 'abc', \r\n            };\r\n            await expect(authService.register(registerDto)).rejects.toThrow(ConflictException);\r\n            await expect(authService.register(registerDto)).rejects.toThrow('Password must be at least 4 and 20 maximum characters long');\r\n        });\r\n        it('         20 ', async () => {\r\n            const registerDto: RegisterDto = {\r\n                name: 'Test',\r\n                email: 'test@example.com',\r\n                password: 'a'.repeat(21), \r\n            };\r\n            await expect(authService.register(registerDto)).rejects.toThrow(ConflictException);\r\n            await expect(authService.register(registerDto)).rejects.toThrow('Password must be at least 4 and 20 maximum characters long');\r\n        });\r\n\r\n        it('         4 ', async () => {\r\n            const registerDto: RegisterDto = {\r\n                name: 'Abc', \r\n                email: 'test@example.com',\r\n                password: 'validPass123',\r\n            };\r\n            await expect(authService.register(registerDto)).rejects.toThrow(ConflictException);\r\n            await expect(authService.register(registerDto)).rejects.toThrow('Name must be at least 4 and 20 maximum characters long');\r\n        });\r\n        it('   ,   = 4 (,     ||)', async () => {\r\n            const registerDto: RegisterDto = {\r\n                name: 'Test',\r\n                email: 'test@example.com',\r\n                password: '1234', \r\n            };\r\n            usersRepository.findOne.mockResolvedValue(null);\r\n            usersRepository.create.mockReturnValue(registerDto);\r\n            usersRepository.save.mockResolvedValue({ ...registerDto, id: 'user-123' });\r\n            await expect(authService.register(registerDto)).resolves.toBeDefined();\r\n        });\r\n        it('   ,   = 20 ()', async () => {\r\n            const registerDto: RegisterDto = {\r\n                name: 'Test',\r\n                email: 'test@example.com',\r\n                password: 'a'.repeat(20), \r\n            };\r\n            usersRepository.findOne.mockResolvedValue(null);\r\n            usersRepository.create.mockReturnValue(registerDto);\r\n            usersRepository.save.mockResolvedValue({ ...registerDto, id: 'user-123' });\r\n            await expect(authService.register(registerDto)).resolves.toBeDefined();\r\n        });\r\n\r\n\r\n        it('  ,  findOne   where    (  findOne  where)', async () => {\r\n            usersRepository.findOne.mockResolvedValue({ id: 'wrong-user' }); \r\n            const registerDto: RegisterDto = {\r\n                name: 'Test',\r\n                email: 'unique@example.com',\r\n                password: 'validPass123',\r\n            };\r\n            await expect(authService.register(registerDto)).rejects.toThrow(ConflictException); \r\n        });\r\n        \r\n        it('    id   ( )', async () => {\r\n            const mockUser = { id: '123', email: 'test@example.com' };\r\n            usersRepository.findOne.mockResolvedValue(mockUser);\r\n            const result = await authService.findUserById('123');\r\n            expect(result).toEqual(mockUser);\r\n            expect(usersRepository.findOne).toHaveBeenCalledWith({ where: { id: '123' } }); \r\n        });\r\n                \r\n    });\r\n});"}},"projectRoot":"C:\\VKR\\workflow-app\\auth-service","config":{"$schema":"./node_modules/@stryker-mutator/core/schema/stryker-schema.json","packageManager":"npm","reporters":["html","clear-text","progress","json"],"testRunner":"jest","coverageAnalysis":"perTest","jest":{"config":{"moduleFileExtensions":["js","json","ts"],"rootDir":".","testRegex":".*\\.spec\\.ts$","transform":{"^.+\\.(t|j)s$":"ts-jest"},"collectCoverageFrom":["src/**/*.(t|j)s"],"coverageDirectory":"./coverage","testEnvironment":"node","moduleNameMapper":{"^@/(.*)$":"<rootDir>/src/$1"}},"projectType":"custom","enableFindRelatedTests":true},"checkers":["typescript"],"tsconfigFile":"tsconfig.json","mutate":["src/auth/auth.service.ts"],"tempDirName":".stryker-tmp","cleanTempDir":true,"concurrency":1,"timeoutMS":60000,"allowConsoleColors":true,"checkerNodeArgs":[],"commandRunner":{"command":"npm test"},"clearTextReporter":{"allowColor":true,"allowEmojis":false,"logTests":true,"maxTestsToLog":3,"reportTests":true,"reportMutants":true,"reportScoreTable":true,"skipFull":false},"dashboard":{"baseUrl":"https://dashboard.stryker-mutator.io/api/reports","reportType":"full"},"dryRunOnly":false,"eventReporter":{"baseDir":"reports/mutation/events"},"ignorePatterns":[],"ignoreStatic":false,"incremental":false,"incrementalFile":"reports/stryker-incremental.json","force":false,"fileLogLevel":"off","inPlace":false,"logLevel":"info","maxConcurrentTestRunners":9007199254740991,"maxTestRunnerReuse":0,"mutator":{"plugins":null,"excludedMutations":[]},"plugins":["@stryker-mutator/*"],"appendPlugins":[],"htmlReporter":{"fileName":"reports/mutation/mutation.html"},"jsonReporter":{"fileName":"reports/mutation/mutation.json"},"disableTypeChecks":true,"symlinkNodeModules":true,"testRunnerNodeArgs":[],"thresholds":{"high":80,"low":60,"break":null},"timeoutFactor":1.5,"dryRunTimeoutMinutes":5,"warnings":true,"disableBail":false,"allowEmpty":false,"ignorers":[],"typescriptChecker":{"prioritizePerformanceOverAccuracy":true}},"framework":{"name":"StrykerJS","version":"9.4.0","branding":{"homepageUrl":"https://stryker-mutator.io","imageUrl":"data:image/svg+xml;utf8,%3Csvg viewBox='0 0 1458 1458' xmlns='http://www.w3.org/2000/svg' fill-rule='evenodd' clip-rule='evenodd' stroke-linejoin='round' stroke-miterlimit='2'%3E%3Cpath fill='none' d='M0 0h1458v1458H0z'/%3E%3CclipPath id='a'%3E%3Cpath d='M0 0h1458v1458H0z'/%3E%3C/clipPath%3E%3Cg clip-path='url(%23a)'%3E%3Cpath d='M1458 729c0 402.655-326.345 729-729 729S0 1131.655 0 729C0 326.445 326.345 0 729 0s729 326.345 729 729' fill='%23e74c3c' fill-rule='nonzero'/%3E%3Cpath d='M778.349 1456.15L576.6 1254.401l233-105 85-78.668v-64.332l-257-257-44-187-50-208 251.806-82.793L1076.6 389.401l380.14 379.15c-19.681 367.728-311.914 663.049-678.391 687.599z' fill-opacity='.3'/%3E%3Cpath d='M753.4 329.503c41.79 0 74.579 7.83 97.925 25.444 23.571 18.015 41.69 43.956 55.167 77.097l11.662 28.679 165.733-58.183-14.137-32.13c-26.688-60.655-64.896-108.61-114.191-144.011-49.329-35.423-117.458-54.302-204.859-54.302-50.78 0-95.646 7.376-134.767 21.542-40.093 14.671-74.09 34.79-102.239 60.259-28.84 26.207-50.646 57.06-65.496 92.701-14.718 35.052-22.101 72.538-22.101 112.401 0 72.536 20.667 133.294 61.165 182.704 38.624 47.255 98.346 88.037 179.861 121.291 42.257 17.475 78.715 33.125 109.227 46.994 27.193 12.361 49.294 26.124 66.157 41.751 15.309 14.186 26.497 30.584 33.63 49.258 7.721 20.214 11.16 45.69 11.16 76.402 0 28.021-4.251 51.787-13.591 71.219-8.832 18.374-20.171 33.178-34.523 44.219-14.787 11.374-31.193 19.591-49.393 24.466-19.68 5.359-39.14 7.993-58.69 7.993-29.359 0-54.387-3.407-75.182-10.747-20.112-7.013-37.144-16.144-51.259-27.486-13.618-11.009-24.971-23.766-33.744-38.279-9.64-15.8-17.272-31.924-23.032-48.408l-10.965-31.376-161.669 60.585 10.734 30.124c10.191 28.601 24.197 56.228 42.059 82.748 18.208 27.144 41.322 51.369 69.525 72.745 27.695 21.075 60.904 38.218 99.481 51.041 37.777 12.664 82.004 19.159 132.552 19.159 49.998 0 95.818-8.321 137.611-24.622 42.228-16.471 78.436-38.992 108.835-67.291 30.719-28.597 54.631-62.103 71.834-100.642 17.263-38.56 25.923-79.392 25.923-122.248 0-54.339-8.368-100.37-24.208-138.32-16.29-38.759-38.252-71.661-65.948-98.797-26.965-26.418-58.269-48.835-93.858-67.175-33.655-17.241-69.196-33.11-106.593-47.533-35.934-13.429-65.822-26.601-89.948-39.525-22.153-11.868-40.009-24.21-53.547-37.309-11.429-11.13-19.83-23.678-24.718-37.664-5.413-15.49-7.98-33.423-7.98-53.577 0-40.883 11.293-71.522 37.086-90.539 28.443-20.825 64.985-30.658 109.311-30.658z' fill='%23f1c40f' fill-rule='nonzero'/%3E%3Cpath d='M720 0h18v113h-18zM1458 738v-18h-113v18h113zM720 1345h18v113h-18zM113 738v-18H0v18h113z'/%3E%3C/g%3E%3C/svg%3E"},"dependencies":{"@stryker-mutator/jest-runner":"9.4.0","@stryker-mutator/typescript-checker":"9.4.0","jest":"29.7.0","typescript":"5.9.3","webpack":"5.100.2","ts-jest":"29.4.5"}}}