{"C:\\VKR\\workflow-app\\auth-service\\src\\user.entity.ts": {"path":"C:\\VKR\\workflow-app\\auth-service\\src\\user.entity.ts","statementMap":{"0":{"start":{"line":2,"column":0},"end":{"line":2,"column":null}},"1":{"start":{"line":3,"column":0},"end":{"line":3,"column":null}},"2":{"start":{"line":6,"column":7},"end":{"line":28,"column":null}},"3":{"start":{"line":6,"column":13},"end":{"line":6,"column":17}},"4":{"start":{"line":8,"column":2},"end":{"line":8,"column":null}},"5":{"start":{"line":11,"column":2},"end":{"line":11,"column":null}},"6":{"start":{"line":14,"column":2},"end":{"line":14,"column":null}},"7":{"start":{"line":17,"column":2},"end":{"line":17,"column":null}},"8":{"start":{"line":24,"column":2},"end":{"line":24,"column":null}},"9":{"start":{"line":27,"column":2},"end":{"line":27,"column":null}},"10":{"start":{"line":6,"column":13},"end":{"line":28,"column":null}}},"fnMap":{},"branchMap":{"0":{"loc":{"start":{"line":24,"column":8},"end":{"line":24,"column":17}},"type":"cond-expr","locations":[{"start":{"line":24,"column":16},"end":{"line":24,"column":17}},{"start":{"line":24,"column":16},"end":{"line":24,"column":17}}]},"1":{"loc":{"start":{"line":24,"column":8},"end":{"line":24,"column":16}},"type":"binary-expr","locations":[{"start":{"line":24,"column":8},"end":{"line":24,"column":17}},{"start":{"line":24,"column":8},"end":{"line":24,"column":16}}]},"2":{"loc":{"start":{"line":27,"column":13},"end":{"line":27,"column":18}},"type":"cond-expr","locations":[{"start":{"line":27,"column":17},"end":{"line":27,"column":18}},{"start":{"line":27,"column":17},"end":{"line":27,"column":18}}]},"3":{"loc":{"start":{"line":27,"column":13},"end":{"line":27,"column":17}},"type":"binary-expr","locations":[{"start":{"line":27,"column":13},"end":{"line":27,"column":18}},{"start":{"line":27,"column":13},"end":{"line":27,"column":17}}]}},"s":{"0":1,"1":1,"2":1,"3":1,"4":1,"5":1,"6":1,"7":1,"8":1,"9":1,"10":1},"f":{},"b":{"0":[0,1],"1":[1,1],"2":[1,0],"3":[1,1]}}
,"C:\\VKR\\workflow-app\\auth-service\\src\\auth\\auth.service.ts": {"path":"C:\\VKR\\workflow-app\\auth-service\\src\\auth\\auth.service.ts","statementMap":{"0":{"start":{"line":4,"column":0},"end":{"line":4,"column":null}},"1":{"start":{"line":5,"column":0},"end":{"line":5,"column":null}},"2":{"start":{"line":6,"column":0},"end":{"line":6,"column":null}},"3":{"start":{"line":7,"column":0},"end":{"line":7,"column":null}},"4":{"start":{"line":8,"column":0},"end":{"line":8,"column":null}},"5":{"start":{"line":9,"column":0},"end":{"line":9,"column":null}},"6":{"start":{"line":14,"column":7},"end":{"line":169,"column":null}},"7":{"start":{"line":17,"column":12},"end":{"line":17,"column":29}},"8":{"start":{"line":18,"column":12},"end":{"line":18,"column":24}},"9":{"start":{"line":22,"column":23},"end":{"line":22,"column":51}},"10":{"start":{"line":23,"column":4},"end":{"line":25,"column":null}},"11":{"start":{"line":24,"column":6},"end":{"line":24,"column":null}},"12":{"start":{"line":28,"column":4},"end":{"line":28,"column":null}},"13":{"start":{"line":29,"column":4},"end":{"line":31,"column":null}},"14":{"start":{"line":30,"column":6},"end":{"line":30,"column":null}},"15":{"start":{"line":33,"column":4},"end":{"line":35,"column":null}},"16":{"start":{"line":34,"column":6},"end":{"line":34,"column":null}},"17":{"start":{"line":37,"column":25},"end":{"line":39,"column":6}},"18":{"start":{"line":43,"column":4},"end":{"line":46,"column":null}},"19":{"start":{"line":45,"column":6},"end":{"line":45,"column":null}},"20":{"start":{"line":47,"column":35},"end":{"line":47,"column":78}},"21":{"start":{"line":49,"column":17},"end":{"line":52,"column":6}},"22":{"start":{"line":54,"column":22},"end":{"line":54,"column":59}},"23":{"start":{"line":56,"column":18},"end":{"line":60,"column":20}},"24":{"start":{"line":63,"column":60},"end":{"line":63,"column":69}},"25":{"start":{"line":64,"column":4},"end":{"line":64,"column":null}},"26":{"start":{"line":68,"column":17},"end":{"line":70,"column":6}},"27":{"start":{"line":72,"column":4},"end":{"line":74,"column":null}},"28":{"start":{"line":73,"column":8},"end":{"line":73,"column":null}},"29":{"start":{"line":76,"column":4},"end":{"line":76,"column":null}},"30":{"start":{"line":80,"column":4},"end":{"line":80,"column":null}},"31":{"start":{"line":83,"column":4},"end":{"line":90,"column":null}},"32":{"start":{"line":84,"column":4},"end":{"line":86,"column":null}},"33":{"start":{"line":88,"column":6},"end":{"line":88,"column":null}},"34":{"start":{"line":89,"column":6},"end":{"line":89,"column":null}},"35":{"start":{"line":97,"column":4},"end":{"line":100,"column":null}},"36":{"start":{"line":99,"column":6},"end":{"line":99,"column":null}},"37":{"start":{"line":103,"column":4},"end":{"line":105,"column":null}},"38":{"start":{"line":104,"column":6},"end":{"line":104,"column":65}},"39":{"start":{"line":109,"column":4},"end":{"line":132,"column":null}},"40":{"start":{"line":110,"column":17},"end":{"line":112,"column":6}},"41":{"start":{"line":114,"column":4},"end":{"line":116,"column":null}},"42":{"start":{"line":115,"column":6},"end":{"line":115,"column":null}},"43":{"start":{"line":117,"column":28},"end":{"line":117,"column":82}},"44":{"start":{"line":118,"column":4},"end":{"line":120,"column":null}},"45":{"start":{"line":119,"column":6},"end":{"line":119,"column":null}},"46":{"start":{"line":122,"column":18},"end":{"line":126,"column":20}},"47":{"start":{"line":128,"column":60},"end":{"line":128,"column":64}},"48":{"start":{"line":129,"column":4},"end":{"line":129,"column":null}},"49":{"start":{"line":131,"column":6},"end":{"line":131,"column":null}},"50":{"start":{"line":136,"column":4},"end":{"line":136,"column":null}},"51":{"start":{"line":140,"column":17},"end":{"line":140,"column":78}},"52":{"start":{"line":141,"column":4},"end":{"line":143,"column":null}},"53":{"start":{"line":142,"column":6},"end":{"line":142,"column":null}},"54":{"start":{"line":144,"column":60},"end":{"line":144,"column":64}},"55":{"start":{"line":145,"column":4},"end":{"line":145,"column":null}},"56":{"start":{"line":149,"column":18},"end":{"line":153,"column":20}},"57":{"start":{"line":154,"column":4},"end":{"line":154,"column":null}},"58":{"start":{"line":158,"column":17},"end":{"line":158,"column":78}},"59":{"start":{"line":160,"column":4},"end":{"line":162,"column":null}},"60":{"start":{"line":161,"column":6},"end":{"line":161,"column":null}},"61":{"start":{"line":165,"column":4},"end":{"line":165,"column":null}},"62":{"start":{"line":167,"column":4},"end":{"line":167,"column":null}},"63":{"start":{"line":14,"column":13},"end":{"line":14,"column":24}},"64":{"start":{"line":14,"column":13},"end":{"line":169,"column":null}}},"fnMap":{"0":{"name":"(anonymous_4)","decl":{"start":{"line":15,"column":2},"end":{"line":15,"column":null}},"loc":{"start":{"line":18,"column":34},"end":{"line":19,"column":null}}},"1":{"name":"(anonymous_5)","decl":{"start":{"line":21,"column":2},"end":{"line":21,"column":8}},"loc":{"start":{"line":21,"column":41},"end":{"line":65,"column":null}}},"2":{"name":"(anonymous_6)","decl":{"start":{"line":67,"column":2},"end":{"line":67,"column":8}},"loc":{"start":{"line":67,"column":33},"end":{"line":77,"column":null}}},"3":{"name":"(anonymous_7)","decl":{"start":{"line":79,"column":2},"end":{"line":79,"column":8}},"loc":{"start":{"line":79,"column":35},"end":{"line":81,"column":null}}},"4":{"name":"(anonymous_8)","decl":{"start":{"line":82,"column":2},"end":{"line":82,"column":8}},"loc":{"start":{"line":82,"column":20},"end":{"line":91,"column":null}}},"5":{"name":"(anonymous_9)","decl":{"start":{"line":93,"column":2},"end":{"line":93,"column":8}},"loc":{"start":{"line":93,"column":32},"end":{"line":133,"column":null}}},"6":{"name":"(anonymous_10)","decl":{"start":{"line":135,"column":2},"end":{"line":135,"column":8}},"loc":{"start":{"line":135,"column":40},"end":{"line":137,"column":null}}},"7":{"name":"(anonymous_11)","decl":{"start":{"line":139,"column":2},"end":{"line":139,"column":8}},"loc":{"start":{"line":139,"column":33},"end":{"line":146,"column":null}}},"8":{"name":"(anonymous_12)","decl":{"start":{"line":148,"column":2},"end":{"line":148,"column":8}},"loc":{"start":{"line":148,"column":37},"end":{"line":155,"column":null}}},"9":{"name":"(anonymous_13)","decl":{"start":{"line":157,"column":2},"end":{"line":157,"column":8}},"loc":{"start":{"line":157,"column":63},"end":{"line":168,"column":null}}}},"branchMap":{"0":{"loc":{"start":{"line":23,"column":4},"end":{"line":25,"column":null}},"type":"if","locations":[{"start":{"line":23,"column":4},"end":{"line":25,"column":null}},{"start":{"line":23,"column":4},"end":{"line":25,"column":null}}]},"1":{"loc":{"start":{"line":29,"column":4},"end":{"line":31,"column":null}},"type":"if","locations":[{"start":{"line":29,"column":4},"end":{"line":31,"column":null}},{"start":{"line":29,"column":4},"end":{"line":31,"column":null}}]},"2":{"loc":{"start":{"line":29,"column":8},"end":{"line":29,"column":75}},"type":"binary-expr","locations":[{"start":{"line":29,"column":8},"end":{"line":29,"column":39}},{"start":{"line":29,"column":43},"end":{"line":29,"column":75}}]},"3":{"loc":{"start":{"line":33,"column":4},"end":{"line":35,"column":null}},"type":"if","locations":[{"start":{"line":33,"column":4},"end":{"line":35,"column":null}},{"start":{"line":33,"column":4},"end":{"line":35,"column":null}}]},"4":{"loc":{"start":{"line":33,"column":8},"end":{"line":33,"column":67}},"type":"binary-expr","locations":[{"start":{"line":33,"column":8},"end":{"line":33,"column":35}},{"start":{"line":33,"column":39},"end":{"line":33,"column":67}}]},"5":{"loc":{"start":{"line":43,"column":4},"end":{"line":46,"column":null}},"type":"if","locations":[{"start":{"line":43,"column":4},"end":{"line":46,"column":null}},{"start":{"line":43,"column":4},"end":{"line":46,"column":null}}]},"6":{"loc":{"start":{"line":72,"column":4},"end":{"line":74,"column":null}},"type":"if","locations":[{"start":{"line":72,"column":4},"end":{"line":74,"column":null}},{"start":{"line":72,"column":4},"end":{"line":74,"column":null}}]},"7":{"loc":{"start":{"line":97,"column":4},"end":{"line":100,"column":null}},"type":"if","locations":[{"start":{"line":97,"column":4},"end":{"line":100,"column":null}},{"start":{"line":97,"column":4},"end":{"line":100,"column":null}}]},"8":{"loc":{"start":{"line":103,"column":4},"end":{"line":105,"column":null}},"type":"if","locations":[{"start":{"line":103,"column":4},"end":{"line":105,"column":null}},{"start":{"line":103,"column":4},"end":{"line":105,"column":null}}]},"9":{"loc":{"start":{"line":114,"column":4},"end":{"line":116,"column":null}},"type":"if","locations":[{"start":{"line":114,"column":4},"end":{"line":116,"column":null}},{"start":{"line":114,"column":4},"end":{"line":116,"column":null}}]},"10":{"loc":{"start":{"line":118,"column":4},"end":{"line":120,"column":null}},"type":"if","locations":[{"start":{"line":118,"column":4},"end":{"line":120,"column":null}},{"start":{"line":118,"column":4},"end":{"line":120,"column":null}}]},"11":{"loc":{"start":{"line":141,"column":4},"end":{"line":143,"column":null}},"type":"if","locations":[{"start":{"line":141,"column":4},"end":{"line":143,"column":null}},{"start":{"line":141,"column":4},"end":{"line":143,"column":null}}]},"12":{"loc":{"start":{"line":160,"column":4},"end":{"line":162,"column":null}},"type":"if","locations":[{"start":{"line":160,"column":4},"end":{"line":162,"column":null}},{"start":{"line":160,"column":4},"end":{"line":162,"column":null}}]},"13":{"loc":{"start":{"line":17,"column":29},"end":{"line":17,"column":45}},"type":"cond-expr","locations":[{"start":{"line":17,"column":39},"end":{"line":17,"column":45}},{"start":{"line":17,"column":39},"end":{"line":17,"column":45}}]},"14":{"loc":{"start":{"line":17,"column":29},"end":{"line":17,"column":39}},"type":"binary-expr","locations":[{"start":{"line":17,"column":29},"end":{"line":17,"column":45}},{"start":{"line":17,"column":29},"end":{"line":17,"column":39}}]},"15":{"loc":{"start":{"line":17,"column":39},"end":{"line":18,"column":null}},"type":"cond-expr","locations":[{"start":{"line":18,"column":34},"end":{"line":18,"column":null}},{"start":{"line":18,"column":34},"end":{"line":18,"column":null}}]},"16":{"loc":{"start":{"line":17,"column":39},"end":{"line":18,"column":34}},"type":"binary-expr","locations":[{"start":{"line":17,"column":39},"end":{"line":18,"column":null}},{"start":{"line":18,"column":24},"end":{"line":18,"column":34}}]}},"s":{"0":1,"1":1,"2":1,"3":1,"4":1,"5":1,"6":1,"7":1,"8":1,"9":33,"10":33,"11":25,"12":8,"13":8,"14":2,"15":6,"16":6,"17":0,"18":0,"19":0,"20":0,"21":0,"22":0,"23":0,"24":0,"25":0,"26":0,"27":0,"28":0,"29":0,"30":0,"31":0,"32":0,"33":0,"34":0,"35":0,"36":0,"37":0,"38":0,"39":0,"40":0,"41":0,"42":0,"43":0,"44":0,"45":0,"46":0,"47":0,"48":0,"49":0,"50":0,"51":0,"52":0,"53":0,"54":0,"55":0,"56":0,"57":0,"58":0,"59":0,"60":0,"61":0,"62":0,"63":1,"64":1},"f":{"0":1,"1":33,"2":0,"3":0,"4":0,"5":0,"6":0,"7":0,"8":0,"9":0},"b":{"0":[25,8],"1":[2,6],"2":[8,6],"3":[6,0],"4":[6,0],"5":[0,0],"6":[0,0],"7":[0,0],"8":[0,0],"9":[0,0],"10":[0,0],"11":[0,0],"12":[0,0],"13":[1,0],"14":[1,1],"15":[1,0],"16":[1,1]}}
,"C:\\VKR\\workflow-app\\auth-service\\src\\fuzz\\auth.fuzz.ts": {"path":"C:\\VKR\\workflow-app\\auth-service\\src\\fuzz\\auth.fuzz.ts","statementMap":{"0":{"start":{"line":14,"column":0},"end":{"line":14,"column":53}},"1":{"start":{"line":15,"column":0},"end":{"line":15,"column":51}},"2":{"start":{"line":17,"column":0},"end":{"line":17,"column":48}},"3":{"start":{"line":18,"column":0},"end":{"line":18,"column":33}},"4":{"start":{"line":19,"column":0},"end":{"line":19,"column":32}},"5":{"start":{"line":25,"column":27},"end":{"line":32,"column":1}},"6":{"start":{"line":26,"column":13},"end":{"line":26,"column":26}},"7":{"start":{"line":27,"column":2},"end":{"line":31,"column":3}},"8":{"start":{"line":28,"column":4},"end":{"line":28,"column":45}},"9":{"start":{"line":30,"column":4},"end":{"line":30,"column":28}},"10":{"start":{"line":35,"column":27},"end":{"line":37,"column":1}},"11":{"start":{"line":36,"column":2},"end":{"line":36,"column":57}},"12":{"start":{"line":40,"column":35},"end":{"line":48,"column":1}},"13":{"start":{"line":41,"column":23},"end":{"line":41,"column":47}},"14":{"start":{"line":42,"column":2},"end":{"line":47,"column":3}},"15":{"start":{"line":43,"column":19},"end":{"line":43,"column":55}},"16":{"start":{"line":44,"column":4},"end":{"line":44,"column":18}},"17":{"start":{"line":46,"column":4},"end":{"line":46,"column":19}},"18":{"start":{"line":51,"column":0},"end":{"line":147,"column":3}},"19":{"start":{"line":56,"column":2},"end":{"line":75,"column":5}},"20":{"start":{"line":57,"column":4},"end":{"line":57,"column":25}},"21":{"start":{"line":59,"column":4},"end":{"line":63,"column":6}},"22":{"start":{"line":65,"column":4},"end":{"line":67,"column":6}},"23":{"start":{"line":69,"column":4},"end":{"line":69,"column":87}},"24":{"start":{"line":69,"column":62},"end":{"line":69,"column":85}},"25":{"start":{"line":71,"column":4},"end":{"line":74,"column":6}},"26":{"start":{"line":77,"column":2},"end":{"line":79,"column":5}},"27":{"start":{"line":78,"column":4},"end":{"line":78,"column":27}},"28":{"start":{"line":81,"column":2},"end":{"line":146,"column":5}},"29":{"start":{"line":82,"column":21},"end":{"line":82,"column":49}},"30":{"start":{"line":84,"column":18},"end":{"line":84,"column":44}},"31":{"start":{"line":85,"column":21},"end":{"line":85,"column":47}},"32":{"start":{"line":86,"column":17},"end":{"line":86,"column":43}},"33":{"start":{"line":89,"column":4},"end":{"line":94,"column":5}},"34":{"start":{"line":91,"column":6},"end":{"line":93,"column":7}},"35":{"start":{"line":92,"column":8},"end":{"line":92,"column":34}},"36":{"start":{"line":96,"column":4},"end":{"line":99,"column":5}},"37":{"start":{"line":98,"column":6},"end":{"line":98,"column":40}},"38":{"start":{"line":101,"column":4},"end":{"line":104,"column":5}},"39":{"start":{"line":103,"column":6},"end":{"line":103,"column":63}},"40":{"start":{"line":106,"column":4},"end":{"line":106,"column":55}},"41":{"start":{"line":107,"column":4},"end":{"line":112,"column":8}},"42":{"start":{"line":107,"column":65},"end":{"line":112,"column":6}},"43":{"start":{"line":114,"column":4},"end":{"line":121,"column":7}},"44":{"start":{"line":123,"column":4},"end":{"line":123,"column":54}},"45":{"start":{"line":125,"column":4},"end":{"line":145,"column":5}},"46":{"start":{"line":126,"column":21},"end":{"line":126,"column":74}},"47":{"start":{"line":127,"column":6},"end":{"line":127,"column":35}},"48":{"start":{"line":130,"column":22},"end":{"line":135,"column":8}},"49":{"start":{"line":137,"column":24},"end":{"line":139,"column":null}},"50":{"start":{"line":138,"column":8},"end":{"line":139,"column":33}},"51":{"start":{"line":142,"column":6},"end":{"line":144,"column":7}},"52":{"start":{"line":143,"column":8},"end":{"line":143,"column":20}}},"fnMap":{"0":{"name":"(anonymous_0)","decl":{"start":{"line":25,"column":27},"end":{"line":25,"column":28}},"loc":{"start":{"line":25,"column":56},"end":{"line":32,"column":1}}},"1":{"name":"(anonymous_1)","decl":{"start":{"line":35,"column":27},"end":{"line":35,"column":28}},"loc":{"start":{"line":35,"column":56},"end":{"line":37,"column":1}}},"2":{"name":"(anonymous_2)","decl":{"start":{"line":40,"column":35},"end":{"line":40,"column":36}},"loc":{"start":{"line":40,"column":61},"end":{"line":48,"column":1}}},"3":{"name":"(anonymous_3)","decl":{"start":{"line":51,"column":48},"end":{"line":51,"column":51}},"loc":{"start":{"line":51,"column":53},"end":{"line":147,"column":1}}},"4":{"name":"(anonymous_4)","decl":{"start":{"line":56,"column":13},"end":{"line":56,"column":16}},"loc":{"start":{"line":56,"column":18},"end":{"line":75,"column":3}}},"5":{"name":"(anonymous_5)","decl":{"start":{"line":69,"column":50},"end":{"line":69,"column":55}},"loc":{"start":{"line":69,"column":62},"end":{"line":69,"column":85}}},"6":{"name":"(anonymous_6)","decl":{"start":{"line":77,"column":12},"end":{"line":77,"column":15}},"loc":{"start":{"line":77,"column":17},"end":{"line":79,"column":3}}},"7":{"name":"(anonymous_7)","decl":{"start":{"line":81,"column":61},"end":{"line":81,"column":66}},"loc":{"start":{"line":81,"column":84},"end":{"line":146,"column":3}}},"8":{"name":"(anonymous_8)","decl":{"start":{"line":107,"column":49},"end":{"line":107,"column":50}},"loc":{"start":{"line":107,"column":65},"end":{"line":112,"column":6}}},"9":{"name":"(anonymous_9)","decl":{"start":{"line":137,"column":37},"end":{"line":137,"column":40}},"loc":{"start":{"line":138,"column":8},"end":{"line":139,"column":33}}}},"branchMap":{"0":{"loc":{"start":{"line":89,"column":4},"end":{"line":94,"column":5}},"type":"if","locations":[{"start":{"line":89,"column":4},"end":{"line":94,"column":5}},{"start":{"line":89,"column":4},"end":{"line":94,"column":5}}]},"1":{"loc":{"start":{"line":91,"column":6},"end":{"line":93,"column":7}},"type":"if","locations":[{"start":{"line":91,"column":6},"end":{"line":93,"column":7}},{"start":{"line":91,"column":6},"end":{"line":93,"column":7}}]},"2":{"loc":{"start":{"line":91,"column":10},"end":{"line":91,"column":57}},"type":"binary-expr","locations":[{"start":{"line":91,"column":10},"end":{"line":91,"column":31}},{"start":{"line":91,"column":35},"end":{"line":91,"column":57}}]},"3":{"loc":{"start":{"line":96,"column":4},"end":{"line":99,"column":5}},"type":"if","locations":[{"start":{"line":96,"column":4},"end":{"line":99,"column":5}},{"start":{"line":96,"column":4},"end":{"line":99,"column":5}}]},"4":{"loc":{"start":{"line":101,"column":4},"end":{"line":104,"column":5}},"type":"if","locations":[{"start":{"line":101,"column":4},"end":{"line":104,"column":5}},{"start":{"line":101,"column":4},"end":{"line":104,"column":5}}]},"5":{"loc":{"start":{"line":138,"column":8},"end":{"line":139,"column":33}},"type":"binary-expr","locations":[{"start":{"line":138,"column":8},"end":{"line":138,"column":36}},{"start":{"line":139,"column":8},"end":{"line":139,"column":33}}]},"6":{"loc":{"start":{"line":142,"column":6},"end":{"line":144,"column":7}},"type":"if","locations":[{"start":{"line":142,"column":6},"end":{"line":144,"column":7}},{"start":{"line":142,"column":6},"end":{"line":144,"column":7}}]}},"s":{"0":1,"1":1,"2":1,"3":1,"4":1,"5":1,"6":0,"7":0,"8":0,"9":0,"10":1,"11":7,"12":1,"13":1,"14":1,"15":1,"16":0,"17":1,"18":1,"19":1,"20":1,"21":1,"22":1,"23":1,"24":0,"25":1,"26":1,"27":1,"28":1,"29":33,"30":33,"31":33,"32":33,"33":33,"34":6,"35":0,"36":33,"37":1,"38":33,"39":7,"40":33,"41":33,"42":0,"43":33,"44":33,"45":33,"46":33,"47":0,"48":33,"49":33,"50":33,"51":33,"52":0},"f":{"0":0,"1":7,"2":1,"3":1,"4":1,"5":0,"6":1,"7":33,"8":0,"9":33},"b":{"0":[6,27],"1":[0,6],"2":[6,6],"3":[1,32],"4":[7,26],"5":[33,33],"6":[0,33]}}
,"C:\\VKR\\workflow-app\\auth-service\\types\\src\\board.ts": {"path":"C:\\VKR\\workflow-app\\auth-service\\types\\src\\board.ts","statementMap":{"0":{"start":{"line":15,"column":0},"end":{"line":15,"column":null}},"1":{"start":{"line":16,"column":2},"end":{"line":16,"column":null}},"2":{"start":{"line":17,"column":2},"end":{"line":17,"column":null}},"3":{"start":{"line":28,"column":17},"end":{"line":28,"column":19}},"4":{"start":{"line":29,"column":20},"end":{"line":29,"column":36}},"5":{"start":{"line":30,"column":25},"end":{"line":30,"column":34}},"6":{"start":{"line":31,"column":20},"end":{"line":31,"column":22}},"7":{"start":{"line":32,"column":23},"end":{"line":32,"column":25}},"8":{"start":{"line":35,"column":4},"end":{"line":37,"column":null}},"9":{"start":{"line":36,"column":6},"end":{"line":36,"column":null}},"10":{"start":{"line":27,"column":0},"end":{"line":27,"column":13}}},"fnMap":{"0":{"name":"(anonymous_0)","decl":{"start":{"line":15,"column":0},"end":{"line":15,"column":12}},"loc":{"start":{"line":15,"column":21},"end":{"line":18,"column":1}}},"1":{"name":"(anonymous_1)","decl":{"start":{"line":34,"column":2},"end":{"line":34,"column":14}},"loc":{"start":{"line":34,"column":44},"end":{"line":38,"column":null}}}},"branchMap":{"0":{"loc":{"start":{"line":15,"column":12},"end":{"line":15,"column":null}},"type":"binary-expr","locations":[{"start":{"line":15,"column":12},"end":{"line":15,"column":21}},{"start":{"line":15,"column":21},"end":{"line":15,"column":null}}]},"1":{"loc":{"start":{"line":35,"column":4},"end":{"line":37,"column":null}},"type":"if","locations":[{"start":{"line":35,"column":4},"end":{"line":37,"column":null}},{"start":{"line":35,"column":4},"end":{"line":37,"column":null}}]}},"s":{"0":1,"1":1,"2":1,"3":0,"4":0,"5":0,"6":0,"7":0,"8":0,"9":0,"10":1},"f":{"0":1,"1":0},"b":{"0":[1,1],"1":[0,0]}}
,"C:\\VKR\\workflow-app\\auth-service\\types\\src\\index.ts": {"path":"C:\\VKR\\workflow-app\\auth-service\\types\\src\\index.ts","statementMap":{"0":{"start":{"line":1,"column":0},"end":{"line":1,"column":null}},"1":{"start":{"line":2,"column":0},"end":{"line":2,"column":null}},"2":{"start":{"line":3,"column":0},"end":{"line":3,"column":null}},"3":{"start":{"line":4,"column":0},"end":{"line":4,"column":null}},"4":{"start":{"line":5,"column":0},"end":{"line":5,"column":null}},"5":{"start":{"line":6,"column":0},"end":{"line":6,"column":null}},"6":{"start":{"line":7,"column":0},"end":{"line":7,"column":null}}},"fnMap":{},"branchMap":{},"s":{"0":1,"1":1,"2":1,"3":1,"4":1,"5":1,"6":1},"f":{},"b":{}}
,"C:\\VKR\\workflow-app\\auth-service\\types\\src\\notification.ts": {"path":"C:\\VKR\\workflow-app\\auth-service\\types\\src\\notification.ts","statementMap":{"0":{"start":{"line":13,"column":0},"end":{"line":13,"column":null}},"1":{"start":{"line":14,"column":2},"end":{"line":14,"column":null}},"2":{"start":{"line":15,"column":2},"end":{"line":15,"column":null}},"3":{"start":{"line":16,"column":2},"end":{"line":16,"column":null}},"4":{"start":{"line":17,"column":2},"end":{"line":17,"column":null}},"5":{"start":{"line":18,"column":2},"end":{"line":18,"column":null}}},"fnMap":{"0":{"name":"(anonymous_0)","decl":{"start":{"line":13,"column":0},"end":{"line":13,"column":12}},"loc":{"start":{"line":13,"column":28},"end":{"line":19,"column":1}}}},"branchMap":{"0":{"loc":{"start":{"line":13,"column":12},"end":{"line":13,"column":null}},"type":"binary-expr","locations":[{"start":{"line":13,"column":12},"end":{"line":13,"column":28}},{"start":{"line":13,"column":28},"end":{"line":13,"column":null}}]}},"s":{"0":1,"1":1,"2":1,"3":1,"4":1,"5":1},"f":{"0":1},"b":{"0":[1,1]}}
,"C:\\VKR\\workflow-app\\auth-service\\types\\src\\scrum.ts": {"path":"C:\\VKR\\workflow-app\\auth-service\\types\\src\\scrum.ts","statementMap":{"0":{"start":{"line":26,"column":0},"end":{"line":26,"column":null}},"1":{"start":{"line":27,"column":2},"end":{"line":27,"column":null}},"2":{"start":{"line":28,"column":2},"end":{"line":28,"column":null}},"3":{"start":{"line":31,"column":0},"end":{"line":31,"column":null}},"4":{"start":{"line":32,"column":2},"end":{"line":32,"column":null}},"5":{"start":{"line":33,"column":2},"end":{"line":33,"column":null}},"6":{"start":{"line":34,"column":2},"end":{"line":34,"column":null}},"7":{"start":{"line":54,"column":17},"end":{"line":54,"column":19}},"8":{"start":{"line":55,"column":17},"end":{"line":55,"column":19}},"9":{"start":{"line":58,"column":20},"end":{"line":58,"column":22}},"10":{"start":{"line":59,"column":26},"end":{"line":59,"column":28}},"11":{"start":{"line":60,"column":26},"end":{"line":60,"column":28}},"12":{"start":{"line":63,"column":4},"end":{"line":65,"column":null}},"13":{"start":{"line":64,"column":6},"end":{"line":64,"column":null}},"14":{"start":{"line":53,"column":0},"end":{"line":53,"column":13}},"15":{"start":{"line":70,"column":18},"end":{"line":70,"column":20}},"16":{"start":{"line":71,"column":18},"end":{"line":71,"column":20}},"17":{"start":{"line":74,"column":21},"end":{"line":74,"column":23}},"18":{"start":{"line":75,"column":27},"end":{"line":75,"column":29}},"19":{"start":{"line":76,"column":27},"end":{"line":76,"column":29}},"20":{"start":{"line":69,"column":0},"end":{"line":69,"column":13}}},"fnMap":{"0":{"name":"(anonymous_0)","decl":{"start":{"line":26,"column":0},"end":{"line":26,"column":12}},"loc":{"start":{"line":26,"column":22},"end":{"line":29,"column":1}}},"1":{"name":"(anonymous_1)","decl":{"start":{"line":31,"column":0},"end":{"line":31,"column":12}},"loc":{"start":{"line":31,"column":24},"end":{"line":35,"column":1}}},"2":{"name":"(anonymous_2)","decl":{"start":{"line":62,"column":2},"end":{"line":62,"column":14}},"loc":{"start":{"line":62,"column":45},"end":{"line":66,"column":null}}}},"branchMap":{"0":{"loc":{"start":{"line":26,"column":12},"end":{"line":26,"column":null}},"type":"binary-expr","locations":[{"start":{"line":26,"column":12},"end":{"line":26,"column":22}},{"start":{"line":26,"column":22},"end":{"line":26,"column":null}}]},"1":{"loc":{"start":{"line":31,"column":12},"end":{"line":31,"column":null}},"type":"binary-expr","locations":[{"start":{"line":31,"column":12},"end":{"line":31,"column":24}},{"start":{"line":31,"column":24},"end":{"line":31,"column":null}}]},"2":{"loc":{"start":{"line":63,"column":4},"end":{"line":65,"column":null}},"type":"if","locations":[{"start":{"line":63,"column":4},"end":{"line":65,"column":null}},{"start":{"line":63,"column":4},"end":{"line":65,"column":null}}]}},"s":{"0":1,"1":1,"2":1,"3":1,"4":1,"5":1,"6":1,"7":0,"8":0,"9":0,"10":0,"11":0,"12":0,"13":0,"14":1,"15":0,"16":0,"17":0,"18":0,"19":0,"20":1},"f":{"0":1,"1":1,"2":0},"b":{"0":[1,1],"1":[1,1],"2":[0,0]}}
,"C:\\VKR\\workflow-app\\auth-service\\types\\src\\task.ts": {"path":"C:\\VKR\\workflow-app\\auth-service\\types\\src\\task.ts","statementMap":{"0":{"start":{"line":23,"column":0},"end":{"line":23,"column":null}},"1":{"start":{"line":24,"column":2},"end":{"line":24,"column":null}},"2":{"start":{"line":25,"column":2},"end":{"line":25,"column":null}},"3":{"start":{"line":26,"column":2},"end":{"line":26,"column":null}},"4":{"start":{"line":27,"column":2},"end":{"line":27,"column":null}},"5":{"start":{"line":28,"column":2},"end":{"line":28,"column":null}},"6":{"start":{"line":29,"column":2},"end":{"line":29,"column":null}},"7":{"start":{"line":32,"column":0},"end":{"line":32,"column":null}},"8":{"start":{"line":33,"column":2},"end":{"line":33,"column":null}},"9":{"start":{"line":34,"column":2},"end":{"line":34,"column":null}},"10":{"start":{"line":35,"column":2},"end":{"line":35,"column":null}},"11":{"start":{"line":36,"column":2},"end":{"line":36,"column":null}},"12":{"start":{"line":40,"column":18},"end":{"line":40,"column":20}},"13":{"start":{"line":41,"column":24},"end":{"line":41,"column":26}},"14":{"start":{"line":42,"column":27},"end":{"line":42,"column":46}},"15":{"start":{"line":43,"column":23},"end":{"line":43,"column":38}},"16":{"start":{"line":44,"column":23},"end":{"line":44,"column":25}},"17":{"start":{"line":45,"column":23},"end":{"line":45,"column":25}},"18":{"start":{"line":46,"column":19},"end":{"line":46,"column":28}},"19":{"start":{"line":47,"column":22},"end":{"line":47,"column":31}},"20":{"start":{"line":48,"column":23},"end":{"line":48,"column":32}},"21":{"start":{"line":49,"column":19},"end":{"line":49,"column":21}},"22":{"start":{"line":50,"column":20},"end":{"line":50,"column":22}},"23":{"start":{"line":51,"column":29},"end":{"line":51,"column":33}},"24":{"start":{"line":54,"column":4},"end":{"line":56,"column":null}},"25":{"start":{"line":55,"column":6},"end":{"line":55,"column":null}},"26":{"start":{"line":57,"column":4},"end":{"line":57,"column":null}},"27":{"start":{"line":39,"column":0},"end":{"line":39,"column":13}},"28":{"start":{"line":61,"column":0},"end":{"line":61,"column":13}}},"fnMap":{"0":{"name":"(anonymous_0)","decl":{"start":{"line":23,"column":0},"end":{"line":23,"column":12}},"loc":{"start":{"line":23,"column":22},"end":{"line":30,"column":1}}},"1":{"name":"(anonymous_1)","decl":{"start":{"line":32,"column":0},"end":{"line":32,"column":12}},"loc":{"start":{"line":32,"column":24},"end":{"line":37,"column":1}}},"2":{"name":"(anonymous_2)","decl":{"start":{"line":53,"column":2},"end":{"line":53,"column":14}},"loc":{"start":{"line":53,"column":43},"end":{"line":58,"column":null}}}},"branchMap":{"0":{"loc":{"start":{"line":23,"column":12},"end":{"line":23,"column":null}},"type":"binary-expr","locations":[{"start":{"line":23,"column":12},"end":{"line":23,"column":22}},{"start":{"line":23,"column":22},"end":{"line":23,"column":null}}]},"1":{"loc":{"start":{"line":32,"column":12},"end":{"line":32,"column":null}},"type":"binary-expr","locations":[{"start":{"line":32,"column":12},"end":{"line":32,"column":24}},{"start":{"line":32,"column":24},"end":{"line":32,"column":null}}]},"2":{"loc":{"start":{"line":54,"column":4},"end":{"line":56,"column":null}},"type":"if","locations":[{"start":{"line":54,"column":4},"end":{"line":56,"column":null}},{"start":{"line":54,"column":4},"end":{"line":56,"column":null}}]},"3":{"loc":{"start":{"line":57,"column":18},"end":{"line":57,"column":48}},"type":"binary-expr","locations":[{"start":{"line":57,"column":18},"end":{"line":57,"column":29}},{"start":{"line":57,"column":33},"end":{"line":57,"column":48}}]}},"s":{"0":1,"1":1,"2":1,"3":1,"4":1,"5":1,"6":1,"7":1,"8":1,"9":1,"10":1,"11":1,"12":0,"13":0,"14":0,"15":0,"16":0,"17":0,"18":0,"19":0,"20":0,"21":0,"22":0,"23":0,"24":0,"25":0,"26":0,"27":1,"28":1},"f":{"0":1,"1":1,"2":0},"b":{"0":[1,1],"1":[1,1],"2":[0,0],"3":[0,0]}}
,"C:\\VKR\\workflow-app\\auth-service\\types\\src\\user.ts": {"path":"C:\\VKR\\workflow-app\\auth-service\\types\\src\\user.ts","statementMap":{"0":{"start":{"line":2,"column":0},"end":{"line":2,"column":null}},"1":{"start":{"line":13,"column":0},"end":{"line":13,"column":null}},"2":{"start":{"line":14,"column":2},"end":{"line":14,"column":null}},"3":{"start":{"line":15,"column":2},"end":{"line":15,"column":null}},"4":{"start":{"line":20,"column":18},"end":{"line":20,"column":20}},"5":{"start":{"line":23,"column":21},"end":{"line":23,"column":23}},"6":{"start":{"line":26,"column":4},"end":{"line":28,"column":null}},"7":{"start":{"line":27,"column":6},"end":{"line":27,"column":null}},"8":{"start":{"line":18,"column":0},"end":{"line":18,"column":13}},"9":{"start":{"line":20,"column":2},"end":{"line":20,"column":null}},"10":{"start":{"line":23,"column":2},"end":{"line":23,"column":null}},"11":{"start":{"line":34,"column":18},"end":{"line":34,"column":20}},"12":{"start":{"line":39,"column":21},"end":{"line":39,"column":23}},"13":{"start":{"line":45,"column":17},"end":{"line":45,"column":19}},"14":{"start":{"line":48,"column":4},"end":{"line":50,"column":null}},"15":{"start":{"line":49,"column":6},"end":{"line":49,"column":null}},"16":{"start":{"line":32,"column":0},"end":{"line":32,"column":13}},"17":{"start":{"line":34,"column":2},"end":{"line":34,"column":null}},"18":{"start":{"line":39,"column":2},"end":{"line":39,"column":null}},"19":{"start":{"line":45,"column":2},"end":{"line":45,"column":null}},"20":{"start":{"line":54,"column":0},"end":{"line":54,"column":13}},"21":{"start":{"line":57,"column":2},"end":{"line":57,"column":null}}},"fnMap":{"0":{"name":"(anonymous_2)","decl":{"start":{"line":13,"column":0},"end":{"line":13,"column":12}},"loc":{"start":{"line":13,"column":20},"end":{"line":16,"column":1}}},"1":{"name":"(anonymous_3)","decl":{"start":{"line":25,"column":2},"end":{"line":25,"column":14}},"loc":{"start":{"line":25,"column":38},"end":{"line":29,"column":null}}},"2":{"name":"(anonymous_4)","decl":{"start":{"line":47,"column":2},"end":{"line":47,"column":14}},"loc":{"start":{"line":47,"column":41},"end":{"line":51,"column":null}}}},"branchMap":{"0":{"loc":{"start":{"line":13,"column":12},"end":{"line":13,"column":null}},"type":"binary-expr","locations":[{"start":{"line":13,"column":12},"end":{"line":13,"column":20}},{"start":{"line":13,"column":20},"end":{"line":13,"column":null}}]},"1":{"loc":{"start":{"line":26,"column":4},"end":{"line":28,"column":null}},"type":"if","locations":[{"start":{"line":26,"column":4},"end":{"line":28,"column":null}},{"start":{"line":26,"column":4},"end":{"line":28,"column":null}}]},"2":{"loc":{"start":{"line":48,"column":4},"end":{"line":50,"column":null}},"type":"if","locations":[{"start":{"line":48,"column":4},"end":{"line":50,"column":null}},{"start":{"line":48,"column":4},"end":{"line":50,"column":null}}]}},"s":{"0":1,"1":1,"2":1,"3":1,"4":0,"5":0,"6":0,"7":0,"8":1,"9":1,"10":1,"11":0,"12":0,"13":0,"14":0,"15":0,"16":1,"17":1,"18":1,"19":1,"20":1,"21":1},"f":{"0":1,"1":0,"2":0},"b":{"0":[1,1],"1":[0,0],"2":[0,0]}}
}
