TN:
SF:src\user.entity.ts
FNF:0
FNH:0
DA:2,1
DA:3,1
DA:6,1
DA:8,1
DA:11,1
DA:14,1
DA:17,1
DA:24,1
DA:27,1
LF:9
LH:9
BRDA:24,0,0,0
BRDA:24,0,1,1
BRDA:24,1,0,1
BRDA:24,1,1,1
BRDA:27,2,0,1
BRDA:27,2,1,0
BRDA:27,3,0,1
BRDA:27,3,1,1
BRF:8
BRH:6
end_of_record
TN:
SF:src\auth\auth.service.ts
FN:15,(anonymous_4)
FN:21,(anonymous_5)
FN:67,(anonymous_6)
FN:79,(anonymous_7)
FN:82,(anonymous_8)
FN:93,(anonymous_9)
FN:135,(anonymous_10)
FN:139,(anonymous_11)
FN:148,(anonymous_12)
FN:157,(anonymous_13)
FNF:10
FNH:2
FNDA:1,(anonymous_4)
FNDA:33,(anonymous_5)
FNDA:0,(anonymous_6)
FNDA:0,(anonymous_7)
FNDA:0,(anonymous_8)
FNDA:0,(anonymous_9)
FNDA:0,(anonymous_10)
FNDA:0,(anonymous_11)
FNDA:0,(anonymous_12)
FNDA:0,(anonymous_13)
DA:4,1
DA:5,1
DA:6,1
DA:7,1
DA:8,1
DA:9,1
DA:14,1
DA:17,1
DA:18,1
DA:22,33
DA:23,33
DA:24,25
DA:28,8
DA:29,8
DA:30,2
DA:33,6
DA:34,6
DA:37,0
DA:43,0
DA:45,0
DA:47,0
DA:49,0
DA:54,0
DA:56,0
DA:63,0
DA:64,0
DA:68,0
DA:72,0
DA:73,0
DA:76,0
DA:80,0
DA:83,0
DA:84,0
DA:88,0
DA:89,0
DA:97,0
DA:99,0
DA:103,0
DA:104,0
DA:109,0
DA:110,0
DA:114,0
DA:115,0
DA:117,0
DA:118,0
DA:119,0
DA:122,0
DA:128,0
DA:129,0
DA:131,0
DA:136,0
DA:140,0
DA:141,0
DA:142,0
DA:144,0
DA:145,0
DA:149,0
DA:154,0
DA:158,0
DA:160,0
DA:161,0
DA:165,0
DA:167,0
LF:63
LH:17
BRDA:23,0,0,25
BRDA:23,0,1,8
BRDA:29,1,0,2
BRDA:29,1,1,6
BRDA:29,2,0,8
BRDA:29,2,1,6
BRDA:33,3,0,6
BRDA:33,3,1,0
BRDA:33,4,0,6
BRDA:33,4,1,0
BRDA:43,5,0,0
BRDA:43,5,1,0
BRDA:72,6,0,0
BRDA:72,6,1,0
BRDA:97,7,0,0
BRDA:97,7,1,0
BRDA:103,8,0,0
BRDA:103,8,1,0
BRDA:114,9,0,0
BRDA:114,9,1,0
BRDA:118,10,0,0
BRDA:118,10,1,0
BRDA:141,11,0,0
BRDA:141,11,1,0
BRDA:160,12,0,0
BRDA:160,12,1,0
BRDA:17,13,0,1
BRDA:17,13,1,0
BRDA:17,14,0,1
BRDA:17,14,1,1
BRDA:17,15,0,1
BRDA:17,15,1,0
BRDA:17,16,0,1
BRDA:17,16,1,1
BRF:34
BRH:14
end_of_record
TN:
SF:src\fuzz\auth.fuzz.ts
FN:25,(anonymous_0)
FN:35,(anonymous_1)
FN:40,(anonymous_2)
FN:51,(anonymous_3)
FN:56,(anonymous_4)
FN:69,(anonymous_5)
FN:77,(anonymous_6)
FN:81,(anonymous_7)
FN:107,(anonymous_8)
FN:137,(anonymous_9)
FNF:10
FNH:7
FNDA:0,(anonymous_0)
FNDA:7,(anonymous_1)
FNDA:1,(anonymous_2)
FNDA:1,(anonymous_3)
FNDA:1,(anonymous_4)
FNDA:0,(anonymous_5)
FNDA:1,(anonymous_6)
FNDA:33,(anonymous_7)
FNDA:0,(anonymous_8)
FNDA:33,(anonymous_9)
DA:14,1
DA:15,1
DA:17,1
DA:18,1
DA:19,1
DA:25,1
DA:26,0
DA:27,0
DA:28,0
DA:30,0
DA:35,1
DA:36,7
DA:40,1
DA:41,1
DA:42,1
DA:43,1
DA:44,0
DA:46,1
DA:51,1
DA:56,1
DA:57,1
DA:59,1
DA:65,1
DA:69,1
DA:71,1
DA:77,1
DA:78,1
DA:81,1
DA:82,33
DA:84,33
DA:85,33
DA:86,33
DA:89,33
DA:91,6
DA:92,0
DA:96,33
DA:98,1
DA:101,33
DA:103,7
DA:106,33
DA:107,33
DA:114,33
DA:123,33
DA:125,33
DA:126,33
DA:127,0
DA:130,33
DA:137,33
DA:138,33
DA:142,33
DA:143,0
LF:51
LH:43
BRDA:89,0,0,6
BRDA:89,0,1,27
BRDA:91,1,0,0
BRDA:91,1,1,6
BRDA:91,2,0,6
BRDA:91,2,1,6
BRDA:96,3,0,1
BRDA:96,3,1,32
BRDA:101,4,0,7
BRDA:101,4,1,26
BRDA:138,5,0,33
BRDA:138,5,1,33
BRDA:142,6,0,0
BRDA:142,6,1,33
BRF:14
BRH:12
end_of_record
TN:
SF:types\src\board.ts
FN:15,(anonymous_0)
FN:34,(anonymous_1)
FNF:2
FNH:1
FNDA:1,(anonymous_0)
FNDA:0,(anonymous_1)
DA:15,1
DA:16,1
DA:17,1
DA:27,1
DA:28,0
DA:29,0
DA:30,0
DA:31,0
DA:32,0
DA:35,0
DA:36,0
LF:11
LH:4
BRDA:15,0,0,1
BRDA:15,0,1,1
BRDA:35,1,0,0
BRDA:35,1,1,0
BRF:4
BRH:2
end_of_record
TN:
SF:types\src\index.ts
FNF:0
FNH:0
DA:1,1
DA:2,1
DA:3,1
DA:4,1
DA:5,1
DA:6,1
DA:7,1
LF:7
LH:7
BRF:0
BRH:0
end_of_record
TN:
SF:types\src\notification.ts
FN:13,(anonymous_0)
FNF:1
FNH:1
FNDA:1,(anonymous_0)
DA:13,1
DA:14,1
DA:15,1
DA:16,1
DA:17,1
DA:18,1
LF:6
LH:6
BRDA:13,0,0,1
BRDA:13,0,1,1
BRF:2
BRH:2
end_of_record
TN:
SF:types\src\scrum.ts
FN:26,(anonymous_0)
FN:31,(anonymous_1)
FN:62,(anonymous_2)
FNF:3
FNH:2
FNDA:1,(anonymous_0)
FNDA:1,(anonymous_1)
FNDA:0,(anonymous_2)
DA:26,1
DA:27,1
DA:28,1
DA:31,1
DA:32,1
DA:33,1
DA:34,1
DA:53,1
DA:54,0
DA:55,0
DA:58,0
DA:59,0
DA:60,0
DA:63,0
DA:64,0
DA:69,1
DA:70,0
DA:71,0
DA:74,0
DA:75,0
DA:76,0
LF:21
LH:9
BRDA:26,0,0,1
BRDA:26,0,1,1
BRDA:31,1,0,1
BRDA:31,1,1,1
BRDA:63,2,0,0
BRDA:63,2,1,0
BRF:6
BRH:4
end_of_record
TN:
SF:types\src\task.ts
FN:23,(anonymous_0)
FN:32,(anonymous_1)
FN:53,(anonymous_2)
FNF:3
FNH:2
FNDA:1,(anonymous_0)
FNDA:1,(anonymous_1)
FNDA:0,(anonymous_2)
DA:23,1
DA:24,1
DA:25,1
DA:26,1
DA:27,1
DA:28,1
DA:29,1
DA:32,1
DA:33,1
DA:34,1
DA:35,1
DA:36,1
DA:39,1
DA:40,0
DA:41,0
DA:42,0
DA:43,0
DA:44,0
DA:45,0
DA:46,0
DA:47,0
DA:48,0
DA:49,0
DA:50,0
DA:51,0
DA:54,0
DA:55,0
DA:57,0
DA:61,1
LF:29
LH:14
BRDA:23,0,0,1
BRDA:23,0,1,1
BRDA:32,1,0,1
BRDA:32,1,1,1
BRDA:54,2,0,0
BRDA:54,2,1,0
BRDA:57,3,0,0
BRDA:57,3,1,0
BRF:8
BRH:4
end_of_record
TN:
SF:types\src\user.ts
FN:13,(anonymous_2)
FN:25,(anonymous_3)
FN:47,(anonymous_4)
FNF:3
FNH:1
FNDA:1,(anonymous_2)
FNDA:0,(anonymous_3)
FNDA:0,(anonymous_4)
DA:2,1
DA:13,1
DA:14,1
DA:15,1
DA:18,1
DA:20,1
DA:23,1
DA:26,0
DA:27,0
DA:32,1
DA:34,1
DA:39,1
DA:45,1
DA:48,0
DA:49,0
DA:54,1
DA:57,1
LF:17
LH:13
BRDA:13,0,0,1
BRDA:13,0,1,1
BRDA:26,1,0,0
BRDA:26,1,1,0
BRDA:48,2,0,0
BRDA:48,2,1,0
BRF:6
BRH:2
end_of_record
